Using launch settings from TicketBooking.Api\Properties\launchSettings.json...
Building...
[00:56:52 INF] Ensured user 'qlnx' with role 'QLNX'.
[00:56:52 INF] Ensured user 'qlks' with role 'QLKS'.
[00:56:52 INF] Ensured user 'qlvt' with role 'QLVT'.
[00:56:52 INF] Ensured user 'qlvmm' with role 'QLVMM'.
[00:56:52 INF] Ensured user 'qltour' with role 'QLTour'.
[00:56:52 INF] Ensured user 'scanner_nx' with role 'Customer'.
[00:56:52 INF] Ensured user 'customer' with role 'Customer'.
[00:56:52 INF] Identity seed completed.
[00:56:52 INF] Tenant NX001 already exists.
[00:56:52 INF] Tenant VT001 already exists.
[00:56:52 INF] Tenant VMM001 already exists.
[00:56:52 INF] Tenant KS001 already exists.
[00:56:52 INF] Tenant TOUR001 already exists.
[00:56:52 INF] Tenants seed completed (NX001/VT001/VMM001/KS001/TOUR001).
[00:56:52 INF] Permissions seed completed.
[00:56:53 INF] BUS demo seed completed for tenant NX001.
[00:56:53 INF] TRAIN demo seed completed for tenant VT001.
[00:56:54 INF] Flight demo seed completed for tenant VMM001.
[00:56:54 INF] CmsDemoSeed completed for tenant NX001.
[00:56:54 INF] Hotel demo seed starting for 6 tenant(s). Days=14
[00:56:54 INF] Tenant KS001: Hotel HTL_KS001_DEMO_01 already exists. Skipping core hotel create.
[00:56:56 INF] Tenant KS001: Hotel seed OK (HTL_KS001_DEMO_01)
[00:56:56 INF] Tenant NX001: Hotel HTL_NX001_DEMO_01 already exists. Skipping core hotel create.
[00:56:56 INF] Tenant NX001: Hotel seed OK (HTL_NX001_DEMO_01)
[00:56:56 INF] Tenant TEST001: Hotel HTL_TEST001_DEMO_01 already exists. Skipping core hotel create.
[00:56:56 INF] Tenant TEST001: Hotel seed OK (HTL_TEST001_DEMO_01)
[00:56:56 INF] Tenant TOUR001: Hotel HTL_TOUR001_DEMO_01 already exists. Skipping core hotel create.
[00:56:56 INF] Tenant TOUR001: Hotel seed OK (HTL_TOUR001_DEMO_01)
[00:56:56 INF] Tenant VMM001: Hotel HTL_VMM001_DEMO_01 already exists. Skipping core hotel create.
[00:56:56 INF] Tenant VMM001: Hotel seed OK (HTL_VMM001_DEMO_01)
[00:56:56 INF] Tenant VT001: Hotel HTL_VT001_DEMO_01 already exists. Skipping core hotel create.
[00:56:56 INF] Tenant VT001: Hotel seed OK (HTL_VT001_DEMO_01)
[00:56:56 INF] Hotel demo seed finished.
[00:56:57 INF] Now listening on: http://127.0.0.1:5183
[00:56:57 INF] Application started. Press Ctrl+C to shut down.
[00:56:57 INF] Hosting environment: Development
[00:56:57 INF] Content root path: D:\FPT\TicketBooking.V3\TicketBooking.Api
[00:59:00 WRN] Failed to determine the https port for redirect.
[00:59:00 INF] HTTP PUT /api/v1.0/qlks/room-types/4d2f4bef-d98a-4a0c-863b-2c77e4d56968 responded 200 in 267.3959 ms
[00:59:01 INF] HTTP PUT /api/v1.0/qlks/room-types/4d2f4bef-d98a-4a0c-863b-2c77e4d56968 responded 200 in 25.2188 ms
[00:59:01 INF] HTTP PUT /api/v1.0/qlks/rate-plans/f4919a8c-cd11-494c-a305-d45460c3a719 responded 200 in 85.6449 ms
[00:59:01 INF] HTTP PUT /api/v1.0/qlks/rate-plans/f4919a8c-cd11-494c-a305-d45460c3a719 responded 200 in 16.7674 ms
[00:59:01 INF] HTTP PUT /api/v1.0/admin/hotel-amenities/hotels/052eaa5e-e666-4fa8-9ff1-53b759cbec82/links responded 200 in 78.7387 ms
[00:59:01 INF] HTTP PUT /api/v1.0/admin/hotel-amenities/hotels/052eaa5e-e666-4fa8-9ff1-53b759cbec82/links responded 200 in 10.7351 ms
[00:59:01 WRN] Savepoints are disabled because Multiple Active Result Sets (MARS) is enabled. If 'SaveChanges' fails, then the transaction cannot be automatically rolled back to a known clean state. Instead, the transaction should be rolled back by the application before retrying 'SaveChanges'. See https://go.microsoft.com/fwlink/?linkid=2149338 for more information and examples. To identify the code which triggers this warning, call 'ConfigureWarnings(w => w.Throw(SqlServerEventId.SavepointsDisabledBecauseOfMARS))'.
[00:59:01 INF] HTTP POST /api/v1.0/admin/hotel-contacts responded 201 in 84.1995 ms
[00:59:01 INF] HTTP PUT /api/v1.0/admin/bed-types/room-types/72b54313-850e-49e2-89bc-857fc7f96b44/links responded 200 in 24.6561 ms
[00:59:01 INF] HTTP PUT /api/v1.0/admin/bed-types/room-types/72b54313-850e-49e2-89bc-857fc7f96b44/links responded 200 in 9.2845 ms
[00:59:01 INF] HTTP PUT /api/v1.0/admin/meal-plans/room-types/72b54313-850e-49e2-89bc-857fc7f96b44/links responded 200 in 48.9431 ms
[00:59:01 INF] HTTP PUT /api/v1.0/admin/meal-plans/room-types/72b54313-850e-49e2-89bc-857fc7f96b44/links responded 200 in 8.8398 ms
[00:59:01 INF] HTTP PUT /api/v1.0/admin/room-amenities/room-types/72b54313-850e-49e2-89bc-857fc7f96b44/links responded 200 in 18.5638 ms
[00:59:01 INF] HTTP PUT /api/v1.0/admin/room-amenities/room-types/72b54313-850e-49e2-89bc-857fc7f96b44/links responded 200 in 8.2541 ms
[00:59:01 INF] HTTP PUT /api/v1.0/admin/room-types/72b54313-850e-49e2-89bc-857fc7f96b44 responded 200 in 41.0857 ms
[00:59:01 INF] HTTP PUT /api/v1.0/admin/room-types/72b54313-850e-49e2-89bc-857fc7f96b44 responded 200 in 11.1067 ms
[00:59:01 INF] HTTP PUT /api/v1.0/admin/rate-plans/c815d73e-d4f7-44c6-a0f6-509fc0c9a8b5 responded 200 in 35.7181 ms
[00:59:01 INF] HTTP PUT /api/v1.0/admin/rate-plans/c815d73e-d4f7-44c6-a0f6-509fc0c9a8b5 responded 200 in 11.0511 ms
[00:59:01 INF] HTTP POST /api/v1.0/admin/room-type-images/56f52c85-1a4f-4013-a40a-59037ed4c064/deactivate responded 200 in 63.9076 ms
[00:59:01 INF] HTTP POST /api/v1.0/admin/room-type-images/56f52c85-1a4f-4013-a40a-59037ed4c064/set-primary responded 400 in 15.0617 ms
[00:59:01 INF] HTTP POST /api/v1.0/admin/room-type-images/56f52c85-1a4f-4013-a40a-59037ed4c064/activate responded 200 in 8.8167 ms
[00:59:56 INF] HTTP POST /api/v1.0/admin/bed-types responded 201 in 30.8590 ms
[00:59:56 INF] HTTP POST /api/v1.0/admin/meal-plans responded 201 in 19.2883 ms
[00:59:56 INF] HTTP PUT /api/v1.0/admin/hotel-reviews/1cc52ceb-a603-41ca-9892-7b5dcafae36a responded 200 in 17.1339 ms
