Using launch settings from d:\FPT\TicketBooking.V3\TicketBooking.Api\Properties\launchSettings.json...
Building...
[12:59:05 INF] Ensured user 'qlnx' with role 'QLNX'.
[12:59:05 INF] Ensured user 'qlks' with role 'QLKS'.
[12:59:05 INF] Ensured user 'qlvt' with role 'QLVT'.
[12:59:05 INF] Ensured user 'qlvmm' with role 'QLVMM'.
[12:59:05 INF] Ensured user 'qltour' with role 'QLTour'.
[12:59:05 INF] Ensured user 'scanner_nx' with role 'Customer'.
[12:59:05 INF] Ensured user 'customer' with role 'Customer'.
[12:59:05 INF] Identity seed completed.
[12:59:06 INF] Tenant NX001 already exists.
[12:59:06 INF] Tenant VT001 already exists.
[12:59:06 INF] Tenant VMM001 already exists.
[12:59:06 INF] Tenant KS001 already exists.
[12:59:06 INF] Tenant TOUR001 already exists.
[12:59:06 INF] Updated tenant link 'qlnx' -> tenant 16604939-0d6a-4a9d-b828-6e9797dd1ffd.
[12:59:06 INF] Updated tenant link 'admin' -> tenant 16604939-0d6a-4a9d-b828-6e9797dd1ffd.
[12:59:06 INF] Updated tenant link 'qlvt' -> tenant 8f759d36-942d-4666-bda8-195ccfc7939a.
[12:59:06 INF] Updated tenant link 'admin' -> tenant 8f759d36-942d-4666-bda8-195ccfc7939a.
[12:59:06 INF] Updated tenant link 'qlvmm' -> tenant 47997b25-a35b-4291-a7ca-2521e14ea6e4.
[12:59:06 INF] Updated tenant link 'admin' -> tenant 47997b25-a35b-4291-a7ca-2521e14ea6e4.
[12:59:06 INF] Updated tenant link 'qlks' -> tenant 32110ffc-3d5b-409b-8bbb-8fb3286d9cc7.
[12:59:06 INF] Updated tenant link 'admin' -> tenant 32110ffc-3d5b-409b-8bbb-8fb3286d9cc7.
[12:59:06 INF] Updated tenant link 'qltour' -> tenant dfb80807-d1db-43b0-a62f-9b744f1dde4f.
[12:59:06 INF] Updated tenant link 'admin' -> tenant dfb80807-d1db-43b0-a62f-9b744f1dde4f.
[12:59:06 INF] Tenants seed completed (NX001/VT001/VMM001/KS001/TOUR001).
[12:59:06 INF] Permissions seed completed.
[12:59:06 INF] Tenant system role seed completed.
[12:59:06 INF] Updated TenantUser link 'customer' -> tenant 16604939-0d6a-4a9d-b828-6e9797dd1ffd.
[12:59:06 INF] Updated TenantUser link 'scanner_nx' -> tenant 16604939-0d6a-4a9d-b828-6e9797dd1ffd.
[12:59:06 INF] TenantRoles seed completed for NX001.
[12:59:07 INF] BUS demo seed completed for tenant NX001.
[12:59:07 INF] TRAIN demo seed completed for tenant VT001.
[12:59:08 INF] Flight demo seed completed for tenant VMM001.
[12:59:08 INF] CmsDemoSeed completed for tenant NX001.
[12:59:08 INF] Hotel demo seed starting for 6 tenant(s). Days=14
[12:59:08 INF] Tenant KS001: Hotel HTL_KS001_DEMO_01 already exists. Skipping core hotel create.
[12:59:09 INF] Tenant KS001: Hotel seed OK (HTL_KS001_DEMO_01)
[12:59:09 INF] Tenant NX001: Hotel HTL_NX001_DEMO_01 already exists. Skipping core hotel create.
[12:59:09 INF] Tenant NX001: Hotel seed OK (HTL_NX001_DEMO_01)
[12:59:09 INF] Tenant TEST001: Hotel HTL_TEST001_DEMO_01 already exists. Skipping core hotel create.
[12:59:09 INF] Tenant TEST001: Hotel seed OK (HTL_TEST001_DEMO_01)
[12:59:09 INF] Tenant TOUR001: Hotel HTL_TOUR001_DEMO_01 already exists. Skipping core hotel create.
[12:59:09 INF] Tenant TOUR001: Hotel seed OK (HTL_TOUR001_DEMO_01)
[12:59:09 INF] Tenant VMM001: Hotel HTL_VMM001_DEMO_01 already exists. Skipping core hotel create.
[12:59:09 INF] Tenant VMM001: Hotel seed OK (HTL_VMM001_DEMO_01)
[12:59:09 INF] Tenant VT001: Hotel HTL_VT001_DEMO_01 already exists. Skipping core hotel create.
[12:59:10 INF] Tenant VT001: Hotel seed OK (HTL_VT001_DEMO_01)
[12:59:10 INF] Hotel demo seed finished.
[12:59:10 INF] Now listening on: http://127.0.0.1:5190
[12:59:10 INF] Application started. Press Ctrl+C to shut down.
[12:59:10 INF] Hosting environment: Development
[12:59:10 INF] Content root path: d:\FPT\TicketBooking.V3\TicketBooking.Api
[12:59:51 WRN] Failed to determine the https port for redirect.
[12:59:51 INF] HTTP GET /api/v1/cms/categories/tin-tuc responded 200 in 197.0274 ms
[12:59:51 INF] HTTP POST /api/v1/auth/login responded 200 in 197.8729 ms
[12:59:51 INF] HTTP GET /api/v1/cms/tags/an-toan responded 200 in 49.0211 ms
[12:59:51 INF] HTTP GET /api/v1/manager/cms/options responded 200 in 130.2526 ms
[12:59:51 INF] HTTP POST /api/v1/manager/cms/posts responded 200 in 132.6977 ms
[12:59:51 INF] HTTP POST /api/v1/manager/cms/posts/8c426964-0d8d-4d26-820f-7564456aeff5/publish responded 200 in 45.3855 ms
[12:59:51 INF] HTTP GET /api/v1/manager/cms/posts/8c426964-0d8d-4d26-820f-7564456aeff5 responded 200 in 47.9684 ms
[12:59:51 INF] HTTP GET /api/v1/manager/cms/posts responded 200 in 74.1090 ms
[12:59:51 INF] HTTP GET /api/v1/cms/posts/=NX001&bumpView=true responded 400 in 13.6152 ms
[13:00:03 INF] HTTP GET /api/v1/cms/news-index responded 200 in 31.8785 ms
[13:00:03 INF] HTTP GET /api/v1/cms/posts/=NX001&bumpView=true responded 400 in 1.3430 ms
[13:00:15 INF] HTTP GET /api/v1/cms/news-index responded 200 in 7.7039 ms
[13:00:15 INF] HTTP GET /api/v1/cms/site-info responded 200 in 14.0253 ms
[13:00:15 INF] HTTP GET /api/v1/cms/posts/phase4-cms-smoke-1775714391 responded 200 in 76.9801 ms
[13:00:58 INF] HTTP POST /api/v1/auth/login responded 200 in 80.8479 ms
[13:00:58 INF] HTTP POST /api/v1/manager/cms/seo-audit/draft responded 200 in 32.9116 ms
[13:00:58 INF] HTTP POST /api/v1/auth/login responded 200 in 72.6832 ms
[13:00:58 INF] HTTP POST /api/v1/auth/login responded 200 in 63.2940 ms
[13:00:59 INF] HTTP GET /api/v1/manager/cms/site-settings responded 200 in 18.1223 ms
[13:00:59 INF] HTTP POST /api/v1/manager/cms/preview responded 200 in 33.7387 ms
[13:00:59 INF] HTTP POST /api/v1/manager/cms/categories responded 200 in 20.7716 ms
[13:00:59 INF] HTTP PUT /api/v1/manager/cms/site-settings responded 200 in 25.6713 ms
[13:00:59 INF] HTTP POST /api/v1/manager/cms/tags responded 200 in 21.6755 ms
[13:00:59 INF] HTTP POST /api/v1/manager/cms/redirects responded 200 in 37.0806 ms
[13:00:59 INF] HTTP POST /api/v1/manager/cms/media-assets responded 200 in 77.1286 ms
[13:00:59 INF] HTTP GET /api/v1/manager/cms/options responded 200 in 26.5132 ms
[13:01:21 INF] HTTP POST /api/v1/auth/login responded 200 in 65.1777 ms
[13:01:21 INF] HTTP POST /api/v1/manager/cms/seo-audit/draft responded 200 in 7.5318 ms
[13:04:32 INF] HTTP POST /api/v1/auth/login responded 200 in 84.4044 ms
[13:04:32 INF] HTTP GET /api/v1/manager/cms/posts responded 200 in 37.8915 ms
[13:05:23 INF] HTTP GET /api/v1/cms/resolve-redirect responded 301 in 51.8642 ms
[13:05:23 INF] HTTP POST /api/v1/auth/login responded 200 in 116.2039 ms
[13:05:23 INF] HTTP GET /api/v1/manager/cms/options responded 200 in 22.5118 ms
