Using launch settings from d:\FPT\TicketBooking.V3\TicketBooking.Api\Properties\launchSettings.json...
Building...
[15:29:31 INF] Ensured user 'qlnx' with role 'QLNX'.
[15:29:31 INF] Ensured user 'qlks' with role 'QLKS'.
[15:29:31 INF] Ensured user 'qlvt' with role 'QLVT'.
[15:29:31 INF] Ensured user 'qlvmm' with role 'QLVMM'.
[15:29:31 INF] Ensured user 'qltour' with role 'QLTour'.
[15:29:31 INF] Ensured user 'scanner_nx' with role 'Customer'.
[15:29:31 INF] Ensured user 'customer' with role 'Customer'.
[15:29:31 INF] Identity seed completed.
[15:29:31 INF] Tenant NX001 already exists.
[15:29:31 INF] Tenant VT001 already exists.
[15:29:31 INF] Tenant VMM001 already exists.
[15:29:31 INF] Tenant KS001 already exists.
[15:29:31 INF] Tenant TOUR001 already exists.
[15:29:31 INF] Updated tenant link 'qlnx' -> tenant 16604939-0d6a-4a9d-b828-6e9797dd1ffd.
[15:29:31 INF] Updated tenant link 'admin' -> tenant 16604939-0d6a-4a9d-b828-6e9797dd1ffd.
[15:29:31 INF] Updated tenant link 'qlvt' -> tenant 8f759d36-942d-4666-bda8-195ccfc7939a.
[15:29:31 INF] Updated tenant link 'admin' -> tenant 8f759d36-942d-4666-bda8-195ccfc7939a.
[15:29:31 INF] Updated tenant link 'qlvmm' -> tenant 47997b25-a35b-4291-a7ca-2521e14ea6e4.
[15:29:31 INF] Updated tenant link 'admin' -> tenant 47997b25-a35b-4291-a7ca-2521e14ea6e4.
[15:29:31 INF] Updated tenant link 'qlks' -> tenant 32110ffc-3d5b-409b-8bbb-8fb3286d9cc7.
[15:29:31 INF] Updated tenant link 'admin' -> tenant 32110ffc-3d5b-409b-8bbb-8fb3286d9cc7.
[15:29:31 INF] Updated tenant link 'qltour' -> tenant dfb80807-d1db-43b0-a62f-9b744f1dde4f.
[15:29:31 INF] Updated tenant link 'admin' -> tenant dfb80807-d1db-43b0-a62f-9b744f1dde4f.
[15:29:31 INF] Tenants seed completed (NX001/VT001/VMM001/KS001/TOUR001).
[15:29:31 INF] Permissions seed completed.
[15:29:32 INF] Tenant system role seed completed.
[15:29:32 INF] Updated TenantUser link 'customer' -> tenant 16604939-0d6a-4a9d-b828-6e9797dd1ffd.
[15:29:32 INF] Updated TenantUser link 'scanner_nx' -> tenant 16604939-0d6a-4a9d-b828-6e9797dd1ffd.
[15:29:32 INF] TenantRoles seed completed for NX001.
[15:29:32 INF] BUS demo seed completed for tenant NX001.
[15:29:33 INF] TRAIN demo seed completed for tenant VT001.
[15:29:34 INF] Flight demo seed completed for tenant VMM001.
[15:29:34 INF] CmsDemoSeed completed for tenant NX001.
[15:29:34 INF] Hotel demo seed starting for 6 tenant(s). Days=14
[15:29:34 INF] Tenant KS001: Hotel HTL_KS001_DEMO_01 already exists. Skipping core hotel create.
[15:29:35 INF] Tenant KS001: Hotel seed OK (HTL_KS001_DEMO_01)
[15:29:35 INF] Tenant NX001: Hotel HTL_NX001_DEMO_01 already exists. Skipping core hotel create.
[15:29:35 INF] Tenant NX001: Hotel seed OK (HTL_NX001_DEMO_01)
[15:29:35 INF] Tenant TEST001: Hotel HTL_TEST001_DEMO_01 already exists. Skipping core hotel create.
[15:29:35 INF] Tenant TEST001: Hotel seed OK (HTL_TEST001_DEMO_01)
[15:29:35 INF] Tenant TOUR001: Hotel HTL_TOUR001_DEMO_01 already exists. Skipping core hotel create.
[15:29:36 INF] Tenant TOUR001: Hotel seed OK (HTL_TOUR001_DEMO_01)
[15:29:36 INF] Tenant VMM001: Hotel HTL_VMM001_DEMO_01 already exists. Skipping core hotel create.
[15:29:36 INF] Tenant VMM001: Hotel seed OK (HTL_VMM001_DEMO_01)
[15:29:36 INF] Tenant VT001: Hotel HTL_VT001_DEMO_01 already exists. Skipping core hotel create.
[15:29:36 INF] Tenant VT001: Hotel seed OK (HTL_VT001_DEMO_01)
[15:29:36 INF] Hotel demo seed finished.
[15:29:36 INF] Now listening on: http://127.0.0.1:5190
[15:29:36 INF] Application started. Press Ctrl+C to shut down.
[15:29:36 INF] Hosting environment: Development
[15:29:36 INF] Content root path: d:\FPT\TicketBooking.V3\TicketBooking.Api
[15:30:12 WRN] Failed to determine the https port for redirect.
[15:30:12 INF] HTTP POST /api/v1/auth/login responded 200 in 334.7398 ms
[15:30:12 INF] HTTP GET /api/v1/manager/cms/posts responded 200 in 190.1245 ms
[15:30:12 INF] HTTP GET /api/v1/manager/cms/categories responded 200 in 39.6849 ms
[15:30:12 INF] HTTP GET /api/v1/manager/cms/tags responded 200 in 26.8049 ms
[15:30:12 INF] HTTP GET /api/v1/manager/cms/site-settings responded 200 in 25.0569 ms
[15:30:12 INF] HTTP GET /api/v1/manager/cms/preview/posts/966aad51-55af-41c6-842c-a1399c8e60d1 responded 200 in 73.9187 ms
[15:30:13 INF] HTTP GET /api/v1/manager/cms/seo-audit/posts/966aad51-55af-41c6-842c-a1399c8e60d1 responded 200 in 36.1812 ms
[15:30:13 INF] HTTP GET /api/v1/manager/cms/posts/966aad51-55af-41c6-842c-a1399c8e60d1/revisions responded 200 in 26.7838 ms
[15:30:36 INF] HTTP POST /api/v1/auth/login responded 200 in 96.0700 ms
[15:30:36 INF] HTTP POST /api/v1/manager/cms/posts responded 200 in 81.6378 ms
[15:30:36 INF] HTTP PUT /api/v1/manager/cms/posts/6c2e3ed1-48f9-4a0d-916a-5a6690b92790 responded 200 in 45.0717 ms
[15:30:36 INF] HTTP GET /api/v1/manager/cms/posts/6c2e3ed1-48f9-4a0d-916a-5a6690b92790/revisions responded 200 in 10.0765 ms
[15:30:36 INF] HTTP POST /api/v1/manager/cms/posts/6c2e3ed1-48f9-4a0d-916a-5a6690b92790/revisions/7bee3aab-7c44-4258-9ab8-c00286fbbfdb/restore responded 200 in 38.2921 ms
[15:30:36 INF] HTTP GET /api/v1/manager/cms/posts/6c2e3ed1-48f9-4a0d-916a-5a6690b92790 responded 200 in 41.0578 ms
