Using launch settings from d:\FPT\TicketBooking.V3\TicketBooking.Api\Properties\launchSettings.json...
Building...
[22:49:22 INF] Ensured user 'qlnx' with role 'QLNX'.
[22:49:22 INF] Ensured user 'qlks' with role 'QLKS'.
[22:49:22 INF] Ensured user 'qlvt' with role 'QLVT'.
[22:49:22 INF] Ensured user 'qlvmm' with role 'QLVMM'.
[22:49:22 INF] Ensured user 'qltour' with role 'QLTour'.
[22:49:22 INF] Ensured user 'scanner_nx' with role 'Customer'.
[22:49:22 INF] Ensured user 'customer' with role 'Customer'.
[22:49:22 INF] Identity seed completed.
[22:49:22 INF] Tenant NX001 already exists.
[22:49:22 INF] Tenant VT001 already exists.
[22:49:22 INF] Tenant VMM001 already exists.
[22:49:22 INF] Tenant KS001 already exists.
[22:49:22 INF] Tenant TOUR001 already exists.
[22:49:22 INF] Tenants seed completed (NX001/VT001/VMM001/KS001/TOUR001).
[22:49:22 INF] Permissions seed completed.
[22:49:23 INF] BUS demo seed completed for tenant NX001.
[22:49:23 INF] TRAIN demo seed completed for tenant VT001.
[22:49:24 INF] Flight demo seed completed for tenant VMM001.
[22:49:24 INF] CmsDemoSeed completed for tenant NX001.
[22:49:24 INF] Hotel demo seed starting for 6 tenant(s). Days=14
[22:49:24 INF] Tenant KS001: Hotel HTL_KS001_DEMO_01 already exists. Skipping core hotel create.
[22:49:25 INF] Tenant KS001: Hotel seed OK (HTL_KS001_DEMO_01)
[22:49:25 INF] Tenant NX001: Hotel HTL_NX001_DEMO_01 already exists. Skipping core hotel create.
[22:49:25 INF] Tenant NX001: Hotel seed OK (HTL_NX001_DEMO_01)
[22:49:25 INF] Tenant TEST001: Hotel HTL_TEST001_DEMO_01 already exists. Skipping core hotel create.
[22:49:25 INF] Tenant TEST001: Hotel seed OK (HTL_TEST001_DEMO_01)
[22:49:25 INF] Tenant TOUR001: Hotel HTL_TOUR001_DEMO_01 already exists. Skipping core hotel create.
[22:49:25 INF] Tenant TOUR001: Hotel seed OK (HTL_TOUR001_DEMO_01)
[22:49:25 INF] Tenant VMM001: Hotel HTL_VMM001_DEMO_01 already exists. Skipping core hotel create.
[22:49:25 INF] Tenant VMM001: Hotel seed OK (HTL_VMM001_DEMO_01)
[22:49:25 INF] Tenant VT001: Hotel HTL_VT001_DEMO_01 already exists. Skipping core hotel create.
[22:49:25 INF] Tenant VT001: Hotel seed OK (HTL_VT001_DEMO_01)
[22:49:25 INF] Hotel demo seed finished.
[22:49:26 INF] Now listening on: http://localhost:5183
[22:49:26 INF] Application started. Press Ctrl+C to shut down.
[22:49:26 INF] Hosting environment: Development
[22:49:26 INF] Content root path: d:\FPT\TicketBooking.V3\TicketBooking.Api
[22:50:14 WRN] Failed to determine the https port for redirect.
[22:50:15 INF] HTTP POST /api/v1/auth/login responded 200 in 162.4023 ms
[22:50:15 INF] HTTP GET /api/v1/admin/roles responded 200 in 134.9360 ms
[22:50:15 INF] HTTP GET /api/v1/admin/auth/permissions responded 200 in 32.1346 ms
[22:50:15 INF] HTTP GET /api/v1/admin/tenants responded 200 in 26.8147 ms
[22:50:15 INF] HTTP POST /api/v1/admin/roles responded 201 in 110.0124 ms
[22:50:15 INF] HTTP GET /api/v1/admin/roles/70dd4488-bd29-481b-9278-47f746791dfe responded 200 in 52.7651 ms
[22:50:15 INF] HTTP POST /api/v1/admin/auth/permissions responded 201 in 38.6625 ms
[22:50:15 INF] HTTP GET /api/v1/admin/auth/permissions/2c376db0-1a5a-4595-b2d3-92446f854c26 responded 200 in 11.0860 ms
[22:50:15 INF] HTTP PUT /api/v1/admin/auth/permissions/2c376db0-1a5a-4595-b2d3-92446f854c26 responded 200 in 23.6747 ms
[22:50:15 INF] HTTP POST /api/v1/admin/auth/role-permissions responded 201 in 52.7827 ms
[22:50:15 INF] HTTP GET /api/v1/admin/auth/role-permissions/92a29d7a-73f5-453a-bcf5-804daac5872f responded 200 in 28.2258 ms
[22:50:15 INF] HTTP PUT /api/v1/admin/auth/role-permissions/92a29d7a-73f5-453a-bcf5-804daac5872f responded 200 in 31.5910 ms
[22:50:15 INF] HTTP POST /api/v1/admin/users responded 201 in 128.5734 ms
[22:50:15 INF] HTTP GET /api/v1/admin/users/c37a4610-cbc4-48f8-9418-3480a6ca1932 responded 200 in 15.6758 ms
[22:50:15 INF] HTTP GET /api/v1/admin/users responded 200 in 27.4252 ms
[22:50:15 INF] HTTP PUT /api/v1/admin/users/c37a4610-cbc4-48f8-9418-3480a6ca1932/roles responded 200 in 21.3155 ms
[22:50:15 INF] HTTP PUT /api/v1/admin/users/c37a4610-cbc4-48f8-9418-3480a6ca1932/active responded 200 in 16.0626 ms
[22:50:15 INF] HTTP PUT /api/v1/admin/users/c37a4610-cbc4-48f8-9418-3480a6ca1932/active responded 200 in 10.8037 ms
[22:50:15 INF] HTTP POST /api/v1/admin/users/c37a4610-cbc4-48f8-9418-3480a6ca1932/lock responded 200 in 22.1032 ms
[22:50:16 INF] HTTP POST /api/v1/admin/users/c37a4610-cbc4-48f8-9418-3480a6ca1932/unlock responded 200 in 13.4419 ms
[22:50:16 INF] HTTP POST /api/v1/admin/users/c37a4610-cbc4-48f8-9418-3480a6ca1932/reset-password responded 200 in 75.5335 ms
[22:50:16 INF] HTTP POST /api/v1/auth/login responded 200 in 56.4405 ms
[22:50:16 INF] HTTP POST /api/v1/admin/auth/user-permissions responded 201 in 57.3022 ms
[22:50:16 INF] HTTP GET /api/v1/admin/auth/user-permissions/62aade14-2e28-4260-b660-95ef6e10d572 responded 200 in 27.2020 ms
[22:50:16 INF] HTTP PUT /api/v1/admin/auth/user-permissions/62aade14-2e28-4260-b660-95ef6e10d572 responded 200 in 26.0802 ms
[22:50:16 INF] HTTP GET /api/v1/admin/auth/user-permissions responded 200 in 59.5863 ms
[22:50:16 INF] HTTP GET /api/v1/admin/roles responded 200 in 10.8481 ms
[22:50:16 INF] HTTP GET /api/v1/admin/auth/permissions responded 200 in 15.0695 ms
[22:50:16 INF] HTTP GET /api/v1/admin/auth/role-permissions responded 200 in 30.8223 ms
[22:50:16 INF] HTTP GET /api/v1/perm-test/tenants-manage responded 200 in 59.0549 ms
[22:50:16 INF] HTTP DELETE /api/v1/admin/auth/user-permissions/62aade14-2e28-4260-b660-95ef6e10d572 responded 200 in 11.1266 ms
[22:50:16 INF] HTTP POST /api/v1/admin/auth/user-permissions/62aade14-2e28-4260-b660-95ef6e10d572/restore responded 200 in 17.6307 ms
[22:50:16 INF] HTTP DELETE /api/v1/admin/auth/role-permissions/92a29d7a-73f5-453a-bcf5-804daac5872f responded 200 in 10.7865 ms
[22:50:16 INF] HTTP POST /api/v1/admin/auth/role-permissions/92a29d7a-73f5-453a-bcf5-804daac5872f/restore responded 200 in 13.2343 ms
[22:50:16 INF] HTTP DELETE /api/v1/admin/auth/permissions/2c376db0-1a5a-4595-b2d3-92446f854c26 responded 200 in 9.6099 ms
[22:50:16 INF] HTTP POST /api/v1/admin/auth/permissions/2c376db0-1a5a-4595-b2d3-92446f854c26/restore responded 200 in 12.4079 ms
[22:50:16 INF] HTTP POST /api/v1/admin/roles/Phase2Role_1775663414/users responded 200 in 12.1460 ms
[22:50:16 INF] HTTP DELETE /api/v1/admin/roles/Phase2Role_1775663414/users responded 200 in 31.0101 ms
[22:50:16 INF] HTTP PUT /api/v1/admin/users/c37a4610-cbc4-48f8-9418-3480a6ca1932/roles responded 200 in 7.5821 ms
[22:50:16 INF] HTTP DELETE /api/v1/admin/auth/user-permissions/62aade14-2e28-4260-b660-95ef6e10d572 responded 200 in 4.5853 ms
[22:50:16 INF] HTTP DELETE /api/v1/admin/auth/role-permissions/92a29d7a-73f5-453a-bcf5-804daac5872f responded 200 in 4.8481 ms
[22:50:16 INF] HTTP DELETE /api/v1/admin/auth/permissions/2c376db0-1a5a-4595-b2d3-92446f854c26 responded 200 in 4.5428 ms
[22:50:16 INF] HTTP DELETE /api/v1/admin/roles/70dd4488-bd29-481b-9278-47f746791dfe responded 200 in 26.0731 ms
[22:51:32 INF] HTTP POST /api/v1/auth/login responded 200 in 91.1721 ms
[22:51:32 INF] HTTP GET /api/v1/admin/roles responded 200 in 19.4614 ms
[22:51:32 INF] HTTP GET /api/v1/admin/users responded 200 in 12.7186 ms
[22:51:32 INF] HTTP GET /api/v1/admin/auth/permissions responded 200 in 9.7265 ms
[22:51:32 INF] HTTP GET /api/v1/admin/auth/user-permissions responded 200 in 51.5533 ms
[22:51:32 INF] HTTP GET /api/v1/admin/auth/role-permissions responded 200 in 26.4107 ms
[22:51:47 INF] HTTP POST /api/v1/auth/login responded 200 in 63.0213 ms
[22:51:47 INF] HTTP GET /api/v1/admin/roles responded 200 in 5.7765 ms
[22:51:47 INF] HTTP DELETE /api/v1/admin/roles/591ffcfc-7d03-4bae-a928-185d01e1f66e responded 200 in 12.8587 ms
[22:51:47 INF] HTTP DELETE /api/v1/admin/roles/a13fbb20-9f13-4c1b-bc04-3c94e03790b1 responded 200 in 6.5159 ms
[22:51:47 INF] HTTP GET /api/v1/admin/users responded 200 in 4.8522 ms
[22:51:47 INF] HTTP PUT /api/v1/admin/users/c37a4610-cbc4-48f8-9418-3480a6ca1932/roles responded 200 in 11.2693 ms
[22:51:47 INF] HTTP PUT /api/v1/admin/users/c37a4610-cbc4-48f8-9418-3480a6ca1932/active responded 200 in 7.7721 ms
[22:51:47 INF] HTTP PUT /api/v1/admin/users/21114144-df4a-40d3-8489-23aea473e585/roles responded 200 in 6.9583 ms
[22:51:47 INF] HTTP PUT /api/v1/admin/users/21114144-df4a-40d3-8489-23aea473e585/active responded 200 in 7.2302 ms
[22:51:47 INF] HTTP PUT /api/v1/admin/users/f4298147-6b1c-4451-ac71-afda20d7e538/roles responded 200 in 6.3058 ms
[22:51:47 INF] HTTP PUT /api/v1/admin/users/f4298147-6b1c-4451-ac71-afda20d7e538/active responded 200 in 7.5554 ms
[22:51:47 INF] HTTP GET /api/v1/admin/auth/user-permissions responded 200 in 7.7769 ms
[22:51:47 INF] HTTP DELETE /api/v1/admin/auth/user-permissions/ffac9c0b-8b7f-4186-9c6f-c657cae4d9ba responded 200 in 7.0505 ms
[22:51:55 INF] HTTP POST /api/v1/auth/login responded 200 in 62.4082 ms
[22:51:55 INF] HTTP GET /api/v1/admin/roles responded 200 in 4.6187 ms
[22:51:55 INF] HTTP GET /api/v1/admin/users responded 200 in 5.7553 ms
[22:51:55 INF] HTTP GET /api/v1/admin/auth/user-permissions responded 200 in 5.9833 ms
[22:52:15 INF] HTTP POST /api/v1/auth/login responded 200 in 68.4675 ms
[22:52:15 INF] HTTP POST /api/v1/auth/login responded 200 in 70.8739 ms
[22:52:15 INF] HTTP POST /api/v1/auth/login responded 200 in 75.8070 ms
[22:52:15 INF] HTTP GET /api/v1/admin/auth/user-permissions responded 200 in 29.7195 ms
[22:52:15 INF] HTTP GET /api/v1/admin/auth/user-permissions responded 200 in 10.1967 ms
[22:52:15 INF] HTTP GET /api/v1/perm-test/tenants-manage responded 200 in 23.6255 ms
