Using launch settings from d:\FPT\TicketBooking.V3\TicketBooking.Api\Properties\launchSettings.json...
Building...
[17:33:21 INF] Ensured user 'qlnx' with role 'QLNX'.
[17:33:21 INF] Ensured user 'qlks' with role 'QLKS'.
[17:33:21 INF] Ensured user 'qlvt' with role 'QLVT'.
[17:33:21 INF] Ensured user 'qlvmm' with role 'QLVMM'.
[17:33:21 INF] Ensured user 'qltour' with role 'QLTour'.
[17:33:21 INF] Ensured user 'scanner_nx' with role 'Customer'.
[17:33:21 INF] Ensured user 'customer' with role 'Customer'.
[17:33:21 INF] Identity seed completed.
[17:33:21 INF] Tenant NX001 already exists.
[17:33:21 INF] Tenant VT001 already exists.
[17:33:21 INF] Tenant VMM001 already exists.
[17:33:21 INF] Tenant KS001 already exists.
[17:33:21 INF] Tenant TOUR001 already exists.
[17:33:21 INF] Updated tenant link 'qlnx' -> tenant 16604939-0d6a-4a9d-b828-6e9797dd1ffd.
[17:33:21 INF] Updated tenant link 'admin' -> tenant 16604939-0d6a-4a9d-b828-6e9797dd1ffd.
[17:33:21 INF] Updated tenant link 'qlvt' -> tenant 8f759d36-942d-4666-bda8-195ccfc7939a.
[17:33:21 INF] Updated tenant link 'admin' -> tenant 8f759d36-942d-4666-bda8-195ccfc7939a.
[17:33:21 INF] Updated tenant link 'qlvmm' -> tenant 47997b25-a35b-4291-a7ca-2521e14ea6e4.
[17:33:21 INF] Updated tenant link 'admin' -> tenant 47997b25-a35b-4291-a7ca-2521e14ea6e4.
[17:33:21 INF] Updated tenant link 'qlks' -> tenant 32110ffc-3d5b-409b-8bbb-8fb3286d9cc7.
[17:33:21 INF] Updated tenant link 'admin' -> tenant 32110ffc-3d5b-409b-8bbb-8fb3286d9cc7.
[17:33:21 INF] Updated tenant link 'qltour' -> tenant dfb80807-d1db-43b0-a62f-9b744f1dde4f.
[17:33:21 INF] Updated tenant link 'admin' -> tenant dfb80807-d1db-43b0-a62f-9b744f1dde4f.
[17:33:21 INF] Tenants seed completed (NX001/VT001/VMM001/KS001/TOUR001).
[17:33:21 INF] Permissions seed completed.
[17:33:21 INF] Tenant system role seed completed.
[17:33:21 INF] Updated TenantUser link 'customer' -> tenant 16604939-0d6a-4a9d-b828-6e9797dd1ffd.
[17:33:21 INF] Updated TenantUser link 'scanner_nx' -> tenant 16604939-0d6a-4a9d-b828-6e9797dd1ffd.
[17:33:21 INF] TenantRoles seed completed for NX001.
[17:33:22 INF] BUS demo seed completed for tenant NX001.
[17:33:22 INF] TRAIN demo seed completed for tenant VT001.
[17:33:23 INF] Flight demo seed completed for tenant VMM001.
[17:33:23 INF] CmsDemoSeed completed for tenant NX001.
[17:33:23 INF] Hotel demo seed starting for 6 tenant(s). Days=14
[17:33:23 INF] Tenant KS001: Hotel HTL_KS001_DEMO_01 already exists. Skipping core hotel create.
[17:33:24 INF] Tenant KS001: Hotel seed OK (HTL_KS001_DEMO_01)
[17:33:24 INF] Tenant NX001: Hotel HTL_NX001_DEMO_01 already exists. Skipping core hotel create.
[17:33:24 INF] Tenant NX001: Hotel seed OK (HTL_NX001_DEMO_01)
[17:33:24 INF] Tenant TEST001: Hotel HTL_TEST001_DEMO_01 already exists. Skipping core hotel create.
[17:33:24 INF] Tenant TEST001: Hotel seed OK (HTL_TEST001_DEMO_01)
[17:33:24 INF] Tenant TOUR001: Hotel HTL_TOUR001_DEMO_01 already exists. Skipping core hotel create.
[17:33:25 INF] Tenant TOUR001: Hotel seed OK (HTL_TOUR001_DEMO_01)
[17:33:25 INF] Tenant VMM001: Hotel HTL_VMM001_DEMO_01 already exists. Skipping core hotel create.
[17:33:25 INF] Tenant VMM001: Hotel seed OK (HTL_VMM001_DEMO_01)
[17:33:25 INF] Tenant VT001: Hotel HTL_VT001_DEMO_01 already exists. Skipping core hotel create.
[17:33:25 INF] Tenant VT001: Hotel seed OK (HTL_VT001_DEMO_01)
[17:33:25 INF] Hotel demo seed finished.
[17:33:25 INF] Now listening on: http://127.0.0.1:5183
[17:33:25 INF] Application started. Press Ctrl+C to shut down.
[17:33:25 INF] Hosting environment: Development
[17:33:25 INF] Content root path: d:\FPT\TicketBooking.V3\TicketBooking.Api
[17:35:17 WRN] Failed to determine the https port for redirect.
[17:35:18 INF] HTTP POST /api/v1/auth/login responded 200 in 240.8075 ms
[17:35:18 INF] HTTP GET /api/v1/admin/tenants responded 200 in 140.1156 ms
[17:35:18 INF] HTTP POST /api/v1/manager/cms/posts responded 400 in 44.4315 ms
[17:35:18 INF] HTTP POST /api/v1/manager/cms/posts//publish responded 404 in 4.5925 ms
[17:35:18 INF] HTTP GET /api/v1/manager/cms/preview/posts/ responded 404 in 5.2703 ms
[17:35:18 INF] HTTP GET /api/v1/cms/posts/ responded 200 in 54.4905 ms
[17:35:18 INF] HTTP POST /api/v1/manager/cms/posts responded 400 in 7.0955 ms
[17:35:18 INF] HTTP GET /api/v1/manager/cms/posts/ responded 200 in 35.2481 ms
[17:35:18 INF] HTTP POST /api/v1/auth/login responded 200 in 61.0608 ms
[17:35:18 INF] HTTP GET /api/v1/tenancy/memberships responded 200 in 41.6824 ms
[17:35:18 INF] HTTP POST /api/v1/manager/cms/posts responded 400 in 5.5628 ms
[17:35:18 INF] HTTP POST /api/v1/manager/cms/posts//publish responded 404 in 3.9699 ms
[17:35:18 INF] HTTP GET /api/v1/manager/cms/preview/posts/ responded 404 in 4.0363 ms
[17:35:18 INF] HTTP GET /api/v1/cms/posts/ responded 200 in 44.0432 ms
[17:36:01 INF] HTTP POST /api/v1/auth/login responded 200 in 79.3925 ms
[17:36:01 INF] HTTP GET /api/v1/admin/tenants responded 200 in 12.9520 ms
[17:36:01 INF] HTTP POST /api/v1/manager/cms/posts responded 200 in 52.1703 ms
[17:36:01 INF] HTTP POST /api/v1/manager/cms/posts/2465cfbb-5439-45d0-8469-93ebd9264fd4/publish responded 200 in 33.2709 ms
[17:36:01 INF] HTTP GET /api/v1/manager/cms/preview/posts/2465cfbb-5439-45d0-8469-93ebd9264fd4 responded 200 in 37.2542 ms
[17:36:01 INF] HTTP GET /api/v1/cms/posts/bai-test-admin-khai-truong-hanh-trinh-bien-he-2026-1775730961 responded 200 in 61.6176 ms
[17:36:01 INF] HTTP POST /api/v1/manager/cms/posts responded 200 in 8.3523 ms
[17:36:01 INF] HTTP GET /api/v1/manager/cms/posts/f66f974b-1abc-4414-bd63-a034da8087cf responded 200 in 36.2035 ms
[17:36:02 INF] HTTP POST /api/v1/auth/login responded 200 in 57.1001 ms
[17:36:02 INF] HTTP GET /api/v1/tenancy/memberships responded 200 in 15.3440 ms
[17:36:02 INF] HTTP POST /api/v1/manager/cms/posts responded 200 in 8.0597 ms
[17:36:02 INF] HTTP POST /api/v1/manager/cms/posts/0ec65960-1b47-4b4b-98fe-146f8d7312e5/publish responded 200 in 8.6148 ms
[17:36:02 INF] HTTP GET /api/v1/manager/cms/preview/posts/0ec65960-1b47-4b4b-98fe-146f8d7312e5 responded 200 in 6.1874 ms
[17:36:02 INF] HTTP GET /api/v1/cms/posts/bai-test-nha-xe-cap-nhat-lich-chay-le-30-4-1775730961 responded 200 in 9.5235 ms
[17:36:13 INF] HTTP POST /api/v1/auth/login responded 200 in 60.2034 ms
[17:36:13 INF] HTTP GET /api/v1/admin/tenants responded 200 in 5.3218 ms
[17:36:13 INF] HTTP POST /api/v1/auth/login responded 200 in 58.9284 ms
[17:36:13 INF] HTTP GET /api/v1/tenancy/memberships responded 200 in 5.1736 ms
[17:36:13 INF] HTTP GET /api/v1/cms/news-index responded 200 in 13.8691 ms
[17:36:21 INF] HTTP GET /api/v1/cms/posts/bai-test-nha-xe-cap-nhat-lich-chay-le-30-4-1775730961 responded 200 in 8.3386 ms
[17:36:58 INF] HTTP POST /api/v1/auth/login responded 200 in 82.0225 ms
[17:36:58 INF] HTTP GET /api/v1/admin/tenants responded 200 in 10.1574 ms
[17:36:58 INF] HTTP POST /api/v1/manager/cms/posts responded 200 in 22.1575 ms
[17:36:58 INF] HTTP POST /api/v1/manager/cms/posts/d86e533b-7201-46f1-881e-659cd3d2265f/publish responded 200 in 14.1823 ms
[17:36:58 INF] HTTP GET /api/v1/manager/cms/preview/posts/d86e533b-7201-46f1-881e-659cd3d2265f responded 200 in 9.1809 ms
[17:36:58 INF] HTTP GET /api/v1/cms/posts/bai-test-admin-khai-truong-hanh-trinh-bien-he-2026-1775731018 responded 200 in 34.2061 ms
[17:36:58 INF] HTTP POST /api/v1/manager/cms/posts responded 200 in 7.6018 ms
[17:36:58 INF] HTTP GET /api/v1/manager/cms/posts/2c049dab-3335-4a25-8534-48cc018d5a06 responded 200 in 11.6641 ms
[17:36:58 INF] HTTP POST /api/v1/auth/login responded 200 in 58.2121 ms
[17:36:58 INF] HTTP GET /api/v1/tenancy/memberships responded 200 in 18.0569 ms
[17:36:58 INF] HTTP POST /api/v1/manager/cms/posts responded 200 in 9.2251 ms
[17:36:58 INF] HTTP POST /api/v1/manager/cms/posts/a812f1b3-fc87-42ca-ae67-12e8d1d30065/publish responded 200 in 5.9253 ms
[17:36:58 INF] HTTP GET /api/v1/manager/cms/preview/posts/a812f1b3-fc87-42ca-ae67-12e8d1d30065 responded 200 in 4.9443 ms
[17:36:58 INF] HTTP GET /api/v1/cms/posts/bai-test-nha-xe-cap-nhat-lich-chay-le-30-4-1775731018 responded 200 in 7.4646 ms
