Using launch settings from D:\FPT\TicketBooking.V3\TicketBooking.Api\Properties\launchSettings.json...
Building...
[21:21:28 WRN] The 'CustomerSettlementStatus' property 'SettlementStatus' on entity type 'CustomerOrder' is configured with a database-generated default, but has no configured sentinel value. The database-generated default will always be used for inserts when the property has the value '0', since this is the CLR default for the 'CustomerSettlementStatus' type. Consider using a nullable type, using a nullable backing field, or setting the sentinel value for the property to ensure the database default is used when, and only when, appropriate. See https://aka.ms/efcore-docs-default-values for more information.
[21:21:28 WRN] The 'CustomerSettlementBatchStatus' property 'Status' on entity type 'CustomerSettlementBatch' is configured with a database-generated default, but has no configured sentinel value. The database-generated default will always be used for inserts when the property has the value '0', since this is the CLR default for the 'CustomerSettlementBatchStatus' type. Consider using a nullable type, using a nullable backing field, or setting the sentinel value for the property to ensure the database default is used when, and only when, appropriate. See https://aka.ms/efcore-docs-default-values for more information.
[21:21:28 WRN] The 'CustomerSettlementStatus' property 'Status' on entity type 'CustomerSettlementBatchLine' is configured with a database-generated default, but has no configured sentinel value. The database-generated default will always be used for inserts when the property has the value '0', since this is the CLR default for the 'CustomerSettlementStatus' type. Consider using a nullable type, using a nullable backing field, or setting the sentinel value for the property to ensure the database default is used when, and only when, appropriate. See https://aka.ms/efcore-docs-default-values for more information.
[21:21:29 INF] Ensured user 'qlnx' with role 'QLNX'.
[21:21:29 INF] Ensured user 'qlks' with role 'QLKS'.
[21:21:29 INF] Ensured user 'qlvt' with role 'QLVT'.
[21:21:29 INF] Ensured user 'qlvmm' with role 'QLVMM'.
[21:21:29 INF] Ensured user 'qltour' with role 'QLTour'.
[21:21:29 INF] Ensured user 'scanner_nx' with role 'Customer'.
[21:21:29 INF] Ensured user 'customer' with role 'Customer'.
[21:21:29 INF] Identity seed completed.
[21:21:30 INF] Tenant NX001 already exists.
[21:21:30 INF] Tenant VT001 already exists.
[21:21:30 INF] Tenant VMM001 already exists.
[21:21:30 INF] Tenant KS001 already exists.
[21:21:30 INF] Tenant TOUR001 already exists.
[21:21:30 INF] Updated tenant link 'qlnx' -> tenant 16604939-0d6a-4a9d-b828-6e9797dd1ffd.
[21:21:30 INF] Updated tenant link 'admin' -> tenant 16604939-0d6a-4a9d-b828-6e9797dd1ffd.
[21:21:30 INF] Updated tenant link 'qlvt' -> tenant 8f759d36-942d-4666-bda8-195ccfc7939a.
[21:21:30 INF] Updated tenant link 'admin' -> tenant 8f759d36-942d-4666-bda8-195ccfc7939a.
[21:21:30 INF] Updated tenant link 'qlvmm' -> tenant 47997b25-a35b-4291-a7ca-2521e14ea6e4.
[21:21:30 INF] Updated tenant link 'admin' -> tenant 47997b25-a35b-4291-a7ca-2521e14ea6e4.
[21:21:30 INF] Updated tenant link 'qlks' -> tenant 32110ffc-3d5b-409b-8bbb-8fb3286d9cc7.
[21:21:30 INF] Updated tenant link 'admin' -> tenant 32110ffc-3d5b-409b-8bbb-8fb3286d9cc7.
[21:21:30 INF] Updated tenant link 'qltour' -> tenant dfb80807-d1db-43b0-a62f-9b744f1dde4f.
[21:21:30 INF] Updated tenant link 'admin' -> tenant dfb80807-d1db-43b0-a62f-9b744f1dde4f.
[21:21:30 INF] Tenants seed completed (NX001/VT001/VMM001/KS001/TOUR001).
[21:21:30 INF] Permissions seed completed.
[21:21:30 INF] Tenant system role seed completed.
[21:21:30 INF] Updated TenantUser link 'customer' -> tenant 16604939-0d6a-4a9d-b828-6e9797dd1ffd.
[21:21:30 INF] Updated TenantUser link 'scanner_nx' -> tenant 16604939-0d6a-4a9d-b828-6e9797dd1ffd.
[21:21:30 INF] TenantRoles seed completed for NX001.
[21:21:31 INF] BUS demo seed completed for tenant NX001.
[21:21:31 INF] TRAIN demo seed completed for tenant VT001.
[21:21:32 INF] Flight demo seed completed for tenant VMM001.
[21:21:32 INF] CmsDemoSeed completed for tenant NX001.
[21:21:32 INF] Hotel demo seed starting for 6 tenant(s). Days=14
[21:21:32 INF] Tenant KS001: Hotel HTL_KS001_DEMO_01 already exists. Skipping core hotel create.
[21:21:33 INF] Tenant KS001: Hotel seed OK (HTL_KS001_DEMO_01)
[21:21:33 INF] Tenant NX001: Hotel HTL_NX001_DEMO_01 already exists. Skipping core hotel create.
[21:21:33 INF] Tenant NX001: Hotel seed OK (HTL_NX001_DEMO_01)
[21:21:33 INF] Tenant TEST001: Hotel HTL_TEST001_DEMO_01 already exists. Skipping core hotel create.
[21:21:33 INF] Tenant TEST001: Hotel seed OK (HTL_TEST001_DEMO_01)
[21:21:33 INF] Tenant TOUR001: Hotel HTL_TOUR001_DEMO_01 already exists. Skipping core hotel create.
[21:21:33 INF] Tenant TOUR001: Hotel seed OK (HTL_TOUR001_DEMO_01)
[21:21:33 INF] Tenant VMM001: Hotel HTL_VMM001_DEMO_01 already exists. Skipping core hotel create.
[21:21:33 INF] Tenant VMM001: Hotel seed OK (HTL_VMM001_DEMO_01)
[21:21:33 INF] Tenant VT001: Hotel HTL_VT001_DEMO_01 already exists. Skipping core hotel create.
[21:21:33 INF] Tenant VT001: Hotel seed OK (HTL_VT001_DEMO_01)
[21:21:33 INF] Hotel demo seed finished.
[21:21:34 INF] Now listening on: http://localhost:5183
[21:21:34 INF] Application started. Press Ctrl+C to shut down.
[21:21:34 INF] Hosting environment: Development
[21:21:34 INF] Content root path: D:\FPT\TicketBooking.V3\TicketBooking.Api
[21:21:39 WRN] Failed to determine the https port for redirect.
[21:21:39 INF] HTTP GET /api/v1/tenancy/memberships responded 200 in 220.8596 ms
[21:21:39 INF] HTTP GET /api/v1/tenancy/memberships responded 200 in 15.6568 ms
[21:21:39 INF] HTTP GET /api/v1/tenancy/memberships responded 200 in 8.4950 ms
[21:21:39 INF] HTTP GET /api/v1/tenancy/memberships responded 200 in 10.2583 ms
[21:21:39 INF] HTTP GET /api/v1/auth/me/permissions responded 200 in 94.5302 ms
[21:21:39 INF] HTTP GET /api/v1/auth/me/permissions responded 200 in 14.0960 ms
[21:21:39 INF] HTTP GET /api/v1/auth/me/permissions responded 200 in 15.0197 ms
[21:21:39 INF] HTTP GET /api/v1/auth/me/permissions responded 200 in 14.4357 ms
[21:21:39 INF] HTTP GET /api/v1/customer/account/preferences responded 200 in 27.1060 ms
[21:21:39 INF] HTTP GET /api/v1/admin/room-types responded 200 in 50.3428 ms
[21:21:39 INF] HTTP GET /api/v1/admin/hotel-policies/cancellation-policies responded 200 in 49.1490 ms
[21:21:39 INF] HTTP GET /api/v1/admin/hotels responded 200 in 52.9466 ms
[21:21:39 INF] HTTP GET /api/v1/admin/rate-plans responded 200 in 63.3445 ms
[21:21:39 INF] HTTP GET /api/v1/admin/hotel-policies/check-in-out-rules responded 200 in 41.4196 ms
[21:21:39 INF] HTTP GET /api/v1/admin/hotel-policies/property-policies responded 200 in 29.0666 ms
[21:21:39 INF] HTTP GET /api/v1/admin/extra-services responded 200 in 32.6932 ms
[21:21:39 INF] HTTP GET /api/v1/admin/hotel-contacts responded 200 in 36.7359 ms
[21:21:39 INF] HTTP GET /api/v1/admin/hotel-amenities responded 200 in 28.0141 ms
[21:21:39 INF] HTTP GET /api/v1/admin/tenants responded 200 in 103.2579 ms
[21:21:39 INF] HTTP GET /api/v1/admin/hotel-images responded 200 in 34.0816 ms
[21:21:39 INF] HTTP GET /api/v1/admin/room-amenities responded 200 in 30.9189 ms
[21:21:39 INF] HTTP GET /api/v1/admin/bed-types responded 200 in 26.1412 ms
[21:21:39 INF] HTTP GET /api/v1/admin/meal-plans responded 200 in 29.7950 ms
[21:21:39 INF] HTTP GET /api/v1/admin/room-type-policies responded 200 in 28.4197 ms
[21:21:39 INF] HTTP GET /api/v1/admin/room-type-images responded 200 in 28.4195 ms
[21:21:39 INF] HTTP GET /api/v1/admin/hotel-policies/cancellation-policies responded 200 in 10.0024 ms
[21:21:39 INF] HTTP GET /api/v1/admin/room-types responded 200 in 10.0024 ms
[21:21:39 INF] HTTP GET /api/v1/admin/rate-plans responded 200 in 9.5269 ms
[21:21:39 INF] HTTP GET /api/v1/admin/hotels responded 200 in 9.5267 ms
[21:21:39 INF] HTTP GET /api/v1/admin/hotel-policies/check-in-out-rules responded 200 in 9.1296 ms
[21:21:39 INF] HTTP GET /api/v1/admin/hotel-policies/property-policies responded 200 in 13.1812 ms
[21:21:39 INF] HTTP GET /api/v1/admin/hotel-contacts responded 200 in 9.5186 ms
[21:21:39 INF] HTTP GET /api/v1/admin/extra-services responded 200 in 12.4227 ms
[21:21:39 INF] HTTP GET /api/v1/admin/hotel-reviews responded 200 in 41.8074 ms
[21:21:39 INF] HTTP GET /api/v1/admin/hotel-amenities responded 200 in 8.1680 ms
[21:21:39 INF] HTTP GET /api/v1/admin/promo-rate-overrides responded 200 in 65.7381 ms
[21:21:39 INF] HTTP GET /api/v1/admin/tenants responded 200 in 15.5342 ms
[21:21:40 INF] HTTP GET /api/v1/admin/hotel-images responded 200 in 12.4887 ms
[21:21:40 INF] HTTP GET /api/v1/admin/meal-plans responded 200 in 8.4103 ms
[21:21:40 INF] HTTP GET /api/v1/admin/room-amenities responded 200 in 8.4105 ms
[21:21:40 INF] HTTP GET /api/v1/admin/bed-types responded 200 in 13.1730 ms
[21:21:40 INF] HTTP GET /api/v1/admin/room-type-policies responded 200 in 12.3071 ms
[21:21:40 INF] HTTP GET /api/v1/admin/hotel-images responded 200 in 9.3193 ms
[21:21:40 INF] HTTP GET /api/v1/admin/room-type-images responded 200 in 12.8158 ms
[21:21:40 INF] HTTP GET /api/v1/admin/promo-rate-overrides responded 200 in 13.6067 ms
[21:21:40 INF] HTTP GET /api/v1/admin/hotel-reviews responded 200 in 18.8595 ms
[21:21:40 INF] HTTP GET /api/v1/admin/hotel-images responded 200 in 13.8070 ms
[21:21:40 INF] HTTP GET /uploads/admin/hotel-image/32110ffc-3d5b-409b-8bbb-8fb3286d9cc7/20260424141411-7f2187e3b8fa49b98b0e35c34a984df1.png responded 200 in 6.6632 ms
[21:21:40 INF] HTTP GET /uploads/admin/hotel-image/32110ffc-3d5b-409b-8bbb-8fb3286d9cc7/20260424141635-334ba3ad514d409d8744b5e3c3cb8602.png responded 200 in 6.4892 ms
[21:21:40 INF] HTTP GET /uploads/admin/hotel-image/32110ffc-3d5b-409b-8bbb-8fb3286d9cc7/20260424141553-0f613fd5c20244e3893b708b79395a73.png responded 200 in 6.6461 ms
[21:21:40 INF] HTTP GET /uploads/admin/hotel-image/32110ffc-3d5b-409b-8bbb-8fb3286d9cc7/20260424141853-80b206bda77e4264b5d013828dfd0538.png responded 200 in 6.3272 ms
[21:21:40 INF] HTTP GET /uploads/admin/hotel-image/32110ffc-3d5b-409b-8bbb-8fb3286d9cc7/20260424141757-7e357b5dd2b44e7c9d900d4471c0ae20.png responded 200 in 6.4519 ms
[21:21:40 INF] HTTP GET /uploads/admin/hotel-image/32110ffc-3d5b-409b-8bbb-8fb3286d9cc7/20260424141505-3b0e1b3454d149f49ee94bec02d9e7e7.png responded 200 in 9.9980 ms
[21:21:41 INF] Stored admin upload 20260424142141-6883ac68850c47de922680d723ac8385.png for scope hotel-image (tenant 32110ffc-3d5b-409b-8bbb-8fb3286d9cc7).
[21:21:41 INF] HTTP POST /api/v1/admin/uploads/images responded 200 in 35.7571 ms
[21:21:41 INF] HTTP GET /uploads/admin/hotel-image/32110ffc-3d5b-409b-8bbb-8fb3286d9cc7/20260424142141-6883ac68850c47de922680d723ac8385.png responded 200 in 4.2720 ms
[21:21:41 WRN] Savepoints are disabled because Multiple Active Result Sets (MARS) is enabled. If 'SaveChanges' fails, then the transaction cannot be automatically rolled back to a known clean state. Instead, the transaction should be rolled back by the application before retrying 'SaveChanges'. See https://go.microsoft.com/fwlink/?linkid=2149338 for more information and examples. To identify the code which triggers this warning, call 'ConfigureWarnings(w => w.Throw(SqlServerEventId.SavepointsDisabledBecauseOfMARS))'.
[21:21:41 INF] HTTP POST /api/v1/admin/hotel-images responded 201 in 91.7403 ms
[21:21:41 INF] HTTP GET /api/v1/admin/hotels responded 200 in 6.3270 ms
[21:21:41 INF] HTTP GET /api/v1/admin/room-types responded 200 in 5.4725 ms
[21:21:41 INF] HTTP GET /api/v1/admin/rate-plans responded 200 in 5.4435 ms
[21:21:41 INF] HTTP GET /api/v1/admin/hotel-policies/cancellation-policies responded 200 in 5.3822 ms
[21:21:41 INF] HTTP GET /api/v1/admin/hotel-policies/property-policies responded 200 in 5.2995 ms
[21:21:41 INF] HTTP GET /api/v1/admin/hotel-policies/check-in-out-rules responded 200 in 5.3589 ms
[21:21:41 INF] HTTP GET /api/v1/admin/extra-services responded 200 in 7.5033 ms
[21:21:41 INF] HTTP GET /api/v1/admin/hotel-contacts responded 200 in 6.7226 ms
[21:21:41 INF] HTTP GET /api/v1/admin/hotel-images responded 200 in 5.9212 ms
[21:21:41 INF] HTTP GET /api/v1/admin/room-amenities responded 200 in 5.9215 ms
[21:21:41 INF] HTTP GET /api/v1/admin/meal-plans responded 200 in 5.8822 ms
[21:21:41 INF] HTTP GET /api/v1/admin/hotel-amenities responded 200 in 5.9216 ms
[21:21:41 INF] HTTP GET /api/v1/admin/bed-types responded 200 in 9.0628 ms
[21:21:41 INF] HTTP GET /api/v1/admin/room-type-images responded 200 in 6.3732 ms
[21:21:41 INF] HTTP GET /api/v1/admin/hotel-reviews responded 200 in 4.1557 ms
[21:21:41 INF] HTTP GET /api/v1/admin/room-type-policies responded 200 in 5.0686 ms
[21:21:41 INF] HTTP GET /api/v1/admin/hotel-images responded 200 in 4.5372 ms
[21:21:41 INF] HTTP GET /api/v1/admin/promo-rate-overrides responded 200 in 6.0717 ms
[21:21:42 INF] HTTP GET /api/v1/tenancy/memberships responded 200 in 5.4528 ms
[21:21:42 INF] HTTP GET /api/v1/tenancy/memberships responded 200 in 5.3622 ms
[21:21:42 INF] HTTP GET /api/v1/tenancy/memberships responded 200 in 4.7458 ms
[21:21:42 INF] HTTP GET /api/v1/auth/me/permissions responded 200 in 6.2025 ms
[21:21:42 INF] HTTP GET /api/v1/tenancy/memberships responded 200 in 4.7554 ms
[21:21:42 INF] HTTP GET /api/v1/auth/me/permissions responded 200 in 5.2978 ms
[21:21:42 INF] HTTP GET /api/v1/auth/me/permissions responded 200 in 5.6140 ms
[21:21:42 INF] HTTP GET /api/v1/customer/account/preferences responded 200 in 3.8523 ms
[21:21:42 INF] HTTP GET /api/v1/admin/tenants responded 200 in 7.8316 ms
[21:21:42 INF] HTTP GET /api/v1/admin/hotel-policies/cancellation-policies responded 200 in 5.9453 ms
[21:21:42 INF] HTTP GET /api/v1/admin/rate-plans responded 200 in 5.9933 ms
[21:21:42 INF] HTTP GET /api/v1/admin/room-types responded 200 in 5.9913 ms
[21:21:42 INF] HTTP GET /api/v1/admin/hotels responded 200 in 10.3404 ms
[21:21:42 INF] HTTP GET /api/v1/admin/hotel-policies/check-in-out-rules responded 200 in 4.9440 ms
[21:21:42 INF] HTTP GET /api/v1/admin/hotel-policies/property-policies responded 200 in 7.3457 ms
[21:21:42 INF] HTTP GET /api/v1/admin/hotel-amenities responded 200 in 4.4014 ms
[21:21:42 INF] HTTP GET /api/v1/admin/extra-services responded 200 in 5.1748 ms
[21:21:42 INF] HTTP GET /api/v1/admin/room-amenities responded 200 in 4.5112 ms
[21:21:42 INF] HTTP GET /api/v1/admin/hotel-contacts responded 200 in 5.1537 ms
[21:21:42 INF] HTTP GET /api/v1/admin/hotel-images responded 200 in 4.4829 ms
[21:21:42 INF] HTTP GET /api/v1/admin/meal-plans responded 200 in 5.8179 ms
[21:21:42 INF] HTTP GET /api/v1/admin/hotel-reviews responded 200 in 5.5380 ms
[21:21:42 INF] HTTP GET /api/v1/admin/room-type-images responded 200 in 5.5383 ms
[21:21:42 INF] HTTP GET /api/v1/admin/room-type-policies responded 200 in 5.5385 ms
[21:21:42 INF] HTTP GET /api/v1/admin/bed-types responded 200 in 5.5386 ms
[21:21:42 INF] HTTP GET /api/v1/admin/promo-rate-overrides responded 200 in 7.1607 ms
[21:21:42 INF] HTTP GET /api/v1/admin/tenants responded 200 in 6.3326 ms
[21:21:42 INF] HTTP GET /api/v1/admin/hotel-policies/cancellation-policies responded 200 in 5.7087 ms
[21:21:42 INF] HTTP GET /api/v1/admin/room-types responded 200 in 5.6827 ms
[21:21:42 INF] HTTP GET /api/v1/admin/rate-plans responded 200 in 5.6551 ms
[21:21:42 INF] HTTP GET /api/v1/admin/hotels responded 200 in 5.1349 ms
[21:21:42 INF] HTTP GET /api/v1/admin/hotel-policies/check-in-out-rules responded 200 in 4.9036 ms
[21:21:42 INF] HTTP GET /api/v1/auth/me/permissions responded 200 in 6.4543 ms
[21:21:42 INF] HTTP GET /api/v1/admin/room-amenities responded 200 in 4.9144 ms
[21:21:42 INF] HTTP GET /api/v1/admin/hotel-contacts responded 200 in 4.8455 ms
[21:21:42 INF] HTTP GET /api/v1/admin/extra-services responded 200 in 4.9145 ms
[21:21:42 INF] HTTP GET /api/v1/admin/hotel-policies/property-policies responded 200 in 4.9147 ms
[21:21:42 INF] HTTP GET /api/v1/admin/hotel-amenities responded 200 in 4.9146 ms
[21:21:42 INF] HTTP GET /api/v1/admin/hotel-images responded 200 in 4.7369 ms
[21:21:42 INF] HTTP GET /api/v1/admin/room-type-policies responded 200 in 4.3968 ms
[21:21:42 INF] HTTP GET /api/v1/admin/meal-plans responded 200 in 4.5187 ms
[21:21:42 INF] HTTP GET /api/v1/admin/room-type-images responded 200 in 4.3589 ms
[21:21:42 INF] HTTP GET /api/v1/admin/hotel-reviews responded 200 in 4.3320 ms
[21:21:42 INF] HTTP GET /api/v1/admin/bed-types responded 200 in 4.3815 ms
[21:21:42 INF] HTTP GET /api/v1/admin/promo-rate-overrides responded 200 in 7.2576 ms
[21:21:42 INF] HTTP GET /api/v1/admin/room-type-images responded 200 in 21.2325 ms
[21:21:42 INF] HTTP GET /api/v1/admin/room-type-images responded 200 in 7.7473 ms
[21:21:42 INF] HTTP GET /uploads/admin/room-type-image/32110ffc-3d5b-409b-8bbb-8fb3286d9cc7/20260424141507-1f467944934d449f9423fe9c99746af6.png responded 200 in 0.5113 ms
[21:21:42 INF] HTTP GET /uploads/admin/room-type-image/32110ffc-3d5b-409b-8bbb-8fb3286d9cc7/20260424141413-cc22c92b167642e694257e2ce310e4bd.png responded 200 in 0.7386 ms
[21:21:42 INF] HTTP GET /uploads/admin/room-type-image/32110ffc-3d5b-409b-8bbb-8fb3286d9cc7/20260424141555-2655be883e2a410698c093a743fbd536.png responded 200 in 0.2895 ms
[21:21:42 INF] HTTP GET /uploads/admin/room-type-image/32110ffc-3d5b-409b-8bbb-8fb3286d9cc7/20260424141758-a54f4b8dd37840da9d1e66579e120e59.png responded 200 in 0.2634 ms
[21:21:42 INF] HTTP GET /uploads/admin/room-type-image/32110ffc-3d5b-409b-8bbb-8fb3286d9cc7/20260424141636-e91e3e6a33524f65a2d35f28213a35b9.png responded 200 in 0.3021 ms
[21:21:42 INF] HTTP GET /uploads/admin/room-type-image/32110ffc-3d5b-409b-8bbb-8fb3286d9cc7/20260424141854-b93ea3c51cfd4ec2bc5755d779db4b03.png responded 200 in 0.3439 ms
[21:21:43 INF] Stored admin upload 20260424142143-e6f8db436ed043f6b24faf15523559ce.png for scope room-type-image (tenant 32110ffc-3d5b-409b-8bbb-8fb3286d9cc7).
[21:21:43 INF] HTTP POST /api/v1/admin/uploads/images responded 200 in 5.6636 ms
[21:21:43 INF] HTTP GET /uploads/admin/room-type-image/32110ffc-3d5b-409b-8bbb-8fb3286d9cc7/20260424142143-e6f8db436ed043f6b24faf15523559ce.png responded 200 in 0.9357 ms
[21:21:43 INF] HTTP POST /api/v1/admin/room-type-images responded 201 in 22.7996 ms
[21:21:43 INF] HTTP GET /api/v1/admin/hotels responded 200 in 6.3443 ms
[21:21:43 INF] HTTP GET /api/v1/admin/room-types responded 200 in 5.1397 ms
[21:21:43 INF] HTTP GET /api/v1/admin/hotel-policies/check-in-out-rules responded 200 in 5.4758 ms
[21:21:43 INF] HTTP GET /api/v1/admin/rate-plans responded 200 in 5.5616 ms
[21:21:43 INF] HTTP GET /api/v1/admin/hotel-policies/property-policies responded 200 in 5.4013 ms
[21:21:43 INF] HTTP GET /api/v1/admin/hotel-policies/cancellation-policies responded 200 in 5.5251 ms
[21:21:43 INF] HTTP GET /api/v1/admin/extra-services responded 200 in 5.5417 ms
[21:21:43 INF] HTTP GET /api/v1/admin/hotel-contacts responded 200 in 5.1469 ms
[21:21:43 INF] HTTP GET /api/v1/admin/hotel-amenities responded 200 in 4.8864 ms
[21:21:43 INF] HTTP GET /api/v1/admin/hotel-images responded 200 in 4.8865 ms
[21:21:43 INF] HTTP GET /api/v1/admin/meal-plans responded 200 in 4.6325 ms
[21:21:43 INF] HTTP GET /api/v1/admin/room-amenities responded 200 in 4.6332 ms
[21:21:43 INF] HTTP GET /api/v1/admin/bed-types responded 200 in 3.6482 ms
[21:21:43 INF] HTTP GET /api/v1/admin/room-type-images responded 200 in 3.6129 ms
[21:21:43 INF] HTTP GET /api/v1/admin/hotel-reviews responded 200 in 4.2900 ms
[21:21:43 INF] HTTP GET /api/v1/admin/room-type-policies responded 200 in 4.2901 ms
[21:21:43 INF] HTTP GET /api/v1/admin/room-type-images responded 200 in 4.4203 ms
[21:21:43 INF] HTTP GET /api/v1/admin/promo-rate-overrides responded 200 in 5.7931 ms
[21:21:44 INF] HTTP GET /api/v1/tenancy/memberships responded 200 in 5.6829 ms
[21:21:44 INF] HTTP GET /api/v1/tenancy/memberships responded 200 in 5.0042 ms
[21:21:44 INF] HTTP GET /api/v1/tenancy/memberships responded 200 in 4.3124 ms
[21:21:44 INF] HTTP GET /api/v1/auth/me/permissions responded 200 in 5.5418 ms
[21:21:44 INF] HTTP GET /api/v1/tenancy/memberships responded 200 in 5.0547 ms
[21:21:44 INF] HTTP GET /api/v1/auth/me/permissions responded 200 in 5.4397 ms
[21:21:44 INF] HTTP GET /api/v1/auth/me/permissions responded 200 in 6.0230 ms
[21:21:44 INF] HTTP GET /api/v1/customer/account/preferences responded 200 in 5.1600 ms
[21:21:44 INF] HTTP GET /api/v1/admin/tenants responded 200 in 14.1225 ms
[21:21:44 INF] HTTP GET /api/v1/admin/tenants responded 200 in 6.1961 ms
[21:21:44 INF] HTTP GET /api/v1/auth/me/permissions responded 200 in 6.6747 ms
[21:21:44 INF] HTTP GET /api/v1/admin/tours responded 200 in 45.2717 ms
[21:21:44 INF] HTTP GET /api/v1/admin/tours responded 200 in 5.0305 ms
[21:21:44 INF] HTTP GET /api/v1/admin/tours responded 200 in 5.0037 ms
[21:21:44 INF] HTTP GET /api/v1/admin/tours/5f9f4429-ff56-a455-6092-bac95791edf5 responded 200 in 21.2226 ms
[21:21:45 INF] HTTP GET /api/v1/admin/tours responded 200 in 5.9758 ms
[21:21:45 INF] HTTP GET /api/v1/admin/tours/5f9f4429-ff56-a455-6092-bac95791edf5 responded 200 in 4.7380 ms
[21:21:45 INF] Stored admin upload 20260424142145-7a4c9c5739c4406dace013107ae19d6f.png for scope tour-cover (tenant dfb80807-d1db-43b0-a62f-9b744f1dde4f).
[21:21:45 INF] HTTP POST /api/v1/admin/uploads/images responded 200 in 4.3716 ms
[21:21:45 INF] HTTP GET /uploads/admin/tour-cover/dfb80807-d1db-43b0-a62f-9b744f1dde4f/20260424142145-7a4c9c5739c4406dace013107ae19d6f.png responded 200 in 0.6744 ms
[21:21:46 INF] HTTP GET /api/v1/tenancy/memberships responded 200 in 4.7339 ms
[21:21:46 INF] HTTP GET /api/v1/tenancy/memberships responded 200 in 7.1551 ms
[21:21:46 INF] HTTP GET /api/v1/tenancy/memberships responded 200 in 5.7587 ms
[21:21:46 INF] HTTP GET /api/v1/auth/me/permissions responded 200 in 6.6153 ms
[21:21:46 INF] HTTP GET /api/v1/tenancy/memberships responded 200 in 4.8267 ms
[21:21:46 INF] HTTP GET /api/v1/auth/me/permissions responded 200 in 4.9331 ms
[21:21:46 INF] HTTP GET /api/v1/auth/me/permissions responded 200 in 6.2326 ms
[21:21:46 INF] HTTP GET /api/v1/customer/account/preferences responded 200 in 3.2378 ms
[21:21:46 INF] HTTP GET /api/v1/auth/me/permissions responded 200 in 5.9127 ms
[21:21:46 INF] HTTP GET /api/v1/admin/users responded 200 in 40.6304 ms
[21:21:46 INF] HTTP GET /api/v1/admin/roles responded 200 in 49.3175 ms
[21:21:46 INF] HTTP GET /api/v1/admin/roles responded 200 in 8.4448 ms
[21:21:46 INF] HTTP GET /api/v1/admin/users responded 200 in 23.8331 ms
[21:21:47 INF] Stored admin upload 20260424142147-03ef1030c65b49b997c5545da3164331.png for scope user-avatar (tenant global).
[21:21:47 INF] HTTP POST /api/v1/admin/uploads/images responded 200 in 4.6285 ms
[21:21:47 INF] HTTP GET /uploads/admin/user-avatar/20260424142147-03ef1030c65b49b997c5545da3164331.png responded 200 in 0.8719 ms
[21:22:13 INF] HTTP GET /api/v1/tenancy/memberships responded 200 in 4.9660 ms
[21:22:13 INF] HTTP GET /api/v1/tenancy/memberships responded 200 in 4.3026 ms
[21:22:13 INF] HTTP GET /api/v1/tenancy/memberships responded 200 in 5.1363 ms
[21:22:13 INF] HTTP GET /api/v1/auth/me/permissions responded 200 in 6.3435 ms
[21:22:13 INF] HTTP GET /api/v1/tenancy/memberships responded 200 in 5.1580 ms
[21:22:13 INF] HTTP GET /api/v1/auth/me/permissions responded 200 in 5.2271 ms
[21:22:13 INF] HTTP GET /api/v1/auth/me/permissions responded 200 in 7.3359 ms
[21:22:13 INF] HTTP GET /api/v1/customer/account/preferences responded 200 in 3.8216 ms
[21:22:13 INF] HTTP GET /api/v1/admin/tours responded 200 in 4.2109 ms
[21:22:13 INF] HTTP GET /api/v1/admin/tenants responded 200 in 4.2890 ms
[21:22:13 INF] HTTP GET /api/v1/admin/tenants responded 200 in 4.6043 ms
[21:22:13 INF] HTTP GET /api/v1/admin/tours responded 200 in 4.6437 ms
[21:22:13 INF] HTTP GET /api/v1/auth/me/permissions responded 200 in 7.6915 ms
[21:22:13 INF] HTTP GET /api/v1/admin/tours/5f9f4429-ff56-a455-6092-bac95791edf5 responded 200 in 4.4341 ms
[21:22:13 INF] HTTP GET /api/v1/admin/tours/5f9f4429-ff56-a455-6092-bac95791edf5 responded 200 in 3.8626 ms
[21:22:13 INF] HTTP GET /api/v1/admin/tours responded 200 in 4.5397 ms
[21:22:14 INF] HTTP GET /api/v1/admin/tours responded 200 in 4.5772 ms
[21:22:14 INF] HTTP GET /api/v1/admin/tours/5f9f4429-ff56-a455-6092-bac95791edf5 responded 200 in 4.9521 ms
[21:22:14 INF] Stored admin upload 20260424142214-f3e4fe027c744237ab4bc98d657513ba.png for scope tour-cover (tenant dfb80807-d1db-43b0-a62f-9b744f1dde4f).
[21:22:14 INF] HTTP POST /api/v1/admin/uploads/images responded 200 in 4.2414 ms
[21:22:14 INF] HTTP GET /uploads/admin/tour-cover/dfb80807-d1db-43b0-a62f-9b744f1dde4f/20260424142214-f3e4fe027c744237ab4bc98d657513ba.png responded 200 in 0.5927 ms
[21:22:29 INF] HTTP GET /api/v1/tenancy/memberships responded 200 in 5.5451 ms
[21:22:29 INF] HTTP GET /api/v1/tenancy/memberships responded 200 in 4.4079 ms
[21:22:29 INF] HTTP GET /api/v1/tenancy/memberships responded 200 in 4.6728 ms
[21:22:29 INF] HTTP GET /api/v1/auth/me/permissions responded 200 in 5.0354 ms
[21:22:29 INF] HTTP GET /api/v1/tenancy/memberships responded 200 in 3.4386 ms
[21:22:29 INF] HTTP GET /api/v1/auth/me/permissions responded 200 in 4.9682 ms
[21:22:29 INF] HTTP GET /api/v1/auth/me/permissions responded 200 in 5.4978 ms
[21:22:29 INF] HTTP GET /api/v1/customer/account/preferences responded 200 in 3.3496 ms
[21:22:29 INF] HTTP GET /api/v1/admin/tenants responded 200 in 6.0113 ms
[21:22:29 INF] HTTP GET /api/v1/admin/hotels responded 200 in 4.9254 ms
[21:22:29 INF] HTTP GET /api/v1/admin/hotel-policies/cancellation-policies responded 200 in 4.4306 ms
[21:22:29 INF] HTTP GET /api/v1/admin/rate-plans responded 200 in 4.8801 ms
[21:22:29 INF] HTTP GET /api/v1/admin/room-types responded 200 in 4.9254 ms
[21:22:29 INF] HTTP GET /api/v1/admin/hotel-policies/check-in-out-rules responded 200 in 5.4389 ms
[21:22:29 INF] HTTP GET /api/v1/admin/hotel-policies/property-policies responded 200 in 5.4587 ms
[21:22:29 INF] HTTP GET /api/v1/admin/hotel-contacts responded 200 in 4.6308 ms
[21:22:29 INF] HTTP GET /api/v1/admin/extra-services responded 200 in 4.6149 ms
[21:22:29 INF] HTTP GET /api/v1/admin/hotel-amenities responded 200 in 4.2391 ms
[21:22:29 INF] HTTP GET /api/v1/admin/hotel-images responded 200 in 4.6083 ms
[21:22:29 INF] HTTP GET /api/v1/admin/room-amenities responded 200 in 4.3674 ms
[21:22:29 INF] HTTP GET /api/v1/admin/meal-plans responded 200 in 3.9964 ms
[21:22:29 INF] HTTP GET /api/v1/admin/bed-types responded 200 in 4.4815 ms
[21:22:29 INF] HTTP GET /api/v1/admin/hotel-reviews responded 200 in 4.2548 ms
[21:22:29 INF] HTTP GET /api/v1/admin/room-type-policies responded 200 in 5.3347 ms
[21:22:29 INF] HTTP GET /api/v1/admin/room-type-images responded 200 in 5.3644 ms
[21:22:29 INF] HTTP GET /api/v1/admin/tenants responded 200 in 6.3646 ms
[21:22:29 INF] HTTP GET /api/v1/admin/promo-rate-overrides responded 200 in 7.8130 ms
[21:22:29 INF] HTTP GET /api/v1/admin/rate-plans responded 200 in 5.5058 ms
[21:22:29 INF] HTTP GET /api/v1/admin/hotel-policies/cancellation-policies responded 200 in 4.4900 ms
[21:22:29 INF] HTTP GET /api/v1/admin/room-types responded 200 in 4.6182 ms
[21:22:29 INF] HTTP GET /api/v1/admin/hotel-policies/check-in-out-rules responded 200 in 4.4233 ms
[21:22:29 INF] HTTP GET /api/v1/admin/hotels responded 200 in 4.5726 ms
[21:22:29 INF] HTTP GET /api/v1/admin/hotel-policies/property-policies responded 200 in 4.1788 ms
[21:22:30 INF] HTTP GET /api/v1/auth/me/permissions responded 200 in 5.9820 ms
[21:22:30 INF] HTTP GET /api/v1/admin/hotel-amenities responded 200 in 3.7671 ms
[21:22:30 INF] HTTP GET /api/v1/admin/hotel-images responded 200 in 3.3620 ms
[21:22:30 INF] HTTP GET /api/v1/admin/hotel-contacts responded 200 in 3.5276 ms
[21:22:30 INF] HTTP GET /api/v1/admin/extra-services responded 200 in 3.5551 ms
[21:22:30 INF] HTTP GET /api/v1/admin/room-amenities responded 200 in 3.5661 ms
[21:22:30 INF] HTTP GET /api/v1/admin/meal-plans responded 200 in 5.3961 ms
[21:22:30 INF] HTTP GET /api/v1/admin/bed-types responded 200 in 3.7991 ms
[21:22:30 INF] HTTP GET /api/v1/admin/hotel-reviews responded 200 in 3.7681 ms
[21:22:30 INF] HTTP GET /api/v1/admin/room-type-images responded 200 in 3.5480 ms
[21:22:30 INF] HTTP GET /api/v1/admin/room-type-policies responded 200 in 3.8645 ms
[21:22:30 INF] HTTP GET /api/v1/admin/promo-rate-overrides responded 200 in 4.8309 ms
[21:22:30 INF] HTTP GET /api/v1/admin/hotel-images responded 200 in 4.1677 ms
[21:22:30 INF] HTTP GET /api/v1/admin/hotel-images responded 200 in 3.7919 ms
[21:22:30 INF] HTTP GET /uploads/admin/hotel-image/32110ffc-3d5b-409b-8bbb-8fb3286d9cc7/20260424141505-3b0e1b3454d149f49ee94bec02d9e7e7.png responded 200 in 0.3863 ms
[21:22:30 INF] HTTP GET /uploads/admin/hotel-image/32110ffc-3d5b-409b-8bbb-8fb3286d9cc7/20260424141635-334ba3ad514d409d8744b5e3c3cb8602.png responded 200 in 0.3080 ms
[21:22:30 INF] HTTP GET /uploads/admin/hotel-image/32110ffc-3d5b-409b-8bbb-8fb3286d9cc7/20260424141757-7e357b5dd2b44e7c9d900d4471c0ae20.png responded 200 in 0.2999 ms
[21:22:30 INF] HTTP GET /uploads/admin/hotel-image/32110ffc-3d5b-409b-8bbb-8fb3286d9cc7/20260424141411-7f2187e3b8fa49b98b0e35c34a984df1.png responded 200 in 0.4312 ms
[21:22:30 INF] HTTP GET /uploads/admin/hotel-image/32110ffc-3d5b-409b-8bbb-8fb3286d9cc7/20260424141553-0f613fd5c20244e3893b708b79395a73.png responded 200 in 0.4380 ms
[21:22:30 INF] HTTP GET /uploads/admin/hotel-image/32110ffc-3d5b-409b-8bbb-8fb3286d9cc7/20260424141853-80b206bda77e4264b5d013828dfd0538.png responded 200 in 0.5089 ms
[21:22:30 INF] HTTP GET /uploads/admin/hotel-image/32110ffc-3d5b-409b-8bbb-8fb3286d9cc7/20260424142141-6883ac68850c47de922680d723ac8385.png responded 200 in 0.3395 ms
[21:22:31 INF] Stored admin upload 20260424142231-f0d201a856a14c1e982a5c6174e0c659.png for scope hotel-image (tenant 32110ffc-3d5b-409b-8bbb-8fb3286d9cc7).
[21:22:31 INF] HTTP POST /api/v1/admin/uploads/images responded 200 in 7.9207 ms
[21:22:31 INF] HTTP GET /uploads/admin/hotel-image/32110ffc-3d5b-409b-8bbb-8fb3286d9cc7/20260424142231-f0d201a856a14c1e982a5c6174e0c659.png responded 200 in 0.5728 ms
[21:22:31 WRN] Savepoints are disabled because Multiple Active Result Sets (MARS) is enabled. If 'SaveChanges' fails, then the transaction cannot be automatically rolled back to a known clean state. Instead, the transaction should be rolled back by the application before retrying 'SaveChanges'. See https://go.microsoft.com/fwlink/?linkid=2149338 for more information and examples. To identify the code which triggers this warning, call 'ConfigureWarnings(w => w.Throw(SqlServerEventId.SavepointsDisabledBecauseOfMARS))'.
[21:22:31 INF] HTTP POST /api/v1/admin/hotel-images responded 201 in 30.4574 ms
[21:22:31 INF] HTTP GET /api/v1/admin/hotels responded 200 in 10.1527 ms
[21:22:31 INF] HTTP GET /api/v1/admin/hotel-policies/check-in-out-rules responded 200 in 7.7921 ms
[21:22:31 INF] HTTP GET /api/v1/admin/hotel-policies/cancellation-policies responded 200 in 7.8390 ms
[21:22:31 INF] HTTP GET /api/v1/admin/rate-plans responded 200 in 7.8619 ms
[21:22:31 INF] HTTP GET /api/v1/admin/room-types responded 200 in 11.3109 ms
[21:22:31 INF] HTTP GET /api/v1/admin/hotel-policies/property-policies responded 200 in 13.1121 ms
[21:22:31 INF] HTTP GET /api/v1/admin/extra-services responded 200 in 14.6671 ms
[21:22:31 INF] HTTP GET /api/v1/admin/hotel-images responded 200 in 11.7158 ms
[21:22:31 INF] HTTP GET /api/v1/admin/hotel-contacts responded 200 in 13.1425 ms
[21:22:31 INF] HTTP GET /api/v1/admin/hotel-amenities responded 200 in 11.3335 ms
[21:22:31 INF] HTTP GET /api/v1/admin/room-amenities responded 200 in 9.1704 ms
[21:22:31 INF] HTTP GET /api/v1/admin/meal-plans responded 200 in 10.7309 ms
[21:22:31 INF] HTTP GET /api/v1/admin/bed-types responded 200 in 15.4572 ms
[21:22:31 INF] HTTP GET /api/v1/admin/room-type-policies responded 200 in 9.1223 ms
[21:22:31 INF] HTTP GET /api/v1/admin/hotel-reviews responded 200 in 9.0424 ms
[21:22:31 INF] HTTP GET /api/v1/admin/room-type-images responded 200 in 9.4024 ms
[21:22:31 INF] HTTP GET /api/v1/admin/hotel-images responded 200 in 9.2355 ms
[21:22:31 INF] HTTP GET /api/v1/admin/promo-rate-overrides responded 200 in 21.8215 ms
[21:22:31 INF] HTTP GET /api/v1/tenancy/memberships responded 200 in 21.1610 ms
[21:22:31 INF] HTTP GET /api/v1/tenancy/memberships responded 200 in 4.4952 ms
[21:22:31 INF] HTTP GET /api/v1/tenancy/memberships responded 200 in 4.8798 ms
[21:22:31 INF] HTTP GET /api/v1/tenancy/memberships responded 200 in 4.5261 ms
[21:22:31 INF] HTTP GET /api/v1/auth/me/permissions responded 200 in 19.4212 ms
[21:22:31 INF] HTTP GET /api/v1/auth/me/permissions responded 200 in 6.3674 ms
[21:22:31 INF] HTTP GET /api/v1/auth/me/permissions responded 200 in 5.0018 ms
[21:22:31 INF] HTTP GET /api/v1/auth/me/permissions responded 200 in 7.4394 ms
[21:22:31 INF] HTTP GET /api/v1/customer/account/preferences responded 200 in 7.0385 ms
[21:22:31 INF] HTTP GET /api/v1/admin/rate-plans responded 200 in 11.3292 ms
[21:22:31 INF] HTTP GET /api/v1/admin/room-types responded 200 in 11.4215 ms
[21:22:31 INF] HTTP GET /api/v1/admin/hotels responded 200 in 13.8544 ms
[21:22:31 INF] HTTP GET /api/v1/admin/hotel-policies/cancellation-policies responded 200 in 15.4367 ms
[21:22:31 INF] HTTP GET /api/v1/admin/hotel-policies/check-in-out-rules responded 200 in 16.8526 ms
[21:22:31 INF] HTTP GET /api/v1/admin/extra-services responded 200 in 9.5814 ms
[21:22:31 INF] HTTP GET /api/v1/admin/hotel-images responded 200 in 9.1130 ms
[21:22:31 INF] HTTP GET /api/v1/admin/hotel-contacts responded 200 in 13.4132 ms
[21:22:31 INF] HTTP GET /api/v1/admin/tenants responded 200 in 42.0517 ms
[21:22:31 INF] HTTP GET /api/v1/admin/hotel-policies/property-policies responded 200 in 17.4405 ms
[21:22:31 INF] HTTP GET /api/v1/admin/hotel-amenities responded 200 in 20.0133 ms
[21:22:31 INF] HTTP GET /api/v1/admin/room-amenities responded 200 in 14.2491 ms
[21:22:31 INF] HTTP GET /api/v1/admin/meal-plans responded 200 in 16.6268 ms
[21:22:32 INF] HTTP GET /api/v1/admin/room-type-policies responded 200 in 61.4622 ms
[21:22:32 INF] HTTP GET /api/v1/admin/bed-types responded 200 in 63.7532 ms
[21:22:32 INF] HTTP GET /api/v1/admin/room-type-images responded 200 in 66.9461 ms
[21:22:32 INF] HTTP GET /api/v1/admin/hotel-reviews responded 200 in 20.5171 ms
[21:22:32 INF] HTTP GET /api/v1/admin/rate-plans responded 200 in 20.5595 ms
[21:22:32 INF] HTTP GET /api/v1/admin/room-types responded 200 in 14.3624 ms
[21:22:32 INF] HTTP GET /api/v1/admin/hotel-policies/cancellation-policies responded 200 in 13.3013 ms
[21:22:32 INF] HTTP GET /api/v1/admin/hotels responded 200 in 18.3508 ms
[21:22:32 INF] HTTP GET /api/v1/admin/promo-rate-overrides responded 200 in 82.1823 ms
[21:22:32 INF] HTTP GET /api/v1/admin/hotel-policies/check-in-out-rules responded 200 in 9.7357 ms
[21:22:32 INF] HTTP GET /api/v1/admin/extra-services responded 200 in 8.9927 ms
[21:22:32 INF] HTTP GET /api/v1/admin/hotel-images responded 200 in 11.6912 ms
[21:22:32 INF] HTTP GET /api/v1/admin/hotel-contacts responded 200 in 8.3303 ms
[21:22:32 INF] HTTP GET /api/v1/admin/hotel-policies/property-policies responded 200 in 9.1804 ms
[21:22:32 INF] HTTP GET /api/v1/admin/room-amenities responded 200 in 6.8445 ms
[21:22:32 INF] HTTP GET /api/v1/admin/meal-plans responded 200 in 6.9093 ms
[21:22:32 INF] HTTP GET /api/v1/admin/hotel-amenities responded 200 in 8.6776 ms
[21:22:32 INF] HTTP GET /api/v1/admin/bed-types responded 200 in 8.2196 ms
[21:22:32 INF] HTTP GET /api/v1/admin/room-type-policies responded 200 in 12.4403 ms
[21:22:32 INF] HTTP GET /api/v1/admin/room-type-images responded 200 in 8.1497 ms
[21:22:32 INF] HTTP GET /api/v1/admin/hotel-reviews responded 200 in 10.6632 ms
[21:22:32 INF] HTTP GET /api/v1/admin/tenants responded 200 in 37.4353 ms
[21:22:32 INF] HTTP GET /api/v1/admin/promo-rate-overrides responded 200 in 12.6000 ms
[21:22:32 INF] HTTP GET /api/v1/admin/room-type-images responded 200 in 4.3689 ms
[21:22:32 INF] HTTP GET /api/v1/admin/room-type-images responded 200 in 3.7286 ms
[21:22:32 INF] HTTP GET /uploads/admin/room-type-image/32110ffc-3d5b-409b-8bbb-8fb3286d9cc7/20260424141507-1f467944934d449f9423fe9c99746af6.png responded 200 in 0.3633 ms
[21:22:32 INF] HTTP GET /uploads/admin/room-type-image/32110ffc-3d5b-409b-8bbb-8fb3286d9cc7/20260424141413-cc22c92b167642e694257e2ce310e4bd.png responded 200 in 0.4314 ms
[21:22:32 INF] HTTP GET /uploads/admin/room-type-image/32110ffc-3d5b-409b-8bbb-8fb3286d9cc7/20260424141636-e91e3e6a33524f65a2d35f28213a35b9.png responded 200 in 0.1803 ms
[21:22:32 INF] HTTP GET /uploads/admin/room-type-image/32110ffc-3d5b-409b-8bbb-8fb3286d9cc7/20260424141555-2655be883e2a410698c093a743fbd536.png responded 200 in 0.2538 ms
[21:22:32 INF] HTTP GET /uploads/admin/room-type-image/32110ffc-3d5b-409b-8bbb-8fb3286d9cc7/20260424141758-a54f4b8dd37840da9d1e66579e120e59.png responded 200 in 0.1858 ms
[21:22:32 INF] HTTP GET /uploads/admin/room-type-image/32110ffc-3d5b-409b-8bbb-8fb3286d9cc7/20260424141854-b93ea3c51cfd4ec2bc5755d779db4b03.png responded 200 in 0.1494 ms
[21:22:32 INF] HTTP GET /uploads/admin/room-type-image/32110ffc-3d5b-409b-8bbb-8fb3286d9cc7/20260424142143-e6f8db436ed043f6b24faf15523559ce.png responded 200 in 0.5325 ms
[21:22:32 INF] Stored admin upload 20260424142232-8a029d28f35e4006937f1fc96fec5611.png for scope room-type-image (tenant 32110ffc-3d5b-409b-8bbb-8fb3286d9cc7).
[21:22:32 INF] HTTP POST /api/v1/admin/uploads/images responded 200 in 8.7325 ms
[21:22:32 INF] HTTP GET /uploads/admin/room-type-image/32110ffc-3d5b-409b-8bbb-8fb3286d9cc7/20260424142232-8a029d28f35e4006937f1fc96fec5611.png responded 200 in 0.5547 ms
[21:22:33 INF] HTTP POST /api/v1/admin/room-type-images responded 201 in 17.5454 ms
[21:22:33 INF] HTTP GET /api/v1/admin/hotels responded 200 in 9.3602 ms
[21:22:33 INF] HTTP GET /api/v1/admin/hotel-policies/property-policies responded 200 in 6.5844 ms
[21:22:33 INF] HTTP GET /api/v1/admin/room-types responded 200 in 6.8480 ms
[21:22:33 INF] HTTP GET /api/v1/admin/rate-plans responded 200 in 7.2718 ms
[21:22:33 INF] HTTP GET /api/v1/admin/hotel-policies/check-in-out-rules responded 200 in 6.8265 ms
[21:22:33 INF] HTTP GET /api/v1/admin/hotel-policies/cancellation-policies responded 200 in 6.6244 ms
[21:22:33 INF] HTTP GET /api/v1/admin/extra-services responded 200 in 13.9472 ms
[21:22:33 INF] HTTP GET /api/v1/admin/meal-plans responded 200 in 9.0397 ms
[21:22:33 INF] HTTP GET /api/v1/admin/hotel-contacts responded 200 in 9.1183 ms
[21:22:33 INF] HTTP GET /api/v1/admin/room-amenities responded 200 in 9.3503 ms
[21:22:33 INF] HTTP GET /api/v1/admin/hotel-images responded 200 in 9.3664 ms
[21:22:33 INF] HTTP GET /api/v1/admin/hotel-amenities responded 200 in 10.2982 ms
[21:22:33 INF] HTTP GET /api/v1/admin/bed-types responded 200 in 10.1409 ms
[21:22:33 INF] HTTP GET /api/v1/admin/room-type-policies responded 200 in 6.6082 ms
[21:22:33 INF] HTTP GET /api/v1/admin/hotel-reviews responded 200 in 7.0008 ms
[21:22:33 INF] HTTP GET /api/v1/admin/room-type-images responded 200 in 7.1446 ms
[21:22:33 INF] HTTP GET /api/v1/admin/promo-rate-overrides responded 200 in 17.3643 ms
[21:22:33 INF] HTTP GET /api/v1/admin/room-type-images responded 200 in 11.5924 ms
[21:22:33 INF] HTTP GET /api/v1/tenancy/memberships responded 200 in 21.0215 ms
[21:22:33 INF] HTTP GET /api/v1/tenancy/memberships responded 200 in 4.3866 ms
[21:22:33 INF] HTTP GET /api/v1/tenancy/memberships responded 200 in 4.3109 ms
[21:22:33 INF] HTTP GET /api/v1/tenancy/memberships responded 200 in 4.0558 ms
[21:22:33 INF] HTTP GET /api/v1/auth/me/permissions responded 200 in 19.0653 ms
[21:22:33 INF] HTTP GET /api/v1/auth/me/permissions responded 200 in 6.5391 ms
[21:22:33 INF] HTTP GET /api/v1/auth/me/permissions responded 200 in 5.7528 ms
[21:22:33 INF] HTTP GET /api/v1/auth/me/permissions responded 200 in 5.0576 ms
[21:22:33 INF] HTTP GET /api/v1/customer/account/preferences responded 200 in 6.2495 ms
[21:22:33 INF] HTTP GET /api/v1/admin/tours responded 200 in 10.5382 ms
[21:22:33 INF] HTTP GET /api/v1/admin/tours responded 200 in 10.7031 ms
[21:22:33 INF] HTTP GET /api/v1/admin/tenants responded 200 in 27.4476 ms
[21:22:33 INF] HTTP GET /api/v1/admin/tenants responded 200 in 16.2668 ms
[21:22:33 INF] HTTP GET /api/v1/admin/tours/5f9f4429-ff56-a455-6092-bac95791edf5 responded 200 in 16.1578 ms
[21:22:33 INF] HTTP GET /api/v1/admin/tours/5f9f4429-ff56-a455-6092-bac95791edf5 responded 200 in 14.8954 ms
[21:22:33 INF] HTTP GET /api/v1/admin/tours responded 200 in 18.6767 ms
[21:22:34 INF] HTTP GET /api/v1/admin/tours responded 200 in 24.2636 ms
[21:22:34 INF] HTTP GET /api/v1/admin/tours/5f9f4429-ff56-a455-6092-bac95791edf5 responded 200 in 17.3640 ms
[21:22:34 INF] Stored admin upload 20260424142234-74db0e1b8514489d9c4f3ea107af7a1f.png for scope tour-cover (tenant dfb80807-d1db-43b0-a62f-9b744f1dde4f).
[21:22:34 INF] HTTP POST /api/v1/admin/uploads/images responded 200 in 8.7096 ms
[21:22:34 INF] HTTP GET /uploads/admin/tour-cover/dfb80807-d1db-43b0-a62f-9b744f1dde4f/20260424142234-74db0e1b8514489d9c4f3ea107af7a1f.png responded 200 in 0.5577 ms
[21:22:36 INF] HTTP GET /api/v1/tenancy/memberships responded 200 in 21.2507 ms
[21:22:36 INF] HTTP GET /api/v1/tenancy/memberships responded 200 in 4.5477 ms
[21:22:36 INF] HTTP GET /api/v1/tenancy/memberships responded 200 in 4.2171 ms
[21:22:36 INF] HTTP GET /api/v1/tenancy/memberships responded 200 in 4.7493 ms
[21:22:36 INF] HTTP GET /api/v1/auth/me/permissions responded 200 in 21.2869 ms
[21:22:36 INF] HTTP GET /api/v1/auth/me/permissions responded 200 in 5.3879 ms
[21:22:36 INF] HTTP GET /api/v1/auth/me/permissions responded 200 in 6.6293 ms
[21:22:36 INF] HTTP GET /api/v1/auth/me/permissions responded 200 in 5.8239 ms
[21:22:36 INF] HTTP GET /api/v1/customer/account/preferences responded 200 in 6.3103 ms
[21:22:36 INF] HTTP GET /api/v1/admin/roles responded 200 in 21.6823 ms
[21:22:36 INF] HTTP GET /api/v1/admin/users responded 200 in 30.2237 ms
[21:22:36 INF] HTTP GET /api/v1/admin/roles responded 200 in 12.8976 ms
[21:22:36 INF] HTTP GET /api/v1/admin/users responded 200 in 27.9656 ms
[21:22:37 INF] Stored admin upload 20260424142237-6e16a1d5ffd345b6b354f875fbeb273b.png for scope user-avatar (tenant global).
[21:22:37 INF] HTTP POST /api/v1/admin/uploads/images responded 200 in 3.6646 ms
[21:22:37 INF] HTTP GET /uploads/admin/user-avatar/20260424142237-6e16a1d5ffd345b6b354f875fbeb273b.png responded 200 in 0.6891 ms
