Using launch settings from d:\FPT\TicketBooking.V3\TicketBooking.Api\Properties\launchSettings.json...
Building...
[19:15:51 INF] Ensured user 'qlnx' with role 'QLNX'.
[19:15:51 INF] Ensured user 'qlks' with role 'QLKS'.
[19:15:51 INF] Ensured user 'qlvt' with role 'QLVT'.
[19:15:51 INF] Ensured user 'qlvmm' with role 'QLVMM'.
[19:15:51 INF] Ensured user 'qltour' with role 'QLTour'.
[19:15:51 INF] Ensured user 'scanner_nx' with role 'Customer'.
[19:15:51 INF] Ensured user 'customer' with role 'Customer'.
[19:15:51 INF] Identity seed completed.
[19:15:51 INF] Tenant NX001 already exists.
[19:15:51 INF] Tenant VT001 already exists.
[19:15:51 INF] Tenant VMM001 already exists.
[19:15:51 INF] Tenant KS001 already exists.
[19:15:51 INF] Tenant TOUR001 already exists.
[19:15:51 INF] Updated tenant link 'qlnx' -> tenant 16604939-0d6a-4a9d-b828-6e9797dd1ffd.
[19:15:51 INF] Updated tenant link 'admin' -> tenant 16604939-0d6a-4a9d-b828-6e9797dd1ffd.
[19:15:51 INF] Updated tenant link 'qlvt' -> tenant 8f759d36-942d-4666-bda8-195ccfc7939a.
[19:15:51 INF] Updated tenant link 'admin' -> tenant 8f759d36-942d-4666-bda8-195ccfc7939a.
[19:15:51 INF] Updated tenant link 'qlvmm' -> tenant 47997b25-a35b-4291-a7ca-2521e14ea6e4.
[19:15:51 INF] Updated tenant link 'admin' -> tenant 47997b25-a35b-4291-a7ca-2521e14ea6e4.
[19:15:51 INF] Updated tenant link 'qlks' -> tenant 32110ffc-3d5b-409b-8bbb-8fb3286d9cc7.
[19:15:51 INF] Updated tenant link 'admin' -> tenant 32110ffc-3d5b-409b-8bbb-8fb3286d9cc7.
[19:15:51 INF] Updated tenant link 'qltour' -> tenant dfb80807-d1db-43b0-a62f-9b744f1dde4f.
[19:15:51 INF] Updated tenant link 'admin' -> tenant dfb80807-d1db-43b0-a62f-9b744f1dde4f.
[19:15:51 INF] Tenants seed completed (NX001/VT001/VMM001/KS001/TOUR001).
[19:15:51 INF] Permissions seed completed.
[19:15:52 INF] Tenant system role seed completed.
[19:15:52 INF] Updated TenantUser link 'customer' -> tenant 16604939-0d6a-4a9d-b828-6e9797dd1ffd.
[19:15:52 INF] Updated TenantUser link 'scanner_nx' -> tenant 16604939-0d6a-4a9d-b828-6e9797dd1ffd.
[19:15:52 INF] TenantRoles seed completed for NX001.
[19:15:52 INF] BUS demo seed completed for tenant NX001.
[19:15:53 INF] TRAIN demo seed completed for tenant VT001.
[19:15:54 INF] Flight demo seed completed for tenant VMM001.
[19:15:54 INF] CmsDemoSeed completed for tenant NX001.
[19:15:54 INF] Hotel demo seed starting for 6 tenant(s). Days=14
[19:15:54 INF] Tenant KS001: Hotel HTL_KS001_DEMO_01 already exists. Skipping core hotel create.
[19:15:55 INF] Tenant KS001: Hotel seed OK (HTL_KS001_DEMO_01)
[19:15:55 INF] Tenant NX001: Hotel HTL_NX001_DEMO_01 already exists. Skipping core hotel create.
[19:15:55 INF] Tenant NX001: Hotel seed OK (HTL_NX001_DEMO_01)
[19:15:55 INF] Tenant TEST001: Hotel HTL_TEST001_DEMO_01 already exists. Skipping core hotel create.
[19:15:56 INF] Tenant TEST001: Hotel seed OK (HTL_TEST001_DEMO_01)
[19:15:56 INF] Tenant TOUR001: Hotel HTL_TOUR001_DEMO_01 already exists. Skipping core hotel create.
[19:15:56 INF] Tenant TOUR001: Hotel seed OK (HTL_TOUR001_DEMO_01)
[19:15:56 INF] Tenant VMM001: Hotel HTL_VMM001_DEMO_01 already exists. Skipping core hotel create.
[19:15:56 INF] Tenant VMM001: Hotel seed OK (HTL_VMM001_DEMO_01)
[19:15:56 INF] Tenant VT001: Hotel HTL_VT001_DEMO_01 already exists. Skipping core hotel create.
[19:15:56 INF] Tenant VT001: Hotel seed OK (HTL_VT001_DEMO_01)
[19:15:56 INF] Hotel demo seed finished.
[19:15:56 INF] Now listening on: http://127.0.0.1:5183
[19:15:56 INF] Application started. Press Ctrl+C to shut down.
[19:15:56 INF] Hosting environment: Development
[19:15:56 INF] Content root path: d:\FPT\TicketBooking.V3\TicketBooking.Api
[19:16:10 WRN] Failed to determine the https port for redirect.
[19:16:10 INF] HTTP POST /api/v1/auth/login responded 200 in 207.9341 ms
[19:16:10 INF] HTTP POST /api/v1/customer/account/support-tickets responded 200 in 149.1933 ms
[19:16:10 INF] HTTP GET /api/v1/customer/account/support-tickets responded 200 in 39.4767 ms
