Using launch settings from d:\FPT\TicketBooking.V3\TicketBooking.Api\Properties\launchSettings.json...
[21:34:41 INF] Ensured user 'qlnx' with role 'QLNX'.
[21:34:41 INF] Ensured user 'qlks' with role 'QLKS'.
[21:34:41 INF] Ensured user 'qlvt' with role 'QLVT'.
[21:34:41 INF] Ensured user 'qlvmm' with role 'QLVMM'.
[21:34:41 INF] Ensured user 'qltour' with role 'QLTour'.
[21:34:41 INF] Ensured user 'scanner_nx' with role 'Customer'.
[21:34:41 INF] Ensured user 'customer' with role 'Customer'.
[21:34:41 INF] Identity seed completed.
[21:34:41 INF] Tenant NX001 already exists.
[21:34:41 INF] Tenant VT001 already exists.
[21:34:41 INF] Tenant VMM001 already exists.
[21:34:41 INF] Tenant KS001 already exists.
[21:34:41 INF] Tenant TOUR001 already exists.
[21:34:41 INF] Updated tenant link 'qlnx' -> tenant 16604939-0d6a-4a9d-b828-6e9797dd1ffd.
[21:34:41 INF] Updated tenant link 'admin' -> tenant 16604939-0d6a-4a9d-b828-6e9797dd1ffd.
[21:34:41 INF] Updated tenant link 'qlvt' -> tenant 8f759d36-942d-4666-bda8-195ccfc7939a.
[21:34:41 INF] Updated tenant link 'admin' -> tenant 8f759d36-942d-4666-bda8-195ccfc7939a.
[21:34:41 INF] Updated tenant link 'qlvmm' -> tenant 47997b25-a35b-4291-a7ca-2521e14ea6e4.
[21:34:41 INF] Updated tenant link 'admin' -> tenant 47997b25-a35b-4291-a7ca-2521e14ea6e4.
[21:34:41 INF] Updated tenant link 'qlks' -> tenant 32110ffc-3d5b-409b-8bbb-8fb3286d9cc7.
[21:34:41 INF] Updated tenant link 'admin' -> tenant 32110ffc-3d5b-409b-8bbb-8fb3286d9cc7.
[21:34:41 INF] Updated tenant link 'qltour' -> tenant dfb80807-d1db-43b0-a62f-9b744f1dde4f.
[21:34:41 INF] Updated tenant link 'admin' -> tenant dfb80807-d1db-43b0-a62f-9b744f1dde4f.
[21:34:41 INF] Tenants seed completed (NX001/VT001/VMM001/KS001/TOUR001).
[21:34:41 INF] Permissions seed completed.
[21:34:42 INF] Tenant system role seed completed.
[21:34:42 INF] Updated TenantUser link 'customer' -> tenant 16604939-0d6a-4a9d-b828-6e9797dd1ffd.
[21:34:42 INF] Updated TenantUser link 'scanner_nx' -> tenant 16604939-0d6a-4a9d-b828-6e9797dd1ffd.
[21:34:42 INF] TenantRoles seed completed for NX001.
[21:34:42 INF] BUS demo seed completed for tenant NX001.
[21:34:43 INF] TRAIN demo seed completed for tenant VT001.
[21:34:43 INF] Flight demo seed completed for tenant VMM001.
[21:34:43 INF] CmsDemoSeed completed for tenant NX001.
[21:34:43 INF] Hotel demo seed starting for 6 tenant(s). Days=14
[21:34:44 INF] Tenant KS001: Hotel HTL_KS001_DEMO_01 already exists. Skipping core hotel create.
[21:34:45 INF] Tenant KS001: Hotel seed OK (HTL_KS001_DEMO_01)
[21:34:45 INF] Tenant NX001: Hotel HTL_NX001_DEMO_01 already exists. Skipping core hotel create.
[21:34:45 INF] Tenant NX001: Hotel seed OK (HTL_NX001_DEMO_01)
[21:34:45 INF] Tenant TEST001: Hotel HTL_TEST001_DEMO_01 already exists. Skipping core hotel create.
[21:34:45 INF] Tenant TEST001: Hotel seed OK (HTL_TEST001_DEMO_01)
[21:34:45 INF] Tenant TOUR001: Hotel HTL_TOUR001_DEMO_01 already exists. Skipping core hotel create.
[21:34:45 INF] Tenant TOUR001: Hotel seed OK (HTL_TOUR001_DEMO_01)
[21:34:45 INF] Tenant VMM001: Hotel HTL_VMM001_DEMO_01 already exists. Skipping core hotel create.
[21:34:45 INF] Tenant VMM001: Hotel seed OK (HTL_VMM001_DEMO_01)
[21:34:45 INF] Tenant VT001: Hotel HTL_VT001_DEMO_01 already exists. Skipping core hotel create.
[21:34:45 INF] Tenant VT001: Hotel seed OK (HTL_VT001_DEMO_01)
[21:34:45 INF] Hotel demo seed finished.
[21:34:46 INF] Now listening on: http://localhost:5183
[21:34:46 INF] Application started. Press Ctrl+C to shut down.
[21:34:46 INF] Hosting environment: Development
[21:34:46 INF] Content root path: d:\FPT\TicketBooking.V3\TicketBooking.Api
[21:35:43 WRN] Failed to determine the https port for redirect.
[21:35:43 INF] Registered new customer: c2customer1776522943311 (c2-customer-1776522943311@example.com)
[21:35:43 INF] HTTP POST /api/v1/auth/register responded 201 in 229.5085 ms
[21:35:43 INF] HTTP POST /api/v1/auth/login responded 200 in 155.9659 ms
[21:35:43 INF] HTTP PUT /api/v1/customer/account/preferences responded 200 in 92.0423 ms
[21:35:43 INF] HTTP POST /api/v1/customer/account/passengers responded 200 in 70.9955 ms
[21:35:43 INF] HTTP PUT /api/v1/customer/account/passengers/5f65904e-aaca-442f-a726-53603dc74df2 responded 200 in 26.7788 ms
[21:35:43 INF] HTTP GET /api/v1/customer/account/passengers responded 200 in 17.5599 ms
[21:35:44 INF] HTTP GET /api/v1/tours responded 200 in 120.0712 ms
[21:35:44 INF] HTTP GET /api/v1/tours/f5060fb1-d057-44ad-abdf-1a6465886c6c responded 200 in 93.1097 ms
[21:35:44 WRN] Compiling a query which loads related collections for more than one collection navigation, either via 'Include' or through projection, but no 'QuerySplittingBehavior' has been configured. By default, Entity Framework will use 'QuerySplittingBehavior.SingleQuery', which can potentially result in slow query performance. See https://go.microsoft.com/fwlink/?linkid=2134277 for more information. To identify the query that's triggering this warning call 'ConfigureWarnings(w => w.Throw(RelationalEventId.MultipleCollectionIncludeWarning))'.
[21:35:44 INF] HTTP POST /api/v1/tours/f5060fb1-d057-44ad-abdf-1a6465886c6c/quote responded 200 in 220.6124 ms
[21:35:44 INF] HTTP POST /api/v1/customer/account/wishlist responded 200 in 69.2537 ms
[21:35:44 INF] HTTP POST /api/v1/customer/account/wishlist responded 200 in 14.7514 ms
[21:35:44 INF] HTTP GET /api/v1/customer/account/wishlist responded 200 in 20.9489 ms
[21:35:44 WRN] Compiling a query which loads related collections for more than one collection navigation, either via 'Include' or through projection, but no 'QuerySplittingBehavior' has been configured. By default, Entity Framework will use 'QuerySplittingBehavior.SingleQuery', which can potentially result in slow query performance. See https://go.microsoft.com/fwlink/?linkid=2134277 for more information. To identify the query that's triggering this warning call 'ConfigureWarnings(w => w.Throw(RelationalEventId.MultipleCollectionIncludeWarning))'.
[21:35:45 WRN] Savepoints are disabled because Multiple Active Result Sets (MARS) is enabled. If 'SaveChanges' fails, then the transaction cannot be automatically rolled back to a known clean state. Instead, the transaction should be rolled back by the application before retrying 'SaveChanges'. See https://go.microsoft.com/fwlink/?linkid=2149338 for more information and examples. To identify the code which triggers this warning, call 'ConfigureWarnings(w => w.Throw(SqlServerEventId.SavepointsDisabledBecauseOfMARS))'.
[21:35:45 WRN] Savepoints are disabled because Multiple Active Result Sets (MARS) is enabled. If 'SaveChanges' fails, then the transaction cannot be automatically rolled back to a known clean state. Instead, the transaction should be rolled back by the application before retrying 'SaveChanges'. See https://go.microsoft.com/fwlink/?linkid=2149338 for more information and examples. To identify the code which triggers this warning, call 'ConfigureWarnings(w => w.Throw(SqlServerEventId.SavepointsDisabledBecauseOfMARS))'.
[21:35:45 INF] HTTP POST /api/v1/customer/orders responded 201 in 1164.9744 ms
[21:35:45 INF] HTTP GET /api/v1/customer/account/notifications responded 200 in 19.8896 ms
[21:35:45 INF] HTTP POST /api/v1/customer/account/notifications/c7c8e2c2-c86c-4d9c-9958-798670cd9b92/read responded 200 in 17.2351 ms
[21:35:45 INF] HTTP GET /api/v1/customer/account/notifications responded 200 in 4.4634 ms
[21:35:45 INF] HTTP POST /api/v1/auth/2fa/setup responded 200 in 33.0273 ms
[21:35:45 INF] HTTP POST /api/v1/auth/2fa/enable responded 200 in 30.1408 ms
[21:35:45 INF] HTTP POST /api/v1/auth/login responded 200 in 67.3712 ms
[21:35:45 INF] HTTP POST /api/v1/auth/2fa/verify-login responded 200 in 13.5987 ms
[21:44:47 INF] HTTP GET /api/v1/tours responded 200 in 84.0182 ms
[21:44:47 INF] HTTP GET /api/v1/tours/f5060fb1-d057-44ad-abdf-1a6465886c6c responded 200 in 16.3807 ms
[21:44:47 INF] HTTP POST /api/v1/tours/f5060fb1-d057-44ad-abdf-1a6465886c6c/quote responded 200 in 45.4913 ms
[21:44:47 INF] Registered new customer: c2ui1776523487242 (c2-ui-1776523487242@example.com)
[21:44:47 INF] HTTP POST /api/v1/auth/register responded 201 in 80.2898 ms
[21:44:48 INF] HTTP POST /api/v1/auth/login responded 200 in 71.7606 ms
[21:44:49 INF] HTTP GET /api/v1/customer/account/preferences responded 200 in 22.3634 ms
[21:46:25 INF] HTTP GET /api/v1/tours responded 200 in 84.3403 ms
[21:46:25 INF] HTTP GET /api/v1/tours/f5060fb1-d057-44ad-abdf-1a6465886c6c responded 200 in 15.9127 ms
[21:46:25 INF] HTTP POST /api/v1/tours/f5060fb1-d057-44ad-abdf-1a6465886c6c/quote responded 200 in 47.0126 ms
[21:46:26 INF] Registered new customer: c2ui1776523585759 (c2-ui-1776523585759@example.com)
[21:46:26 INF] HTTP POST /api/v1/auth/register responded 201 in 109.0206 ms
[21:46:27 INF] HTTP POST /api/v1/auth/login responded 200 in 78.4131 ms
[21:46:27 INF] HTTP GET /api/v1/customer/account/preferences responded 200 in 9.9207 ms
[21:46:28 INF] HTTP GET /api/v1/customer/account/preferences responded 200 in 3.7050 ms
[21:46:28 INF] HTTP GET /api/v1/customer/account/preferences responded 200 in 4.3135 ms
[21:46:28 INF] HTTP GET /api/v1/customer/account/preferences responded 200 in 3.8142 ms
[21:46:28 INF] HTTP GET /api/v1/customer/account/preferences responded 200 in 4.1212 ms
[21:46:29 INF] HTTP PUT /api/v1/customer/account/preferences responded 200 in 7.5549 ms
[21:46:29 INF] HTTP GET /api/v1/customer/account/preferences responded 200 in 4.5479 ms
[21:46:29 INF] HTTP POST /api/v1/customer/account/passengers responded 200 in 8.6549 ms
[21:46:29 WRN] Savepoints are disabled because Multiple Active Result Sets (MARS) is enabled. If 'SaveChanges' fails, then the transaction cannot be automatically rolled back to a known clean state. Instead, the transaction should be rolled back by the application before retrying 'SaveChanges'. See https://go.microsoft.com/fwlink/?linkid=2149338 for more information and examples. To identify the code which triggers this warning, call 'ConfigureWarnings(w => w.Throw(SqlServerEventId.SavepointsDisabledBecauseOfMARS))'.
[21:46:29 WRN] Savepoints are disabled because Multiple Active Result Sets (MARS) is enabled. If 'SaveChanges' fails, then the transaction cannot be automatically rolled back to a known clean state. Instead, the transaction should be rolled back by the application before retrying 'SaveChanges'. See https://go.microsoft.com/fwlink/?linkid=2149338 for more information and examples. To identify the code which triggers this warning, call 'ConfigureWarnings(w => w.Throw(SqlServerEventId.SavepointsDisabledBecauseOfMARS))'.
[21:46:29 WRN] Savepoints are disabled because Multiple Active Result Sets (MARS) is enabled. If 'SaveChanges' fails, then the transaction cannot be automatically rolled back to a known clean state. Instead, the transaction should be rolled back by the application before retrying 'SaveChanges'. See https://go.microsoft.com/fwlink/?linkid=2149338 for more information and examples. To identify the code which triggers this warning, call 'ConfigureWarnings(w => w.Throw(SqlServerEventId.SavepointsDisabledBecauseOfMARS))'.
[21:46:29 WRN] Savepoints are disabled because Multiple Active Result Sets (MARS) is enabled. If 'SaveChanges' fails, then the transaction cannot be automatically rolled back to a known clean state. Instead, the transaction should be rolled back by the application before retrying 'SaveChanges'. See https://go.microsoft.com/fwlink/?linkid=2149338 for more information and examples. To identify the code which triggers this warning, call 'ConfigureWarnings(w => w.Throw(SqlServerEventId.SavepointsDisabledBecauseOfMARS))'.
[21:46:29 INF] HTTP POST /api/v1/customer/orders responded 201 in 190.7567 ms
[21:46:30 INF] HTTP GET /api/v1/customer/account/preferences responded 200 in 5.1725 ms
[21:46:30 INF] HTTP GET /api/v1/tours/f5060fb1-d057-44ad-abdf-1a6465886c6c responded 200 in 21.6249 ms
[21:46:30 INF] HTTP GET /api/v1/tours/f5060fb1-d057-44ad-abdf-1a6465886c6c/gallery responded 200 in 33.1728 ms
[21:46:30 INF] HTTP GET /api/v1/tours/f5060fb1-d057-44ad-abdf-1a6465886c6c/addons responded 200 in 36.3823 ms
[21:46:30 INF] HTTP GET /api/v1/tours/f5060fb1-d057-44ad-abdf-1a6465886c6c/policies responded 200 in 39.7079 ms
[21:46:30 INF] HTTP GET /api/v1/customer/account/wishlist responded 200 in 7.4914 ms
[21:46:30 INF] HTTP GET /api/v1/customer/account/preferences responded 200 in 6.5182 ms
[21:46:30 INF] HTTP GET /api/v1/tours/f5060fb1-d057-44ad-abdf-1a6465886c6c/gallery responded 200 in 2.9937 ms
[21:46:30 INF] HTTP GET /api/v1/tours/f5060fb1-d057-44ad-abdf-1a6465886c6c responded 200 in 13.9587 ms
[21:46:30 INF] HTTP GET /api/v1/tours/f5060fb1-d057-44ad-abdf-1a6465886c6c/addons responded 200 in 8.2212 ms
[21:46:30 INF] HTTP GET /api/v1/tours/f5060fb1-d057-44ad-abdf-1a6465886c6c/policies responded 200 in 3.8616 ms
[21:46:30 INF] HTTP GET /api/v1/tours/f5060fb1-d057-44ad-abdf-1a6465886c6c/itinerary responded 200 in 64.4389 ms
[21:46:30 INF] HTTP GET /api/v1/customer/account/wishlist responded 200 in 5.0355 ms
[21:46:30 INF] HTTP GET /api/v1/tours/f5060fb1-d057-44ad-abdf-1a6465886c6c/faqs responded 200 in 66.2403 ms
[21:46:30 INF] HTTP GET /api/v1/tours/f5060fb1-d057-44ad-abdf-1a6465886c6c/itinerary responded 200 in 5.8664 ms
[21:46:30 INF] HTTP GET /api/v1/tours/f5060fb1-d057-44ad-abdf-1a6465886c6c/faqs responded 200 in 5.4789 ms
[21:46:30 INF] HTTP GET /api/v1/tours/f5060fb1-d057-44ad-abdf-1a6465886c6c/reviews responded 200 in 62.3916 ms
[21:46:30 INF] HTTP GET /api/v1/tours/f5060fb1-d057-44ad-abdf-1a6465886c6c/reviews responded 200 in 4.9048 ms
[21:46:30 INF] HTTP POST /api/v1/tours/f5060fb1-d057-44ad-abdf-1a6465886c6c/quote responded 200 in 6.3504 ms
[21:46:30 INF] HTTP POST /api/v1/customer/account/wishlist responded 200 in 13.5846 ms
[21:46:31 INF] HTTP GET /api/v1/customer/account/wishlist responded 200 in 4.1891 ms
[21:46:31 INF] HTTP GET /api/v1/customer/account/preferences responded 200 in 2.8871 ms
[21:46:31 INF] HTTP GET /api/v1/customer/account/wishlist responded 200 in 4.8336 ms
[21:46:31 INF] HTTP GET /api/v1/customer/account/preferences responded 200 in 4.2404 ms
[21:46:31 INF] HTTP GET /api/v1/customer/account/wishlist responded 200 in 3.3922 ms
[21:46:33 INF] HTTP GET /api/v1/customer/account/preferences responded 200 in 5.0763 ms
[21:46:33 INF] HTTP GET /api/v1/customer/account/passengers responded 200 in 6.2743 ms
[21:46:33 INF] HTTP GET /api/v1/customer/account/preferences responded 200 in 3.1641 ms
[21:46:33 INF] HTTP GET /api/v1/tours/f5060fb1-d057-44ad-abdf-1a6465886c6c responded 200 in 9.8058 ms
[21:46:33 INF] HTTP GET /api/v1/customer/account/passengers responded 200 in 3.2947 ms
[21:46:33 INF] HTTP GET /api/v1/tours/f5060fb1-d057-44ad-abdf-1a6465886c6c responded 200 in 8.1076 ms
[21:46:33 WRN] Compiling a query which loads related collections for more than one collection navigation, either via 'Include' or through projection, but no 'QuerySplittingBehavior' has been configured. By default, Entity Framework will use 'QuerySplittingBehavior.SingleQuery', which can potentially result in slow query performance. See https://go.microsoft.com/fwlink/?linkid=2134277 for more information. To identify the query that's triggering this warning call 'ConfigureWarnings(w => w.Throw(RelationalEventId.MultipleCollectionIncludeWarning))'.
[21:46:33 INF] HTTP POST /api/v1/tours/f5060fb1-d057-44ad-abdf-1a6465886c6c/quote responded 200 in 53.9248 ms
[21:46:33 INF] HTTP POST /api/v1/tours/f5060fb1-d057-44ad-abdf-1a6465886c6c/quote responded 200 in 64.0437 ms
[21:48:08 INF] HTTP GET /api/v1/tours responded 200 in 94.1279 ms
[21:48:08 INF] HTTP GET /api/v1/tours/f5060fb1-d057-44ad-abdf-1a6465886c6c responded 200 in 15.1410 ms
[21:48:08 INF] HTTP POST /api/v1/tours/f5060fb1-d057-44ad-abdf-1a6465886c6c/quote responded 200 in 50.1915 ms
[21:48:08 INF] Registered new customer: c2ui1776523688579 (c2-ui-1776523688579@example.com)
[21:48:08 INF] HTTP POST /api/v1/auth/register responded 201 in 80.4145 ms
[21:48:09 INF] HTTP POST /api/v1/auth/login responded 200 in 70.7448 ms
[21:48:09 INF] HTTP GET /api/v1/customer/account/preferences responded 200 in 8.0209 ms
[21:48:10 INF] HTTP GET /api/v1/customer/account/preferences responded 200 in 3.9584 ms
[21:48:10 INF] HTTP GET /api/v1/customer/account/preferences responded 200 in 3.6427 ms
[21:48:10 INF] HTTP GET /api/v1/customer/account/preferences responded 200 in 3.0781 ms
[21:48:10 INF] HTTP GET /api/v1/customer/account/preferences responded 200 in 3.3077 ms
[21:48:11 INF] HTTP PUT /api/v1/customer/account/preferences responded 200 in 8.1691 ms
[21:48:11 INF] HTTP GET /api/v1/customer/account/preferences responded 200 in 3.0355 ms
[21:48:12 INF] HTTP POST /api/v1/customer/account/passengers responded 200 in 9.3101 ms
[21:48:12 WRN] Savepoints are disabled because Multiple Active Result Sets (MARS) is enabled. If 'SaveChanges' fails, then the transaction cannot be automatically rolled back to a known clean state. Instead, the transaction should be rolled back by the application before retrying 'SaveChanges'. See https://go.microsoft.com/fwlink/?linkid=2149338 for more information and examples. To identify the code which triggers this warning, call 'ConfigureWarnings(w => w.Throw(SqlServerEventId.SavepointsDisabledBecauseOfMARS))'.
[21:48:12 WRN] Savepoints are disabled because Multiple Active Result Sets (MARS) is enabled. If 'SaveChanges' fails, then the transaction cannot be automatically rolled back to a known clean state. Instead, the transaction should be rolled back by the application before retrying 'SaveChanges'. See https://go.microsoft.com/fwlink/?linkid=2149338 for more information and examples. To identify the code which triggers this warning, call 'ConfigureWarnings(w => w.Throw(SqlServerEventId.SavepointsDisabledBecauseOfMARS))'.
[21:48:12 INF] HTTP POST /api/v1/customer/orders responded 201 in 133.2257 ms
[21:48:12 INF] HTTP GET /api/v1/customer/account/preferences responded 200 in 4.3722 ms
[21:48:12 INF] HTTP GET /api/v1/tours/f5060fb1-d057-44ad-abdf-1a6465886c6c/addons responded 200 in 10.8094 ms
[21:48:12 INF] HTTP GET /api/v1/tours/f5060fb1-d057-44ad-abdf-1a6465886c6c/gallery responded 200 in 13.6253 ms
[21:48:12 INF] HTTP GET /api/v1/tours/f5060fb1-d057-44ad-abdf-1a6465886c6c responded 200 in 14.3326 ms
[21:48:12 INF] HTTP GET /api/v1/tours/f5060fb1-d057-44ad-abdf-1a6465886c6c/policies responded 200 in 14.7568 ms
[21:48:12 INF] HTTP GET /api/v1/tours/f5060fb1-d057-44ad-abdf-1a6465886c6c/itinerary responded 200 in 18.8611 ms
[21:48:12 INF] HTTP GET /api/v1/customer/account/preferences responded 200 in 3.1806 ms
[21:48:12 INF] HTTP GET /api/v1/customer/account/wishlist responded 200 in 5.3934 ms
[21:48:12 INF] HTTP GET /api/v1/tours/f5060fb1-d057-44ad-abdf-1a6465886c6c/gallery responded 200 in 3.2864 ms
[21:48:12 INF] HTTP GET /api/v1/tours/f5060fb1-d057-44ad-abdf-1a6465886c6c/addons responded 200 in 4.2771 ms
[21:48:12 INF] HTTP GET /api/v1/tours/f5060fb1-d057-44ad-abdf-1a6465886c6c/faqs responded 200 in 27.2422 ms
[21:48:12 INF] HTTP GET /api/v1/tours/f5060fb1-d057-44ad-abdf-1a6465886c6c/policies responded 200 in 3.7303 ms
[21:48:12 INF] HTTP GET /api/v1/customer/account/wishlist responded 200 in 4.1056 ms
[21:48:12 INF] HTTP GET /api/v1/tours/f5060fb1-d057-44ad-abdf-1a6465886c6c/itinerary responded 200 in 7.6081 ms
[21:48:12 INF] HTTP GET /api/v1/tours/f5060fb1-d057-44ad-abdf-1a6465886c6c/reviews responded 200 in 21.2323 ms
[21:48:12 INF] HTTP GET /api/v1/tours/f5060fb1-d057-44ad-abdf-1a6465886c6c/faqs responded 200 in 7.9078 ms
[21:48:12 INF] HTTP GET /api/v1/tours/f5060fb1-d057-44ad-abdf-1a6465886c6c responded 200 in 20.6490 ms
[21:48:12 INF] HTTP GET /api/v1/tours/f5060fb1-d057-44ad-abdf-1a6465886c6c/reviews responded 200 in 6.4120 ms
[21:48:12 INF] HTTP POST /api/v1/tours/f5060fb1-d057-44ad-abdf-1a6465886c6c/quote responded 200 in 6.0786 ms
[21:48:12 INF] HTTP POST /api/v1/customer/account/wishlist responded 200 in 11.1076 ms
[21:48:14 INF] HTTP GET /api/v1/customer/account/wishlist responded 200 in 3.2595 ms
[21:48:14 INF] HTTP GET /api/v1/customer/account/preferences responded 200 in 2.9613 ms
[21:48:14 INF] HTTP GET /api/v1/customer/account/wishlist responded 200 in 3.9591 ms
[21:48:14 INF] HTTP GET /api/v1/customer/account/preferences responded 200 in 2.9497 ms
[21:48:14 INF] HTTP GET /api/v1/customer/account/wishlist responded 200 in 3.1808 ms
[21:48:16 INF] HTTP GET /api/v1/customer/account/preferences responded 200 in 4.0690 ms
[21:48:16 INF] HTTP GET /api/v1/customer/account/passengers responded 200 in 6.2595 ms
[21:48:16 INF] HTTP GET /api/v1/customer/account/preferences responded 200 in 6.8229 ms
[21:48:16 INF] HTTP GET /api/v1/customer/account/passengers responded 200 in 2.9768 ms
[21:48:16 INF] HTTP GET /api/v1/tours/f5060fb1-d057-44ad-abdf-1a6465886c6c responded 200 in 17.3519 ms
[21:48:16 INF] HTTP POST /api/v1/tours/f5060fb1-d057-44ad-abdf-1a6465886c6c/quote responded 200 in 41.3655 ms
[21:48:16 INF] HTTP GET /api/v1/tours/f5060fb1-d057-44ad-abdf-1a6465886c6c responded 200 in 41.8031 ms
[21:48:16 INF] HTTP POST /api/v1/tours/f5060fb1-d057-44ad-abdf-1a6465886c6c/quote responded 200 in 57.3867 ms
[21:48:48 INF] HTTP GET /api/v1/tours responded 200 in 95.1162 ms
[21:48:48 INF] HTTP GET /api/v1/tours/f5060fb1-d057-44ad-abdf-1a6465886c6c responded 200 in 12.7656 ms
[21:48:48 INF] HTTP POST /api/v1/tours/f5060fb1-d057-44ad-abdf-1a6465886c6c/quote responded 200 in 41.6027 ms
[21:48:48 INF] Registered new customer: diag1776523727926 (diag-1776523727926@example.com)
[21:48:48 INF] HTTP POST /api/v1/auth/register responded 201 in 71.1889 ms
[21:48:48 INF] HTTP POST /api/v1/auth/login responded 200 in 64.5625 ms
[21:48:48 INF] HTTP POST /api/v1/customer/account/passengers responded 200 in 6.8776 ms
[21:48:49 INF] HTTP POST /api/v1/auth/login responded 200 in 72.5184 ms
[21:48:49 INF] HTTP GET /api/v1/customer/account/preferences responded 200 in 7.5103 ms
[21:48:49 INF] HTTP GET /api/v1/customer/account/preferences responded 200 in 4.7066 ms
[21:48:49 INF] HTTP GET /api/v1/customer/account/preferences responded 200 in 5.7217 ms
[21:48:49 INF] HTTP GET /api/v1/customer/account/passengers responded 200 in 15.9051 ms
[21:48:49 INF] HTTP GET /api/v1/tours/f5060fb1-d057-44ad-abdf-1a6465886c6c responded 200 in 23.2076 ms
[21:48:49 INF] HTTP GET /api/v1/customer/account/passengers responded 200 in 5.4404 ms
[21:48:49 INF] HTTP GET /api/v1/tours/f5060fb1-d057-44ad-abdf-1a6465886c6c responded 200 in 22.0415 ms
[21:48:49 INF] HTTP POST /api/v1/tours/f5060fb1-d057-44ad-abdf-1a6465886c6c/quote responded 200 in 48.0325 ms
[21:48:49 INF] HTTP POST /api/v1/tours/f5060fb1-d057-44ad-abdf-1a6465886c6c/quote responded 200 in 42.8579 ms
[21:50:04 INF] HTTP GET /api/v1/tours responded 200 in 73.8139 ms
[21:50:04 INF] HTTP GET /api/v1/tours/f5060fb1-d057-44ad-abdf-1a6465886c6c responded 200 in 13.9176 ms
[21:50:04 INF] HTTP POST /api/v1/tours/f5060fb1-d057-44ad-abdf-1a6465886c6c/quote responded 200 in 45.0268 ms
[21:50:04 INF] Registered new customer: c2ui1776523804748 (c2-ui-1776523804748@example.com)
[21:50:04 INF] HTTP POST /api/v1/auth/register responded 201 in 73.2089 ms
[21:50:06 INF] HTTP POST /api/v1/auth/login responded 200 in 73.7424 ms
[21:50:06 INF] HTTP GET /api/v1/customer/account/preferences responded 200 in 8.5033 ms
[21:50:07 INF] HTTP GET /api/v1/customer/account/preferences responded 200 in 2.9198 ms
[21:50:07 INF] HTTP GET /api/v1/customer/account/preferences responded 200 in 2.7168 ms
[21:50:07 INF] HTTP GET /api/v1/customer/account/preferences responded 200 in 2.5921 ms
[21:50:07 INF] HTTP GET /api/v1/customer/account/preferences responded 200 in 2.5362 ms
[21:50:08 INF] HTTP PUT /api/v1/customer/account/preferences responded 200 in 7.0261 ms
[21:50:08 INF] HTTP GET /api/v1/customer/account/preferences responded 200 in 3.4588 ms
[21:50:08 INF] HTTP POST /api/v1/customer/account/passengers responded 200 in 9.9952 ms
[21:50:08 WRN] Savepoints are disabled because Multiple Active Result Sets (MARS) is enabled. If 'SaveChanges' fails, then the transaction cannot be automatically rolled back to a known clean state. Instead, the transaction should be rolled back by the application before retrying 'SaveChanges'. See https://go.microsoft.com/fwlink/?linkid=2149338 for more information and examples. To identify the code which triggers this warning, call 'ConfigureWarnings(w => w.Throw(SqlServerEventId.SavepointsDisabledBecauseOfMARS))'.
[21:50:08 WRN] Savepoints are disabled because Multiple Active Result Sets (MARS) is enabled. If 'SaveChanges' fails, then the transaction cannot be automatically rolled back to a known clean state. Instead, the transaction should be rolled back by the application before retrying 'SaveChanges'. See https://go.microsoft.com/fwlink/?linkid=2149338 for more information and examples. To identify the code which triggers this warning, call 'ConfigureWarnings(w => w.Throw(SqlServerEventId.SavepointsDisabledBecauseOfMARS))'.
[21:50:08 INF] HTTP POST /api/v1/customer/orders responded 201 in 132.9525 ms
[21:50:08 INF] HTTP GET /api/v1/customer/account/preferences responded 200 in 4.0841 ms
[21:50:08 INF] HTTP GET /api/v1/tours/f5060fb1-d057-44ad-abdf-1a6465886c6c/gallery responded 200 in 7.7882 ms
[21:50:08 INF] HTTP GET /api/v1/tours/f5060fb1-d057-44ad-abdf-1a6465886c6c responded 200 in 10.2032 ms
[21:50:08 INF] HTTP GET /api/v1/tours/f5060fb1-d057-44ad-abdf-1a6465886c6c/addons responded 200 in 9.5648 ms
[21:50:08 INF] HTTP GET /api/v1/tours/f5060fb1-d057-44ad-abdf-1a6465886c6c/policies responded 200 in 11.9090 ms
[21:50:08 INF] HTTP GET /api/v1/customer/account/preferences responded 200 in 3.7846 ms
[21:50:08 INF] HTTP GET /api/v1/customer/account/wishlist responded 200 in 7.4191 ms
[21:50:08 INF] HTTP GET /api/v1/tours/f5060fb1-d057-44ad-abdf-1a6465886c6c/gallery responded 200 in 3.6595 ms
[21:50:08 INF] HTTP GET /api/v1/tours/f5060fb1-d057-44ad-abdf-1a6465886c6c/faqs responded 200 in 18.4607 ms
[21:50:08 INF] HTTP GET /api/v1/tours/f5060fb1-d057-44ad-abdf-1a6465886c6c/policies responded 200 in 3.0177 ms
[21:50:08 INF] HTTP GET /api/v1/tours/f5060fb1-d057-44ad-abdf-1a6465886c6c/addons responded 200 in 3.1016 ms
[21:50:08 INF] HTTP GET /api/v1/tours/f5060fb1-d057-44ad-abdf-1a6465886c6c/reviews responded 200 in 19.2123 ms
[21:50:08 INF] HTTP GET /api/v1/customer/account/wishlist responded 200 in 2.7112 ms
[21:50:08 INF] HTTP GET /api/v1/tours/f5060fb1-d057-44ad-abdf-1a6465886c6c responded 200 in 9.6276 ms
[21:50:08 INF] HTTP GET /api/v1/tours/f5060fb1-d057-44ad-abdf-1a6465886c6c/itinerary responded 200 in 35.9055 ms
[21:50:08 INF] HTTP GET /api/v1/tours/f5060fb1-d057-44ad-abdf-1a6465886c6c/reviews responded 200 in 3.7604 ms
[21:50:08 INF] HTTP GET /api/v1/tours/f5060fb1-d057-44ad-abdf-1a6465886c6c/faqs responded 200 in 7.6615 ms
[21:50:08 INF] HTTP GET /api/v1/tours/f5060fb1-d057-44ad-abdf-1a6465886c6c/itinerary responded 200 in 3.7202 ms
[21:50:09 INF] HTTP POST /api/v1/tours/f5060fb1-d057-44ad-abdf-1a6465886c6c/quote responded 200 in 5.6100 ms
[21:50:09 INF] HTTP POST /api/v1/customer/account/wishlist responded 200 in 8.5988 ms
[21:50:10 INF] HTTP GET /api/v1/customer/account/wishlist responded 200 in 2.7254 ms
[21:50:10 INF] HTTP GET /api/v1/customer/account/preferences responded 200 in 3.0761 ms
[21:50:10 INF] HTTP GET /api/v1/customer/account/wishlist responded 200 in 4.4354 ms
[21:50:10 INF] HTTP GET /api/v1/customer/account/preferences responded 200 in 3.2847 ms
[21:50:10 INF] HTTP GET /api/v1/customer/account/wishlist responded 200 in 3.1863 ms
[21:50:12 INF] HTTP GET /api/v1/customer/account/preferences responded 200 in 2.9966 ms
[21:50:12 INF] HTTP GET /api/v1/customer/account/preferences responded 200 in 4.8257 ms
[21:50:12 INF] HTTP GET /api/v1/customer/account/passengers responded 200 in 7.9220 ms
[21:50:12 INF] HTTP GET /api/v1/tours/f5060fb1-d057-44ad-abdf-1a6465886c6c responded 200 in 12.1827 ms
[21:50:12 INF] HTTP GET /api/v1/customer/account/passengers responded 200 in 4.7536 ms
[21:50:12 INF] HTTP GET /api/v1/tours/f5060fb1-d057-44ad-abdf-1a6465886c6c responded 200 in 13.0077 ms
[21:50:12 INF] HTTP POST /api/v1/tours/f5060fb1-d057-44ad-abdf-1a6465886c6c/quote responded 200 in 42.7633 ms
[21:50:12 INF] HTTP POST /api/v1/tours/f5060fb1-d057-44ad-abdf-1a6465886c6c/quote responded 200 in 38.6198 ms
[21:51:22 INF] HTTP GET /api/v1/tours responded 200 in 81.5670 ms
[21:51:22 INF] HTTP GET /api/v1/tours/f5060fb1-d057-44ad-abdf-1a6465886c6c responded 200 in 12.9547 ms
[21:51:22 INF] HTTP POST /api/v1/tours/f5060fb1-d057-44ad-abdf-1a6465886c6c/quote responded 200 in 41.8210 ms
[21:51:22 INF] Registered new customer: c2ui1776523882269 (c2-ui-1776523882269@example.com)
[21:51:22 INF] HTTP POST /api/v1/auth/register responded 201 in 74.0154 ms
[21:51:23 INF] HTTP POST /api/v1/auth/login responded 200 in 77.5012 ms
[21:51:23 INF] HTTP GET /api/v1/customer/account/preferences responded 200 in 8.4562 ms
[21:51:24 INF] HTTP GET /api/v1/customer/account/preferences responded 200 in 3.1308 ms
[21:51:24 INF] HTTP GET /api/v1/customer/account/preferences responded 200 in 2.5431 ms
[21:51:24 INF] HTTP GET /api/v1/customer/account/preferences responded 200 in 2.8290 ms
[21:51:24 INF] HTTP GET /api/v1/customer/account/preferences responded 200 in 2.6930 ms
[21:51:25 INF] HTTP PUT /api/v1/customer/account/preferences responded 200 in 5.3688 ms
[21:51:25 INF] HTTP GET /api/v1/customer/account/preferences responded 200 in 2.5315 ms
[21:51:25 INF] HTTP POST /api/v1/customer/account/passengers responded 200 in 9.5361 ms
[21:51:26 WRN] Savepoints are disabled because Multiple Active Result Sets (MARS) is enabled. If 'SaveChanges' fails, then the transaction cannot be automatically rolled back to a known clean state. Instead, the transaction should be rolled back by the application before retrying 'SaveChanges'. See https://go.microsoft.com/fwlink/?linkid=2149338 for more information and examples. To identify the code which triggers this warning, call 'ConfigureWarnings(w => w.Throw(SqlServerEventId.SavepointsDisabledBecauseOfMARS))'.
[21:51:26 WRN] Savepoints are disabled because Multiple Active Result Sets (MARS) is enabled. If 'SaveChanges' fails, then the transaction cannot be automatically rolled back to a known clean state. Instead, the transaction should be rolled back by the application before retrying 'SaveChanges'. See https://go.microsoft.com/fwlink/?linkid=2149338 for more information and examples. To identify the code which triggers this warning, call 'ConfigureWarnings(w => w.Throw(SqlServerEventId.SavepointsDisabledBecauseOfMARS))'.
[21:51:26 INF] HTTP POST /api/v1/customer/orders responded 201 in 145.2041 ms
[21:51:26 INF] HTTP GET /api/v1/customer/account/preferences responded 200 in 4.0721 ms
[21:51:26 INF] HTTP GET /api/v1/tours/f5060fb1-d057-44ad-abdf-1a6465886c6c/gallery responded 200 in 8.0508 ms
[21:51:26 INF] HTTP GET /api/v1/tours/f5060fb1-d057-44ad-abdf-1a6465886c6c responded 200 in 10.2683 ms
[21:51:26 INF] HTTP GET /api/v1/tours/f5060fb1-d057-44ad-abdf-1a6465886c6c/itinerary responded 200 in 9.8367 ms
[21:51:26 INF] HTTP GET /api/v1/tours/f5060fb1-d057-44ad-abdf-1a6465886c6c/policies responded 200 in 10.5537 ms
[21:51:26 INF] HTTP GET /api/v1/tours/f5060fb1-d057-44ad-abdf-1a6465886c6c/addons responded 200 in 10.1956 ms
[21:51:26 INF] HTTP GET /api/v1/tours/f5060fb1-d057-44ad-abdf-1a6465886c6c/faqs responded 200 in 13.1318 ms
[21:51:26 INF] HTTP GET /api/v1/tours/f5060fb1-d057-44ad-abdf-1a6465886c6c/gallery responded 200 in 2.3232 ms
[21:51:26 INF] HTTP GET /api/v1/customer/account/preferences responded 200 in 2.7706 ms
[21:51:26 INF] HTTP GET /api/v1/tours/f5060fb1-d057-44ad-abdf-1a6465886c6c/reviews responded 200 in 8.8479 ms
[21:51:26 INF] HTTP GET /api/v1/customer/account/wishlist responded 200 in 7.0079 ms
[21:51:26 INF] HTTP GET /api/v1/tours/f5060fb1-d057-44ad-abdf-1a6465886c6c/itinerary responded 200 in 4.0808 ms
[21:51:26 INF] HTTP GET /api/v1/tours/f5060fb1-d057-44ad-abdf-1a6465886c6c responded 200 in 10.5584 ms
[21:51:26 INF] HTTP GET /api/v1/tours/f5060fb1-d057-44ad-abdf-1a6465886c6c/addons responded 200 in 3.3768 ms
[21:51:26 INF] HTTP GET /api/v1/tours/f5060fb1-d057-44ad-abdf-1a6465886c6c/policies responded 200 in 3.6853 ms
[21:51:26 INF] HTTP GET /api/v1/customer/account/wishlist responded 200 in 3.4314 ms
[21:51:26 INF] HTTP GET /api/v1/tours/f5060fb1-d057-44ad-abdf-1a6465886c6c/faqs responded 200 in 4.4585 ms
[21:51:26 INF] HTTP GET /api/v1/tours/f5060fb1-d057-44ad-abdf-1a6465886c6c/reviews responded 200 in 4.1857 ms
[21:51:26 INF] HTTP POST /api/v1/tours/f5060fb1-d057-44ad-abdf-1a6465886c6c/quote responded 200 in 7.1435 ms
[21:51:26 INF] HTTP POST /api/v1/customer/account/wishlist responded 200 in 10.3082 ms
[21:51:27 INF] HTTP GET /api/v1/customer/account/wishlist responded 200 in 2.4458 ms
[21:51:28 INF] HTTP GET /api/v1/customer/account/preferences responded 200 in 2.8551 ms
[21:51:28 INF] HTTP GET /api/v1/customer/account/wishlist responded 200 in 4.0485 ms
[21:51:28 INF] HTTP GET /api/v1/customer/account/preferences responded 200 in 3.0185 ms
[21:51:28 INF] HTTP GET /api/v1/customer/account/wishlist responded 200 in 3.7553 ms
[21:51:29 INF] HTTP GET /api/v1/customer/account/preferences responded 200 in 3.0723 ms
[21:51:30 INF] HTTP GET /api/v1/customer/account/preferences responded 200 in 2.1396 ms
[21:51:30 INF] HTTP GET /api/v1/customer/account/passengers responded 200 in 5.1379 ms
[21:51:30 INF] HTTP GET /api/v1/tours/f5060fb1-d057-44ad-abdf-1a6465886c6c responded 200 in 9.4471 ms
[21:51:30 INF] HTTP GET /api/v1/customer/account/passengers responded 200 in 6.8617 ms
[21:51:30 INF] HTTP POST /api/v1/tours/f5060fb1-d057-44ad-abdf-1a6465886c6c/quote responded 200 in 37.1031 ms
[21:51:30 INF] HTTP POST /api/v1/tours/f5060fb1-d057-44ad-abdf-1a6465886c6c/quote responded 200 in 36.4069 ms
[21:51:30 INF] HTTP GET /api/v1/tours/f5060fb1-d057-44ad-abdf-1a6465886c6c responded 200 in 37.7246 ms
[21:51:30 INF] HTTP GET /api/v1/customer/account/notifications responded 200 in 5.5960 ms
[21:51:30 INF] HTTP GET /api/v1/customer/account/preferences responded 200 in 3.3695 ms
[21:51:30 INF] HTTP GET /api/v1/customer/account/notifications responded 200 in 3.2571 ms
[21:51:30 INF] HTTP GET /api/v1/customer/account/preferences responded 200 in 3.0653 ms
[21:51:30 INF] HTTP GET /api/v1/customer/account/notifications responded 200 in 3.0715 ms
[21:51:32 INF] HTTP GET /api/v1/customer/account/preferences responded 200 in 3.1114 ms
[21:51:32 INF] HTTP GET /api/v1/customer/account/preferences responded 200 in 2.4819 ms
[21:51:32 INF] HTTP GET /api/v1/auth/2fa/status responded 200 in 9.4773 ms
[21:51:32 INF] HTTP GET /api/v1/auth/2fa/status responded 200 in 3.6540 ms
[21:51:32 INF] HTTP GET /api/v1/auth/sessions responded 200 in 26.4091 ms
[21:51:32 INF] HTTP GET /api/v1/auth/sessions responded 200 in 3.7915 ms
[21:51:33 INF] HTTP POST /api/v1/auth/2fa/setup responded 200 in 14.3574 ms
[21:51:33 INF] HTTP POST /api/v1/auth/2fa/enable responded 200 in 16.4824 ms
[21:51:34 INF] HTTP POST /api/v1/auth/login responded 200 in 66.3917 ms
[21:51:35 INF] HTTP POST /api/v1/auth/2fa/verify-login responded 200 in 6.2784 ms
[21:51:35 INF] HTTP GET /api/v1/customer/account/preferences responded 200 in 4.2717 ms
