Using launch settings from d:\FPT\TicketBooking.V3\TicketBooking.Api\Properties\launchSettings.json...
Building...
[19:48:03 INF] Ensured user 'qlnx' with role 'QLNX'.
[19:48:03 INF] Ensured user 'qlks' with role 'QLKS'.
[19:48:03 INF] Ensured user 'qlvt' with role 'QLVT'.
[19:48:03 INF] Ensured user 'qlvmm' with role 'QLVMM'.
[19:48:03 INF] Ensured user 'qltour' with role 'QLTour'.
[19:48:03 INF] Ensured user 'scanner_nx' with role 'Customer'.
[19:48:03 INF] Ensured user 'customer' with role 'Customer'.
[19:48:03 INF] Identity seed completed.
[19:48:03 INF] Tenant NX001 already exists.
[19:48:03 INF] Tenant VT001 already exists.
[19:48:03 INF] Tenant VMM001 already exists.
[19:48:03 INF] Tenant KS001 already exists.
[19:48:03 INF] Tenant TOUR001 already exists.
[19:48:03 INF] Updated tenant link 'qlnx' -> tenant 16604939-0d6a-4a9d-b828-6e9797dd1ffd.
[19:48:03 INF] Updated tenant link 'admin' -> tenant 16604939-0d6a-4a9d-b828-6e9797dd1ffd.
[19:48:03 INF] Updated tenant link 'qlvt' -> tenant 8f759d36-942d-4666-bda8-195ccfc7939a.
[19:48:03 INF] Updated tenant link 'admin' -> tenant 8f759d36-942d-4666-bda8-195ccfc7939a.
[19:48:03 INF] Updated tenant link 'qlvmm' -> tenant 47997b25-a35b-4291-a7ca-2521e14ea6e4.
[19:48:03 INF] Updated tenant link 'admin' -> tenant 47997b25-a35b-4291-a7ca-2521e14ea6e4.
[19:48:03 INF] Updated tenant link 'qlks' -> tenant 32110ffc-3d5b-409b-8bbb-8fb3286d9cc7.
[19:48:03 INF] Updated tenant link 'admin' -> tenant 32110ffc-3d5b-409b-8bbb-8fb3286d9cc7.
[19:48:03 INF] Updated tenant link 'qltour' -> tenant dfb80807-d1db-43b0-a62f-9b744f1dde4f.
[19:48:03 INF] Updated tenant link 'admin' -> tenant dfb80807-d1db-43b0-a62f-9b744f1dde4f.
[19:48:03 INF] Tenants seed completed (NX001/VT001/VMM001/KS001/TOUR001).
[19:48:03 INF] Permissions seed completed.
[19:48:04 INF] Tenant system role seed completed.
[19:48:04 INF] Updated TenantUser link 'customer' -> tenant 16604939-0d6a-4a9d-b828-6e9797dd1ffd.
[19:48:04 INF] Updated TenantUser link 'scanner_nx' -> tenant 16604939-0d6a-4a9d-b828-6e9797dd1ffd.
[19:48:04 INF] TenantRoles seed completed for NX001.
[19:48:04 INF] BUS demo seed completed for tenant NX001.
[19:48:05 INF] TRAIN demo seed completed for tenant VT001.
[19:48:05 INF] Flight demo seed completed for tenant VMM001.
[19:48:06 INF] CmsDemoSeed completed for tenant NX001.
[19:48:06 INF] Hotel demo seed starting for 6 tenant(s). Days=14
[19:48:06 INF] Tenant KS001: Hotel HTL_KS001_DEMO_01 already exists. Skipping core hotel create.
[19:48:07 INF] Tenant KS001: Hotel seed OK (HTL_KS001_DEMO_01)
[19:48:07 INF] Tenant NX001: Hotel HTL_NX001_DEMO_01 already exists. Skipping core hotel create.
[19:48:07 INF] Tenant NX001: Hotel seed OK (HTL_NX001_DEMO_01)
[19:48:07 INF] Tenant TEST001: Hotel HTL_TEST001_DEMO_01 already exists. Skipping core hotel create.
[19:48:07 INF] Tenant TEST001: Hotel seed OK (HTL_TEST001_DEMO_01)
[19:48:07 INF] Tenant TOUR001: Hotel HTL_TOUR001_DEMO_01 already exists. Skipping core hotel create.
[19:48:07 INF] Tenant TOUR001: Hotel seed OK (HTL_TOUR001_DEMO_01)
[19:48:07 INF] Tenant VMM001: Hotel HTL_VMM001_DEMO_01 already exists. Skipping core hotel create.
[19:48:07 INF] Tenant VMM001: Hotel seed OK (HTL_VMM001_DEMO_01)
[19:48:07 INF] Tenant VT001: Hotel HTL_VT001_DEMO_01 already exists. Skipping core hotel create.
[19:48:08 INF] Tenant VT001: Hotel seed OK (HTL_VT001_DEMO_01)
[19:48:08 INF] Hotel demo seed finished.
[19:48:08 INF] Now listening on: http://127.0.0.1:5183
[19:48:08 INF] Application started. Press Ctrl+C to shut down.
[19:48:08 INF] Hosting environment: Development
[19:48:08 INF] Content root path: d:\FPT\TicketBooking.V3\TicketBooking.Api
[19:49:31 WRN] Failed to determine the https port for redirect.
[19:49:31 INF] Registered new customer: c2.customer (c2.customer.20260417194931@example.com)
[19:49:31 INF] HTTP POST /api/v1/auth/register responded 201 in 263.4409 ms
[19:49:31 INF] HTTP POST /api/v1/auth/login responded 200 in 144.9079 ms
[19:49:31 INF] HTTP GET /api/v1/customer/account/preferences responded 200 in 108.6554 ms
[19:49:31 INF] HTTP PUT /api/v1/customer/account/preferences responded 200 in 94.8548 ms
[19:49:32 INF] HTTP GET /api/v1/customer/account/preferences responded 200 in 22.1156 ms
[19:49:32 INF] HTTP POST /api/v1/customer/account/passengers responded 200 in 97.4650 ms
[19:49:32 INF] HTTP GET /api/v1/customer/account/passengers responded 200 in 18.8278 ms
[19:49:32 INF] HTTP POST /api/v1/auth/2fa/setup responded 200 in 39.6746 ms
[19:49:32 INF] HTTP POST /api/v1/auth/2fa/enable responded 401 in 5.3480 ms
[20:27:13 INF] HTTP GET /api/v1/customer/account/preferences responded 401 in 3.2907 ms
[20:27:13 INF] HTTP GET /api/v1/customer/account/preferences responded 401 in 0.6702 ms
[20:27:13 INF] HTTP POST /api/v1/auth/refresh responded 200 in 43.7605 ms
[20:27:14 INF] HTTP GET /api/v1/customer/account/preferences responded 200 in 13.2887 ms
[20:27:14 INF] HTTP GET /api/v1/customer/account/preferences responded 200 in 9.4576 ms
[20:27:14 INF] HTTP GET /api/v1/customer/orders/payment-methods responded 200 in 84.8099 ms
[20:27:14 INF] HTTP GET /api/v1/customer/orders/payment-methods responded 200 in 29.5384 ms
[20:27:14 INF] HTTP GET /api/v1/customer/account/payments responded 200 in 216.0245 ms
[20:27:14 INF] HTTP GET /api/v1/customer/account/payments responded 200 in 22.6590 ms
[20:27:52 INF] HTTP GET /api/v1/customer/account/wishlist responded 200 in 40.0423 ms
[20:27:52 INF] HTTP GET /api/v1/customer/account/wishlist responded 200 in 5.8323 ms
[20:27:52 INF] HTTP GET /api/v1/tours responded 200 in 238.8656 ms
[20:27:52 INF] HTTP GET /api/v1/tours responded 200 in 10.0085 ms
[20:27:56 INF] HTTP GET /api/v1/search/flights/airports responded 200 in 50.8990 ms
[20:27:56 INF] HTTP GET /api/v1/search/flights/airports responded 200 in 4.1518 ms
[20:27:57 INF] HTTP GET /api/v1/search/flights responded 200 in 188.5537 ms
[20:27:59 INF] HTTP GET /api/v1/train/search/locations responded 200 in 55.4471 ms
[20:27:59 INF] HTTP GET /api/v1/train/search/locations responded 200 in 2.2395 ms
[20:27:59 INF] HTTP GET /api/v1/train/search/trips responded 200 in 40.5524 ms
[20:28:04 INF] HTTP GET /api/v1/customer/account/wishlist responded 200 in 5.1637 ms
[20:28:04 INF] HTTP GET /api/v1/tours responded 200 in 11.3306 ms
[20:28:04 INF] HTTP GET /api/v1/customer/account/wishlist responded 200 in 4.4691 ms
[20:28:04 INF] HTTP GET /api/v1/tours responded 200 in 6.6727 ms
[20:28:08 INF] HTTP GET /api/v1/tours/f5060fb1-d057-44ad-abdf-1a6465886c6c/gallery responded 200 in 40.8866 ms
[20:28:08 INF] HTTP GET /api/v1/tours/f5060fb1-d057-44ad-abdf-1a6465886c6c/policies responded 200 in 46.9406 ms
[20:28:08 INF] HTTP GET /api/v1/tours/f5060fb1-d057-44ad-abdf-1a6465886c6c/addons responded 200 in 54.3797 ms
[20:28:08 INF] HTTP GET /api/v1/tours/f5060fb1-d057-44ad-abdf-1a6465886c6c/gallery responded 200 in 3.9138 ms
[20:28:08 INF] HTTP GET /api/v1/tours/f5060fb1-d057-44ad-abdf-1a6465886c6c/policies responded 200 in 3.3610 ms
[20:28:08 INF] HTTP GET /api/v1/tours/f5060fb1-d057-44ad-abdf-1a6465886c6c/addons responded 200 in 3.0218 ms
[20:28:08 INF] HTTP GET /api/v1/tours/f5060fb1-d057-44ad-abdf-1a6465886c6c/itinerary responded 200 in 68.7757 ms
[20:28:08 INF] HTTP GET /api/v1/tours/f5060fb1-d057-44ad-abdf-1a6465886c6c/faqs responded 200 in 72.2679 ms
[20:28:08 INF] HTTP GET /api/v1/tours/f5060fb1-d057-44ad-abdf-1a6465886c6c/itinerary responded 200 in 5.0647 ms
[20:28:08 INF] HTTP GET /api/v1/tours/f5060fb1-d057-44ad-abdf-1a6465886c6c/faqs responded 200 in 4.0661 ms
[20:28:08 INF] HTTP GET /api/v1/tours/f5060fb1-d057-44ad-abdf-1a6465886c6c/reviews responded 200 in 55.1967 ms
[20:28:08 INF] HTTP GET /api/v1/tours/f5060fb1-d057-44ad-abdf-1a6465886c6c/reviews responded 200 in 6.7674 ms
[20:28:08 INF] HTTP GET /api/v1/tours/f5060fb1-d057-44ad-abdf-1a6465886c6c responded 200 in 115.3530 ms
[20:28:08 INF] HTTP GET /api/v1/tours/f5060fb1-d057-44ad-abdf-1a6465886c6c responded 200 in 9.4954 ms
[20:28:08 WRN] Compiling a query which loads related collections for more than one collection navigation, either via 'Include' or through projection, but no 'QuerySplittingBehavior' has been configured. By default, Entity Framework will use 'QuerySplittingBehavior.SingleQuery', which can potentially result in slow query performance. See https://go.microsoft.com/fwlink/?linkid=2134277 for more information. To identify the query that's triggering this warning call 'ConfigureWarnings(w => w.Throw(RelationalEventId.MultipleCollectionIncludeWarning))'.
[20:28:08 INF] HTTP POST /api/v1/tours/f5060fb1-d057-44ad-abdf-1a6465886c6c/quote responded 200 in 298.7928 ms
[20:28:10 INF] HTTP POST /api/v1/tours/f5060fb1-d057-44ad-abdf-1a6465886c6c/quote responded 200 in 9.2245 ms
[20:28:11 INF] HTTP GET /api/v1/customer/account/passengers responded 200 in 7.5821 ms
[20:28:11 INF] HTTP GET /api/v1/tours/f5060fb1-d057-44ad-abdf-1a6465886c6c responded 200 in 10.0578 ms
[20:28:11 INF] HTTP GET /api/v1/customer/account/passengers responded 200 in 3.8231 ms
[20:28:11 INF] HTTP GET /api/v1/tours/f5060fb1-d057-44ad-abdf-1a6465886c6c responded 200 in 11.5474 ms
[20:28:11 WRN] Compiling a query which loads related collections for more than one collection navigation, either via 'Include' or through projection, but no 'QuerySplittingBehavior' has been configured. By default, Entity Framework will use 'QuerySplittingBehavior.SingleQuery', which can potentially result in slow query performance. See https://go.microsoft.com/fwlink/?linkid=2134277 for more information. To identify the query that's triggering this warning call 'ConfigureWarnings(w => w.Throw(RelationalEventId.MultipleCollectionIncludeWarning))'.
[20:28:11 INF] HTTP POST /api/v1/tours/f5060fb1-d057-44ad-abdf-1a6465886c6c/quote responded 200 in 41.5153 ms
[20:28:11 INF] HTTP POST /api/v1/tours/f5060fb1-d057-44ad-abdf-1a6465886c6c/quote responded 200 in 41.8429 ms
[20:28:30 WRN] Compiling a query which loads related collections for more than one collection navigation, either via 'Include' or through projection, but no 'QuerySplittingBehavior' has been configured. By default, Entity Framework will use 'QuerySplittingBehavior.SingleQuery', which can potentially result in slow query performance. See https://go.microsoft.com/fwlink/?linkid=2134277 for more information. To identify the query that's triggering this warning call 'ConfigureWarnings(w => w.Throw(RelationalEventId.MultipleCollectionIncludeWarning))'.
[20:28:30 WRN] Savepoints are disabled because Multiple Active Result Sets (MARS) is enabled. If 'SaveChanges' fails, then the transaction cannot be automatically rolled back to a known clean state. Instead, the transaction should be rolled back by the application before retrying 'SaveChanges'. See https://go.microsoft.com/fwlink/?linkid=2149338 for more information and examples. To identify the code which triggers this warning, call 'ConfigureWarnings(w => w.Throw(SqlServerEventId.SavepointsDisabledBecauseOfMARS))'.
[20:28:30 WRN] Savepoints are disabled because Multiple Active Result Sets (MARS) is enabled. If 'SaveChanges' fails, then the transaction cannot be automatically rolled back to a known clean state. Instead, the transaction should be rolled back by the application before retrying 'SaveChanges'. See https://go.microsoft.com/fwlink/?linkid=2149338 for more information and examples. To identify the code which triggers this warning, call 'ConfigureWarnings(w => w.Throw(SqlServerEventId.SavepointsDisabledBecauseOfMARS))'.
[20:28:31 INF] HTTP POST /api/v1/customer/orders responded 201 in 1129.0593 ms
[20:28:31 INF] HTTP GET /api/v1/customer/orders/ORD-2026041713283039790E responded 200 in 26.1242 ms
[20:28:31 INF] HTTP GET /api/v1/customer/orders/ORD-2026041713283039790E responded 200 in 6.3656 ms
[20:28:31 ERR] HTTP POST /api/v1/customer/orders/ORD-2026041713283039790E/payment-init responded 500 in 7.2165 ms
System.InvalidOperationException: SePay gateway is not configured.
   at TicketBooking.Api.Services.Commerce.SePayGatewayService.EnsureConfigured() in d:\FPT\TicketBooking.V3\TicketBooking.Api\Services\Commerce\SePayGatewayService.cs:line 217
   at TicketBooking.Api.Services.Commerce.SePayGatewayService.BuildCheckoutForm(CustomerOrder order, CustomerPayment payment, String appBaseUrl, String orderDescription, String customerId) in d:\FPT\TicketBooking.V3\TicketBooking.Api\Services\Commerce\SePayGatewayService.cs:line 51
   at TicketBooking.Api.Services.Commerce.CustomerOrderService.StartPaymentAsync(String orderCode, Guid userId, StartPaymentRequest request, CancellationToken ct) in d:\FPT\TicketBooking.V3\TicketBooking.Api\Services\Commerce\CustomerOrderService.Payment.cs:line 45
   at TicketBooking.Api.Controllers.Commerce.CustomerOrdersController.StartPayment(String orderCode, StartPaymentRequest request, CancellationToken ct) in d:\FPT\TicketBooking.V3\TicketBooking.Api\Controllers\Commerce\CustomerOrdersController.cs:line 102
   at lambda_method16105(Closure, Object)
   at Microsoft.AspNetCore.Mvc.Infrastructure.ActionMethodExecutor.AwaitableObjectResultExecutor.Execute(ActionContext actionContext, IActionResultTypeMapper mapper, ObjectMethodExecutor executor, Object controller, Object[] arguments)
   at Microsoft.AspNetCore.Mvc.Infrastructure.ControllerActionInvoker.<InvokeActionMethodAsync>g__Awaited|12_0(ControllerActionInvoker invoker, ValueTask`1 actionResultValueTask)
   at Microsoft.AspNetCore.Mvc.Infrastructure.ControllerActionInvoker.<InvokeNextActionFilterAsync>g__Awaited|10_0(ControllerActionInvoker invoker, Task lastTask, State next, Scope scope, Object state, Boolean isCompleted)
   at Microsoft.AspNetCore.Mvc.Infrastructure.ControllerActionInvoker.Rethrow(ActionExecutedContextSealed context)
   at Microsoft.AspNetCore.Mvc.Infrastructure.ControllerActionInvoker.Next(State& next, Scope& scope, Object& state, Boolean& isCompleted)
   at Microsoft.AspNetCore.Mvc.Infrastructure.ControllerActionInvoker.<InvokeInnerFilterAsync>g__Awaited|13_0(ControllerActionInvoker invoker, Task lastTask, State next, Scope scope, Object state, Boolean isCompleted)
   at Microsoft.AspNetCore.Mvc.Infrastructure.ResourceInvoker.<InvokeFilterPipelineAsync>g__Awaited|20_0(ResourceInvoker invoker, Task lastTask, State next, Scope scope, Object state, Boolean isCompleted)
   at Microsoft.AspNetCore.Mvc.Infrastructure.ResourceInvoker.<InvokeAsync>g__Awaited|17_0(ResourceInvoker invoker, Task task, IDisposable scope)
   at Microsoft.AspNetCore.Mvc.Infrastructure.ResourceInvoker.<InvokeAsync>g__Awaited|17_0(ResourceInvoker invoker, Task task, IDisposable scope)
   at Microsoft.AspNetCore.Authorization.AuthorizationMiddleware.Invoke(HttpContext context)
   at TicketBooking.Api.Middlewares.TenantContextMiddleware.InvokeAsync(HttpContext context, RequestDelegate next) in d:\FPT\TicketBooking.V3\TicketBooking.Api\Middlewares\TenantContextMiddleware.cs:line 69
   at Microsoft.AspNetCore.Builder.UseMiddlewareExtensions.InterfaceMiddlewareBinder.<>c__DisplayClass2_0.<<CreateMiddleware>b__0>d.MoveNext()
--- End of stack trace from previous location ---
   at Microsoft.AspNetCore.Authentication.AuthenticationMiddleware.Invoke(HttpContext context)
   at Serilog.AspNetCore.RequestLoggingMiddleware.Invoke(HttpContext httpContext)
[20:28:31 ERR] HTTP POST /api/v1/customer/orders/ORD-2026041713283039790E/payment-init responded 500 in 17.0894 ms
System.InvalidOperationException: SePay gateway is not configured.
   at TicketBooking.Api.Services.Commerce.SePayGatewayService.EnsureConfigured() in d:\FPT\TicketBooking.V3\TicketBooking.Api\Services\Commerce\SePayGatewayService.cs:line 217
   at TicketBooking.Api.Services.Commerce.SePayGatewayService.BuildCheckoutForm(CustomerOrder order, CustomerPayment payment, String appBaseUrl, String orderDescription, String customerId) in d:\FPT\TicketBooking.V3\TicketBooking.Api\Services\Commerce\SePayGatewayService.cs:line 51
   at TicketBooking.Api.Services.Commerce.CustomerOrderService.StartPaymentAsync(String orderCode, Guid userId, StartPaymentRequest request, CancellationToken ct) in d:\FPT\TicketBooking.V3\TicketBooking.Api\Services\Commerce\CustomerOrderService.Payment.cs:line 45
   at TicketBooking.Api.Controllers.Commerce.CustomerOrdersController.StartPayment(String orderCode, StartPaymentRequest request, CancellationToken ct) in d:\FPT\TicketBooking.V3\TicketBooking.Api\Controllers\Commerce\CustomerOrdersController.cs:line 102
   at lambda_method16105(Closure, Object)
   at Microsoft.AspNetCore.Mvc.Infrastructure.ActionMethodExecutor.AwaitableObjectResultExecutor.Execute(ActionContext actionContext, IActionResultTypeMapper mapper, ObjectMethodExecutor executor, Object controller, Object[] arguments)
   at Microsoft.AspNetCore.Mvc.Infrastructure.ControllerActionInvoker.<InvokeActionMethodAsync>g__Awaited|12_0(ControllerActionInvoker invoker, ValueTask`1 actionResultValueTask)
   at Microsoft.AspNetCore.Mvc.Infrastructure.ControllerActionInvoker.<InvokeNextActionFilterAsync>g__Awaited|10_0(ControllerActionInvoker invoker, Task lastTask, State next, Scope scope, Object state, Boolean isCompleted)
   at Microsoft.AspNetCore.Mvc.Infrastructure.ControllerActionInvoker.Rethrow(ActionExecutedContextSealed context)
   at Microsoft.AspNetCore.Mvc.Infrastructure.ControllerActionInvoker.Next(State& next, Scope& scope, Object& state, Boolean& isCompleted)
   at Microsoft.AspNetCore.Mvc.Infrastructure.ControllerActionInvoker.<InvokeInnerFilterAsync>g__Awaited|13_0(ControllerActionInvoker invoker, Task lastTask, State next, Scope scope, Object state, Boolean isCompleted)
   at Microsoft.AspNetCore.Mvc.Infrastructure.ResourceInvoker.<InvokeFilterPipelineAsync>g__Awaited|20_0(ResourceInvoker invoker, Task lastTask, State next, Scope scope, Object state, Boolean isCompleted)
   at Microsoft.AspNetCore.Mvc.Infrastructure.ResourceInvoker.<InvokeAsync>g__Awaited|17_0(ResourceInvoker invoker, Task task, IDisposable scope)
   at Microsoft.AspNetCore.Mvc.Infrastructure.ResourceInvoker.<InvokeAsync>g__Awaited|17_0(ResourceInvoker invoker, Task task, IDisposable scope)
   at Microsoft.AspNetCore.Authorization.AuthorizationMiddleware.Invoke(HttpContext context)
   at TicketBooking.Api.Middlewares.TenantContextMiddleware.InvokeAsync(HttpContext context, RequestDelegate next) in d:\FPT\TicketBooking.V3\TicketBooking.Api\Middlewares\TenantContextMiddleware.cs:line 69
   at Microsoft.AspNetCore.Builder.UseMiddlewareExtensions.InterfaceMiddlewareBinder.<>c__DisplayClass2_0.<<CreateMiddleware>b__0>d.MoveNext()
--- End of stack trace from previous location ---
   at Microsoft.AspNetCore.Authentication.AuthenticationMiddleware.Invoke(HttpContext context)
   at Serilog.AspNetCore.RequestLoggingMiddleware.Invoke(HttpContext httpContext)
[20:28:31 ERR] An unhandled exception has occurred while executing the request.
System.InvalidOperationException: SePay gateway is not configured.
   at TicketBooking.Api.Services.Commerce.SePayGatewayService.EnsureConfigured() in d:\FPT\TicketBooking.V3\TicketBooking.Api\Services\Commerce\SePayGatewayService.cs:line 217
   at TicketBooking.Api.Services.Commerce.SePayGatewayService.BuildCheckoutForm(CustomerOrder order, CustomerPayment payment, String appBaseUrl, String orderDescription, String customerId) in d:\FPT\TicketBooking.V3\TicketBooking.Api\Services\Commerce\SePayGatewayService.cs:line 51
   at TicketBooking.Api.Services.Commerce.CustomerOrderService.StartPaymentAsync(String orderCode, Guid userId, StartPaymentRequest request, CancellationToken ct) in d:\FPT\TicketBooking.V3\TicketBooking.Api\Services\Commerce\CustomerOrderService.Payment.cs:line 45
   at TicketBooking.Api.Controllers.Commerce.CustomerOrdersController.StartPayment(String orderCode, StartPaymentRequest request, CancellationToken ct) in d:\FPT\TicketBooking.V3\TicketBooking.Api\Controllers\Commerce\CustomerOrdersController.cs:line 102
   at lambda_method16105(Closure, Object)
   at Microsoft.AspNetCore.Mvc.Infrastructure.ActionMethodExecutor.AwaitableObjectResultExecutor.Execute(ActionContext actionContext, IActionResultTypeMapper mapper, ObjectMethodExecutor executor, Object controller, Object[] arguments)
   at Microsoft.AspNetCore.Mvc.Infrastructure.ControllerActionInvoker.<InvokeActionMethodAsync>g__Awaited|12_0(ControllerActionInvoker invoker, ValueTask`1 actionResultValueTask)
   at Microsoft.AspNetCore.Mvc.Infrastructure.ControllerActionInvoker.<InvokeNextActionFilterAsync>g__Awaited|10_0(ControllerActionInvoker invoker, Task lastTask, State next, Scope scope, Object state, Boolean isCompleted)
   at Microsoft.AspNetCore.Mvc.Infrastructure.ControllerActionInvoker.Rethrow(ActionExecutedContextSealed context)
   at Microsoft.AspNetCore.Mvc.Infrastructure.ControllerActionInvoker.Next(State& next, Scope& scope, Object& state, Boolean& isCompleted)
   at Microsoft.AspNetCore.Mvc.Infrastructure.ControllerActionInvoker.<InvokeInnerFilterAsync>g__Awaited|13_0(ControllerActionInvoker invoker, Task lastTask, State next, Scope scope, Object state, Boolean isCompleted)
   at Microsoft.AspNetCore.Mvc.Infrastructure.ResourceInvoker.<InvokeFilterPipelineAsync>g__Awaited|20_0(ResourceInvoker invoker, Task lastTask, State next, Scope scope, Object state, Boolean isCompleted)
   at Microsoft.AspNetCore.Mvc.Infrastructure.ResourceInvoker.<InvokeAsync>g__Awaited|17_0(ResourceInvoker invoker, Task task, IDisposable scope)
   at Microsoft.AspNetCore.Mvc.Infrastructure.ResourceInvoker.<InvokeAsync>g__Awaited|17_0(ResourceInvoker invoker, Task task, IDisposable scope)
   at Microsoft.AspNetCore.Authorization.AuthorizationMiddleware.Invoke(HttpContext context)
   at TicketBooking.Api.Middlewares.TenantContextMiddleware.InvokeAsync(HttpContext context, RequestDelegate next) in d:\FPT\TicketBooking.V3\TicketBooking.Api\Middlewares\TenantContextMiddleware.cs:line 69
   at Microsoft.AspNetCore.Builder.UseMiddlewareExtensions.InterfaceMiddlewareBinder.<>c__DisplayClass2_0.<<CreateMiddleware>b__0>d.MoveNext()
--- End of stack trace from previous location ---
   at Microsoft.AspNetCore.Authentication.AuthenticationMiddleware.Invoke(HttpContext context)
   at Serilog.AspNetCore.RequestLoggingMiddleware.Invoke(HttpContext httpContext)
   at Swashbuckle.AspNetCore.SwaggerUI.SwaggerUIMiddleware.Invoke(HttpContext httpContext)
   at Swashbuckle.AspNetCore.Swagger.SwaggerMiddleware.Invoke(HttpContext httpContext, ISwaggerProvider swaggerProvider)
   at Microsoft.AspNetCore.Diagnostics.ExceptionHandlerMiddlewareImpl.<Invoke>g__Awaited|10_0(ExceptionHandlerMiddlewareImpl middleware, HttpContext context, Task task)
[20:28:31 ERR] An unhandled exception has occurred while executing the request.
System.InvalidOperationException: SePay gateway is not configured.
   at TicketBooking.Api.Services.Commerce.SePayGatewayService.EnsureConfigured() in d:\FPT\TicketBooking.V3\TicketBooking.Api\Services\Commerce\SePayGatewayService.cs:line 217
   at TicketBooking.Api.Services.Commerce.SePayGatewayService.BuildCheckoutForm(CustomerOrder order, CustomerPayment payment, String appBaseUrl, String orderDescription, String customerId) in d:\FPT\TicketBooking.V3\TicketBooking.Api\Services\Commerce\SePayGatewayService.cs:line 51
   at TicketBooking.Api.Services.Commerce.CustomerOrderService.StartPaymentAsync(String orderCode, Guid userId, StartPaymentRequest request, CancellationToken ct) in d:\FPT\TicketBooking.V3\TicketBooking.Api\Services\Commerce\CustomerOrderService.Payment.cs:line 45
   at TicketBooking.Api.Controllers.Commerce.CustomerOrdersController.StartPayment(String orderCode, StartPaymentRequest request, CancellationToken ct) in d:\FPT\TicketBooking.V3\TicketBooking.Api\Controllers\Commerce\CustomerOrdersController.cs:line 102
   at lambda_method16105(Closure, Object)
   at Microsoft.AspNetCore.Mvc.Infrastructure.ActionMethodExecutor.AwaitableObjectResultExecutor.Execute(ActionContext actionContext, IActionResultTypeMapper mapper, ObjectMethodExecutor executor, Object controller, Object[] arguments)
   at Microsoft.AspNetCore.Mvc.Infrastructure.ControllerActionInvoker.<InvokeActionMethodAsync>g__Awaited|12_0(ControllerActionInvoker invoker, ValueTask`1 actionResultValueTask)
   at Microsoft.AspNetCore.Mvc.Infrastructure.ControllerActionInvoker.<InvokeNextActionFilterAsync>g__Awaited|10_0(ControllerActionInvoker invoker, Task lastTask, State next, Scope scope, Object state, Boolean isCompleted)
   at Microsoft.AspNetCore.Mvc.Infrastructure.ControllerActionInvoker.Rethrow(ActionExecutedContextSealed context)
   at Microsoft.AspNetCore.Mvc.Infrastructure.ControllerActionInvoker.Next(State& next, Scope& scope, Object& state, Boolean& isCompleted)
   at Microsoft.AspNetCore.Mvc.Infrastructure.ControllerActionInvoker.<InvokeInnerFilterAsync>g__Awaited|13_0(ControllerActionInvoker invoker, Task lastTask, State next, Scope scope, Object state, Boolean isCompleted)
   at Microsoft.AspNetCore.Mvc.Infrastructure.ResourceInvoker.<InvokeFilterPipelineAsync>g__Awaited|20_0(ResourceInvoker invoker, Task lastTask, State next, Scope scope, Object state, Boolean isCompleted)
   at Microsoft.AspNetCore.Mvc.Infrastructure.ResourceInvoker.<InvokeAsync>g__Awaited|17_0(ResourceInvoker invoker, Task task, IDisposable scope)
   at Microsoft.AspNetCore.Mvc.Infrastructure.ResourceInvoker.<InvokeAsync>g__Awaited|17_0(ResourceInvoker invoker, Task task, IDisposable scope)
   at Microsoft.AspNetCore.Authorization.AuthorizationMiddleware.Invoke(HttpContext context)
   at TicketBooking.Api.Middlewares.TenantContextMiddleware.InvokeAsync(HttpContext context, RequestDelegate next) in d:\FPT\TicketBooking.V3\TicketBooking.Api\Middlewares\TenantContextMiddleware.cs:line 69
   at Microsoft.AspNetCore.Builder.UseMiddlewareExtensions.InterfaceMiddlewareBinder.<>c__DisplayClass2_0.<<CreateMiddleware>b__0>d.MoveNext()
--- End of stack trace from previous location ---
   at Microsoft.AspNetCore.Authentication.AuthenticationMiddleware.Invoke(HttpContext context)
   at Serilog.AspNetCore.RequestLoggingMiddleware.Invoke(HttpContext httpContext)
   at Swashbuckle.AspNetCore.SwaggerUI.SwaggerUIMiddleware.Invoke(HttpContext httpContext)
   at Swashbuckle.AspNetCore.Swagger.SwaggerMiddleware.Invoke(HttpContext httpContext, ISwaggerProvider swaggerProvider)
   at Microsoft.AspNetCore.Diagnostics.ExceptionHandlerMiddlewareImpl.<Invoke>g__Awaited|10_0(ExceptionHandlerMiddlewareImpl middleware, HttpContext context, Task task)
[20:28:38 INF] HTTP GET /api/v1/customer/account/passengers responded 200 in 6.0947 ms
[20:28:38 INF] HTTP POST /api/v1/tours/f5060fb1-d057-44ad-abdf-1a6465886c6c/quote responded 200 in 11.5112 ms
[20:28:38 INF] HTTP POST /api/v1/tours/f5060fb1-d057-44ad-abdf-1a6465886c6c/quote responded 200 in 12.0690 ms
[20:28:38 INF] HTTP GET /api/v1/tours/f5060fb1-d057-44ad-abdf-1a6465886c6c responded 200 in 16.9304 ms
[20:28:38 INF] HTTP GET /api/v1/customer/account/passengers responded 200 in 7.5396 ms
[20:28:38 INF] HTTP GET /api/v1/tours/f5060fb1-d057-44ad-abdf-1a6465886c6c responded 200 in 8.7226 ms
[20:28:39 INF] HTTP GET /api/v1/tours/f5060fb1-d057-44ad-abdf-1a6465886c6c/gallery responded 200 in 9.7093 ms
[20:28:39 INF] HTTP GET /api/v1/tours/f5060fb1-d057-44ad-abdf-1a6465886c6c/policies responded 200 in 10.1738 ms
[20:28:39 INF] HTTP GET /api/v1/tours/f5060fb1-d057-44ad-abdf-1a6465886c6c/addons responded 200 in 9.4907 ms
[20:28:39 INF] HTTP GET /api/v1/tours/f5060fb1-d057-44ad-abdf-1a6465886c6c/itinerary responded 200 in 17.4892 ms
[20:28:39 INF] HTTP GET /api/v1/tours/f5060fb1-d057-44ad-abdf-1a6465886c6c/faqs responded 200 in 17.4374 ms
[20:28:39 INF] HTTP GET /api/v1/tours/f5060fb1-d057-44ad-abdf-1a6465886c6c responded 200 in 21.8162 ms
[20:28:39 INF] HTTP GET /api/v1/tours/f5060fb1-d057-44ad-abdf-1a6465886c6c/gallery responded 200 in 4.1953 ms
[20:28:39 INF] HTTP GET /api/v1/tours/f5060fb1-d057-44ad-abdf-1a6465886c6c/policies responded 200 in 6.8008 ms
[20:28:39 INF] HTTP GET /api/v1/tours/f5060fb1-d057-44ad-abdf-1a6465886c6c/addons responded 200 in 4.5151 ms
[20:28:39 INF] HTTP GET /api/v1/tours/f5060fb1-d057-44ad-abdf-1a6465886c6c/itinerary responded 200 in 6.4820 ms
[20:28:39 INF] HTTP GET /api/v1/tours/f5060fb1-d057-44ad-abdf-1a6465886c6c/faqs responded 200 in 6.5510 ms
[20:28:39 INF] HTTP GET /api/v1/tours/f5060fb1-d057-44ad-abdf-1a6465886c6c/reviews responded 200 in 25.2825 ms
[20:28:39 INF] HTTP GET /api/v1/tours/f5060fb1-d057-44ad-abdf-1a6465886c6c/reviews responded 200 in 3.8735 ms
[20:28:39 INF] HTTP GET /api/v1/tours/f5060fb1-d057-44ad-abdf-1a6465886c6c responded 200 in 12.1964 ms
[20:28:39 INF] HTTP POST /api/v1/tours/f5060fb1-d057-44ad-abdf-1a6465886c6c/quote responded 200 in 44.3108 ms
[20:28:42 INF] HTTP GET /api/v1/customer/account/wishlist responded 200 in 6.8394 ms
[20:28:42 INF] HTTP GET /api/v1/customer/account/wishlist responded 200 in 3.8805 ms
[20:28:42 INF] HTTP GET /api/v1/tours responded 200 in 96.0883 ms
[20:28:42 INF] HTTP GET /api/v1/tours responded 200 in 8.0266 ms
[20:28:47 INF] HTTP GET /api/v1/customer/account/wishlist responded 200 in 3.4070 ms
[20:28:47 INF] HTTP GET /api/v1/tours responded 200 in 7.3885 ms
[20:28:47 INF] HTTP GET /api/v1/customer/account/wishlist responded 200 in 4.9723 ms
[20:28:47 INF] HTTP GET /api/v1/tours responded 200 in 7.2419 ms
[20:28:49 INF] HTTP GET /api/v1/customer/orders responded 200 in 26.8318 ms
[20:28:49 INF] HTTP GET /api/v1/customer/orders responded 200 in 4.3916 ms
[20:28:55 INF] HTTP GET /api/v1/customer/account/wishlist responded 200 in 4.7732 ms
[20:28:55 INF] HTTP GET /api/v1/customer/account/wishlist responded 200 in 3.9671 ms
[20:28:56 INF] HTTP GET /api/v1/customer/orders responded 200 in 6.9384 ms
[20:28:56 INF] HTTP GET /api/v1/customer/orders responded 200 in 5.8262 ms
[20:28:57 INF] HTTP GET /api/v1/customer/account/passengers responded 200 in 4.7249 ms
[20:28:57 INF] HTTP GET /api/v1/customer/account/passengers responded 200 in 4.7194 ms
[20:28:58 INF] HTTP GET /api/v1/customer/orders responded 200 in 14.2557 ms
[20:28:58 INF] HTTP GET /api/v1/customer/orders responded 200 in 18.4127 ms
[20:28:58 INF] HTTP GET /api/v1/auth/me responded 200 in 13.2431 ms
[20:28:58 INF] HTTP GET /api/v1/auth/me responded 200 in 3.7486 ms
[20:28:59 INF] HTTP GET /api/v1/customer/orders responded 200 in 8.8991 ms
[20:28:59 INF] HTTP GET /api/v1/customer/orders responded 200 in 6.6818 ms
[20:29:01 INF] HTTP GET /api/v1/auth/me responded 200 in 4.4354 ms
[20:29:01 INF] HTTP GET /api/v1/auth/me responded 200 in 4.3733 ms
[20:29:04 INF] HTTP GET /api/v1/customer/account/payments responded 200 in 12.2912 ms
[20:29:04 INF] HTTP GET /api/v1/customer/account/payments responded 200 in 5.2544 ms
[20:29:06 INF] HTTP GET /api/v1/auth/me responded 200 in 3.9232 ms
[20:29:06 INF] HTTP GET /api/v1/auth/me responded 200 in 5.3224 ms
[20:29:11 INF] HTTP GET /api/v1/customer/orders responded 200 in 6.4153 ms
[20:29:11 INF] HTTP GET /api/v1/customer/orders responded 200 in 5.2395 ms
[20:29:11 INF] HTTP GET /api/v1/customer/account/vat-invoices responded 200 in 28.4460 ms
[20:29:11 INF] HTTP GET /api/v1/customer/account/vat-invoices responded 200 in 3.3199 ms
[20:29:13 INF] HTTP GET /api/v1/auth/2fa/status responded 200 in 12.1999 ms
[20:29:13 INF] HTTP GET /api/v1/auth/2fa/status responded 200 in 3.5066 ms
[20:29:13 INF] HTTP GET /api/v1/auth/sessions responded 200 in 31.3817 ms
[20:29:13 INF] HTTP GET /api/v1/auth/sessions responded 200 in 5.2346 ms
[20:29:28 INF] HTTP POST /api/v1/auth/logout-all responded 200 in 45.3676 ms
