Using launch settings from d:\FPT\TicketBooking.V3\TicketBooking.Api\Properties\launchSettings.json...
Building...
[09:56:03 INF] Ensured user 'qlnx' with role 'QLNX'.
[09:56:03 INF] Ensured user 'qlks' with role 'QLKS'.
[09:56:03 INF] Ensured user 'qlvt' with role 'QLVT'.
[09:56:03 INF] Ensured user 'qlvmm' with role 'QLVMM'.
[09:56:03 INF] Ensured user 'qltour' with role 'QLTour'.
[09:56:03 INF] Ensured user 'scanner_nx' with role 'Customer'.
[09:56:03 INF] Ensured user 'customer' with role 'Customer'.
[09:56:03 INF] Identity seed completed.
[09:56:03 INF] Tenant NX001 already exists.
[09:56:03 INF] Tenant VT001 already exists.
[09:56:03 INF] Tenant VMM001 already exists.
[09:56:03 INF] Tenant KS001 already exists.
[09:56:03 INF] Tenant TOUR001 already exists.
[09:56:03 INF] Updated tenant link 'qlnx' -> tenant 16604939-0d6a-4a9d-b828-6e9797dd1ffd.
[09:56:03 INF] Updated tenant link 'admin' -> tenant 16604939-0d6a-4a9d-b828-6e9797dd1ffd.
[09:56:03 INF] Updated tenant link 'qlvt' -> tenant 8f759d36-942d-4666-bda8-195ccfc7939a.
[09:56:03 INF] Updated tenant link 'admin' -> tenant 8f759d36-942d-4666-bda8-195ccfc7939a.
[09:56:03 INF] Updated tenant link 'qlvmm' -> tenant 47997b25-a35b-4291-a7ca-2521e14ea6e4.
[09:56:03 INF] Updated tenant link 'admin' -> tenant 47997b25-a35b-4291-a7ca-2521e14ea6e4.
[09:56:03 INF] Updated tenant link 'qlks' -> tenant 32110ffc-3d5b-409b-8bbb-8fb3286d9cc7.
[09:56:03 INF] Updated tenant link 'admin' -> tenant 32110ffc-3d5b-409b-8bbb-8fb3286d9cc7.
[09:56:03 INF] Updated tenant link 'qltour' -> tenant dfb80807-d1db-43b0-a62f-9b744f1dde4f.
[09:56:03 INF] Updated tenant link 'admin' -> tenant dfb80807-d1db-43b0-a62f-9b744f1dde4f.
[09:56:03 INF] Tenants seed completed (NX001/VT001/VMM001/KS001/TOUR001).
[09:56:03 INF] Permissions seed completed.
[09:56:03 INF] Tenant system role seed completed.
[09:56:03 INF] Updated TenantUser link 'customer' -> tenant 16604939-0d6a-4a9d-b828-6e9797dd1ffd.
[09:56:03 INF] Updated TenantUser link 'scanner_nx' -> tenant 16604939-0d6a-4a9d-b828-6e9797dd1ffd.
[09:56:03 INF] TenantRoles seed completed for NX001.
[09:56:04 INF] BUS demo seed completed for tenant NX001.
[09:56:04 INF] TRAIN demo seed completed for tenant VT001.
[09:56:05 INF] Flight demo seed completed for tenant VMM001.
[09:56:05 INF] CmsDemoSeed completed for tenant NX001.
[09:56:05 INF] Hotel demo seed starting for 6 tenant(s). Days=14
[09:56:06 INF] Tenant KS001: Hotel HTL_KS001_DEMO_01 already exists. Skipping core hotel create.
[09:56:07 INF] Tenant KS001: Hotel seed OK (HTL_KS001_DEMO_01)
[09:56:07 INF] Tenant NX001: Hotel HTL_NX001_DEMO_01 already exists. Skipping core hotel create.
[09:56:07 INF] Tenant NX001: Hotel seed OK (HTL_NX001_DEMO_01)
[09:56:07 INF] Tenant TEST001: Hotel HTL_TEST001_DEMO_01 already exists. Skipping core hotel create.
[09:56:07 INF] Tenant TEST001: Hotel seed OK (HTL_TEST001_DEMO_01)
[09:56:07 INF] Tenant TOUR001: Hotel HTL_TOUR001_DEMO_01 already exists. Skipping core hotel create.
[09:56:07 INF] Tenant TOUR001: Hotel seed OK (HTL_TOUR001_DEMO_01)
[09:56:07 INF] Tenant VMM001: Hotel HTL_VMM001_DEMO_01 already exists. Skipping core hotel create.
[09:56:07 INF] Tenant VMM001: Hotel seed OK (HTL_VMM001_DEMO_01)
[09:56:07 INF] Tenant VT001: Hotel HTL_VT001_DEMO_01 already exists. Skipping core hotel create.
[09:56:07 INF] Tenant VT001: Hotel seed OK (HTL_VT001_DEMO_01)
[09:56:07 INF] Hotel demo seed finished.
[09:56:07 INF] Now listening on: http://127.0.0.1:5183
[09:56:07 INF] Application started. Press Ctrl+C to shut down.
[09:56:07 INF] Hosting environment: Development
[09:56:07 INF] Content root path: d:\FPT\TicketBooking.V3\TicketBooking.Api
[09:57:09 WRN] Failed to determine the https port for redirect.
[09:57:09 INF] HTTP GET /api/v1/hotels responded 200 in 97.6236 ms
[09:57:09 INF] HTTP GET /api/v1/hotels/8d1e2ea0-495f-41b8-af53-4ae953d833b0/availability responded 200 in 136.4949 ms
[09:57:09 INF] HTTP GET /api/v1/hotels/052eaa5e-e666-4fa8-9ff1-53b759cbec82/availability responded 200 in 12.7676 ms
[09:57:09 INF] HTTP GET /api/v1/hotels/a1340955-a696-4b12-830b-2ae16de7946a/availability responded 200 in 8.4716 ms
[09:57:09 INF] HTTP GET /api/v1/hotels/9eea4812-bfad-43fb-a362-3225991c3400/availability responded 200 in 20.6104 ms
[09:57:09 INF] HTTP POST /api/v1/auth/login responded 200 in 145.5869 ms
[09:57:09 INF] HTTP GET /api/v1/qlks/rate-plans responded 200 in 91.8940 ms
[09:57:09 INF] HTTP GET /api/v1/qlks/rate-plans/3fbc129a-83ed-4326-b320-ca8ecadd216a responded 200 in 53.6427 ms
[09:57:09 INF] HTTP GET /api/v1/qlks/ari/rate-plan-room-types/a4fd2bbc-3d56-4bfe-87fa-39af79bc49ed/daily-rates responded 200 in 33.8640 ms
[09:57:09 INF] HTTP POST /api/v1/auth/login responded 200 in 62.1991 ms
[09:57:09 INF] HTTP GET /api/v1/admin/hotels responded 200 in 29.1240 ms
[09:57:10 INF] HTTP GET /api/v1/admin/rate-plans responded 200 in 26.2164 ms
[09:57:10 INF] HTTP GET /api/v1/admin/rate-plans/3fbc129a-83ed-4326-b320-ca8ecadd216a responded 200 in 44.0378 ms
[09:57:10 INF] HTTP GET /api/v1/admin/ari/rate-plan-room-types/a4fd2bbc-3d56-4bfe-87fa-39af79bc49ed/daily-rates responded 200 in 20.2308 ms
