[00:11:59 INF] Ensured user 'qlnx' with role 'QLNX'.
[00:11:59 INF] Ensured user 'qlks' with role 'QLKS'.
[00:11:59 INF] Ensured user 'qlvt' with role 'QLVT'.
[00:11:59 INF] Ensured user 'qlvmm' with role 'QLVMM'.
[00:11:59 INF] Ensured user 'qltour' with role 'QLTour'.
[00:11:59 INF] Ensured user 'scanner_nx' with role 'Customer'.
[00:11:59 INF] Ensured user 'customer' with role 'Customer'.
[00:11:59 INF] Identity seed completed.
[00:12:00 INF] Tenant NX001 already exists.
[00:12:00 INF] Tenant VT001 already exists.
[00:12:00 INF] Tenant VMM001 already exists.
[00:12:00 INF] Tenant KS001 already exists.
[00:12:00 INF] Tenant TOUR001 already exists.
[00:12:00 INF] Updated tenant link 'qlnx' -> tenant 16604939-0d6a-4a9d-b828-6e9797dd1ffd.
[00:12:00 INF] Updated tenant link 'admin' -> tenant 16604939-0d6a-4a9d-b828-6e9797dd1ffd.
[00:12:00 INF] Updated tenant link 'qlvt' -> tenant 8f759d36-942d-4666-bda8-195ccfc7939a.
[00:12:00 INF] Updated tenant link 'admin' -> tenant 8f759d36-942d-4666-bda8-195ccfc7939a.
[00:12:00 INF] Updated tenant link 'qlvmm' -> tenant 47997b25-a35b-4291-a7ca-2521e14ea6e4.
[00:12:00 INF] Updated tenant link 'admin' -> tenant 47997b25-a35b-4291-a7ca-2521e14ea6e4.
[00:12:00 INF] Updated tenant link 'qlks' -> tenant 32110ffc-3d5b-409b-8bbb-8fb3286d9cc7.
[00:12:00 INF] Updated tenant link 'admin' -> tenant 32110ffc-3d5b-409b-8bbb-8fb3286d9cc7.
[00:12:00 INF] Updated tenant link 'qltour' -> tenant dfb80807-d1db-43b0-a62f-9b744f1dde4f.
[00:12:00 INF] Updated tenant link 'admin' -> tenant dfb80807-d1db-43b0-a62f-9b744f1dde4f.
[00:12:00 INF] Tenants seed completed (NX001/VT001/VMM001/KS001/TOUR001).
[00:12:00 INF] Permissions seed completed.
[00:12:00 INF] Tenant system role seed completed.
[00:12:00 INF] Updated TenantUser link 'customer' -> tenant 16604939-0d6a-4a9d-b828-6e9797dd1ffd.
[00:12:00 INF] Updated TenantUser link 'scanner_nx' -> tenant 16604939-0d6a-4a9d-b828-6e9797dd1ffd.
[00:12:00 INF] TenantRoles seed completed for NX001.
[00:12:01 INF] BUS demo seed completed for tenant NX001.
[00:12:01 INF] TRAIN demo seed completed for tenant VT001.
[00:12:02 INF] Flight demo seed completed for tenant VMM001.
[00:12:02 INF] CmsDemoSeed completed for tenant NX001.
[00:12:02 INF] Hotel demo seed starting for 6 tenant(s). Days=14
[00:12:02 INF] Tenant KS001: Hotel HTL_KS001_DEMO_01 already exists. Skipping core hotel create.
[00:12:03 INF] Tenant KS001: Hotel seed OK (HTL_KS001_DEMO_01)
[00:12:03 INF] Tenant NX001: Hotel HTL_NX001_DEMO_01 already exists. Skipping core hotel create.
[00:12:03 INF] Tenant NX001: Hotel seed OK (HTL_NX001_DEMO_01)
[00:12:03 INF] Tenant TEST001: Hotel HTL_TEST001_DEMO_01 already exists. Skipping core hotel create.
[00:12:03 INF] Tenant TEST001: Hotel seed OK (HTL_TEST001_DEMO_01)
[00:12:03 INF] Tenant TOUR001: Hotel HTL_TOUR001_DEMO_01 already exists. Skipping core hotel create.
[00:12:03 INF] Tenant TOUR001: Hotel seed OK (HTL_TOUR001_DEMO_01)
[00:12:03 INF] Tenant VMM001: Hotel HTL_VMM001_DEMO_01 already exists. Skipping core hotel create.
[00:12:04 INF] Tenant VMM001: Hotel seed OK (HTL_VMM001_DEMO_01)
[00:12:04 INF] Tenant VT001: Hotel HTL_VT001_DEMO_01 already exists. Skipping core hotel create.
[00:12:04 INF] Tenant VT001: Hotel seed OK (HTL_VT001_DEMO_01)
[00:12:04 INF] Hotel demo seed finished.
[00:12:04 INF] Now listening on: http://127.0.0.1:5191
[00:12:04 INF] Application started. Press Ctrl+C to shut down.
[00:12:04 INF] Hosting environment: Development
[00:12:04 INF] Content root path: D:\FPT\TicketBooking.V3\TicketBooking.Api
[00:12:22 WRN] Failed to determine the https port for redirect.
[00:12:22 INF] HTTP POST /api/v1/auth/login responded 400 in 67.0828 ms
[00:12:22 INF] HTTP GET /api/v1/ql-tour/tours/f5060fb1-d057-44ad-abdf-1a6465886c6c/package-reporting/overview responded 401 in 12.3442 ms
[00:12:33 INF] HTTP POST /api/v1/auth/login responded 400 in 6.2897 ms
[00:12:46 ERR] HTTP POST /api/v1/auth/login responded 500 in 173.8432 ms
System.InvalidOperationException: Could not persist refresh token.
   at TicketBooking.Api.Auth.AuthTokenService.IssueTokenPairAsync(AppUser user, IList`1 roles, CancellationToken ct) in D:\FPT\TicketBooking.V3\TicketBooking.Api\Auth\AuthTokenService.cs:line 95
   at TicketBooking.Api.Controllers.AuthController.Login(LoginRequest req) in D:\FPT\TicketBooking.V3\TicketBooking.Api\Controllers\Auth\AuthController.cs:line 125
   at lambda_method11210(Closure, Object)
   at Microsoft.AspNetCore.Mvc.Infrastructure.ActionMethodExecutor.AwaitableObjectResultExecutor.Execute(ActionContext actionContext, IActionResultTypeMapper mapper, ObjectMethodExecutor executor, Object controller, Object[] arguments)
   at Microsoft.AspNetCore.Mvc.Infrastructure.ControllerActionInvoker.<InvokeActionMethodAsync>g__Awaited|12_0(ControllerActionInvoker invoker, ValueTask`1 actionResultValueTask)
   at Microsoft.AspNetCore.Mvc.Infrastructure.ControllerActionInvoker.<InvokeNextActionFilterAsync>g__Awaited|10_0(ControllerActionInvoker invoker, Task lastTask, State next, Scope scope, Object state, Boolean isCompleted)
   at Microsoft.AspNetCore.Mvc.Infrastructure.ControllerActionInvoker.Rethrow(ActionExecutedContextSealed context)
   at Microsoft.AspNetCore.Mvc.Infrastructure.ControllerActionInvoker.Next(State& next, Scope& scope, Object& state, Boolean& isCompleted)
   at Microsoft.AspNetCore.Mvc.Infrastructure.ControllerActionInvoker.<InvokeInnerFilterAsync>g__Awaited|13_0(ControllerActionInvoker invoker, Task lastTask, State next, Scope scope, Object state, Boolean isCompleted)
   at Microsoft.AspNetCore.Mvc.Infrastructure.ResourceInvoker.<InvokeFilterPipelineAsync>g__Awaited|20_0(ResourceInvoker invoker, Task lastTask, State next, Scope scope, Object state, Boolean isCompleted)
   at Microsoft.AspNetCore.Mvc.Infrastructure.ResourceInvoker.<InvokeAsync>g__Awaited|17_0(ResourceInvoker invoker, Task task, IDisposable scope)
   at Microsoft.AspNetCore.Mvc.Infrastructure.ResourceInvoker.<InvokeAsync>g__Awaited|17_0(ResourceInvoker invoker, Task task, IDisposable scope)
   at Microsoft.AspNetCore.Authorization.AuthorizationMiddleware.Invoke(HttpContext context)
   at TicketBooking.Api.Middlewares.TenantContextMiddleware.InvokeAsync(HttpContext context, RequestDelegate next) in D:\FPT\TicketBooking.V3\TicketBooking.Api\Middlewares\TenantContextMiddleware.cs:line 69
   at Microsoft.AspNetCore.Builder.UseMiddlewareExtensions.InterfaceMiddlewareBinder.<>c__DisplayClass2_0.<<CreateMiddleware>b__0>d.MoveNext()
--- End of stack trace from previous location ---
   at Microsoft.AspNetCore.Authentication.AuthenticationMiddleware.Invoke(HttpContext context)
   at Serilog.AspNetCore.RequestLoggingMiddleware.Invoke(HttpContext httpContext)
[00:12:46 ERR] An unhandled exception has occurred while executing the request.
System.InvalidOperationException: Could not persist refresh token.
   at TicketBooking.Api.Auth.AuthTokenService.IssueTokenPairAsync(AppUser user, IList`1 roles, CancellationToken ct) in D:\FPT\TicketBooking.V3\TicketBooking.Api\Auth\AuthTokenService.cs:line 95
   at TicketBooking.Api.Controllers.AuthController.Login(LoginRequest req) in D:\FPT\TicketBooking.V3\TicketBooking.Api\Controllers\Auth\AuthController.cs:line 125
   at lambda_method11210(Closure, Object)
   at Microsoft.AspNetCore.Mvc.Infrastructure.ActionMethodExecutor.AwaitableObjectResultExecutor.Execute(ActionContext actionContext, IActionResultTypeMapper mapper, ObjectMethodExecutor executor, Object controller, Object[] arguments)
   at Microsoft.AspNetCore.Mvc.Infrastructure.ControllerActionInvoker.<InvokeActionMethodAsync>g__Awaited|12_0(ControllerActionInvoker invoker, ValueTask`1 actionResultValueTask)
   at Microsoft.AspNetCore.Mvc.Infrastructure.ControllerActionInvoker.<InvokeNextActionFilterAsync>g__Awaited|10_0(ControllerActionInvoker invoker, Task lastTask, State next, Scope scope, Object state, Boolean isCompleted)
   at Microsoft.AspNetCore.Mvc.Infrastructure.ControllerActionInvoker.Rethrow(ActionExecutedContextSealed context)
   at Microsoft.AspNetCore.Mvc.Infrastructure.ControllerActionInvoker.Next(State& next, Scope& scope, Object& state, Boolean& isCompleted)
   at Microsoft.AspNetCore.Mvc.Infrastructure.ControllerActionInvoker.<InvokeInnerFilterAsync>g__Awaited|13_0(ControllerActionInvoker invoker, Task lastTask, State next, Scope scope, Object state, Boolean isCompleted)
   at Microsoft.AspNetCore.Mvc.Infrastructure.ResourceInvoker.<InvokeFilterPipelineAsync>g__Awaited|20_0(ResourceInvoker invoker, Task lastTask, State next, Scope scope, Object state, Boolean isCompleted)
   at Microsoft.AspNetCore.Mvc.Infrastructure.ResourceInvoker.<InvokeAsync>g__Awaited|17_0(ResourceInvoker invoker, Task task, IDisposable scope)
   at Microsoft.AspNetCore.Mvc.Infrastructure.ResourceInvoker.<InvokeAsync>g__Awaited|17_0(ResourceInvoker invoker, Task task, IDisposable scope)
   at Microsoft.AspNetCore.Authorization.AuthorizationMiddleware.Invoke(HttpContext context)
   at TicketBooking.Api.Middlewares.TenantContextMiddleware.InvokeAsync(HttpContext context, RequestDelegate next) in D:\FPT\TicketBooking.V3\TicketBooking.Api\Middlewares\TenantContextMiddleware.cs:line 69
   at Microsoft.AspNetCore.Builder.UseMiddlewareExtensions.InterfaceMiddlewareBinder.<>c__DisplayClass2_0.<<CreateMiddleware>b__0>d.MoveNext()
--- End of stack trace from previous location ---
   at Microsoft.AspNetCore.Authentication.AuthenticationMiddleware.Invoke(HttpContext context)
   at Serilog.AspNetCore.RequestLoggingMiddleware.Invoke(HttpContext httpContext)
   at Swashbuckle.AspNetCore.SwaggerUI.SwaggerUIMiddleware.Invoke(HttpContext httpContext)
   at Swashbuckle.AspNetCore.Swagger.SwaggerMiddleware.Invoke(HttpContext httpContext, ISwaggerProvider swaggerProvider)
   at Microsoft.AspNetCore.Diagnostics.ExceptionHandlerMiddlewareImpl.<Invoke>g__Awaited|10_0(ExceptionHandlerMiddlewareImpl middleware, HttpContext context, Task task)
[00:12:46 INF] HTTP GET /api/v1/ql-tour/tours/f5060fb1-d057-44ad-abdf-1a6465886c6c/package-reporting/overview responded 401 in 1.8386 ms
[00:12:57 INF] HTTP POST /api/v1/auth/login responded 200 in 110.3838 ms
[00:12:57 INF] HTTP GET /api/v1/tenancy/memberships responded 200 in 107.6070 ms
[00:13:10 INF] HTTP POST /api/v1/auth/login responded 200 in 78.1000 ms
[00:13:10 INF] HTTP GET /api/v1/tenancy/memberships responded 200 in 7.6218 ms
[00:13:10 INF] HTTP GET /api/v1/auth/me/permissions responded 200 in 77.4388 ms
[00:13:10 WRN] The query uses the 'First'/'FirstOrDefault' operator without 'OrderBy' and filter operators. This may lead to unpredictable results.
[00:13:10 INF] HTTP GET /api/v1/ql-tour/tours/f5060fb1-d057-44ad-abdf-1a6465886c6c/package-reporting/overview responded 200 in 128.7096 ms
