Using launch settings from D:\FPT\TicketBooking.V3\TicketBooking.Api\Properties\launchSettings.json...
Building...
[22:47:35 INF] Ensured user 'qlnx' with role 'QLNX'.
[22:47:35 INF] Ensured user 'qlks' with role 'QLKS'.
[22:47:35 INF] Ensured user 'qlvt' with role 'QLVT'.
[22:47:35 INF] Ensured user 'qlvmm' with role 'QLVMM'.
[22:47:35 INF] Ensured user 'qltour' with role 'QLTour'.
[22:47:35 INF] Ensured user 'scanner_nx' with role 'Customer'.
[22:47:35 INF] Ensured user 'customer' with role 'Customer'.
[22:47:35 INF] Identity seed completed.
[22:47:35 INF] Tenant NX001 already exists.
[22:47:35 INF] Tenant VT001 already exists.
[22:47:35 INF] Tenant VMM001 already exists.
[22:47:35 INF] Tenant KS001 already exists.
[22:47:35 INF] Tenant TOUR001 already exists.
[22:47:35 INF] Updated tenant link 'qlnx' -> tenant 16604939-0d6a-4a9d-b828-6e9797dd1ffd.
[22:47:35 INF] Updated tenant link 'admin' -> tenant 16604939-0d6a-4a9d-b828-6e9797dd1ffd.
[22:47:35 INF] Updated tenant link 'qlvt' -> tenant 8f759d36-942d-4666-bda8-195ccfc7939a.
[22:47:35 INF] Updated tenant link 'admin' -> tenant 8f759d36-942d-4666-bda8-195ccfc7939a.
[22:47:35 INF] Updated tenant link 'qlvmm' -> tenant 47997b25-a35b-4291-a7ca-2521e14ea6e4.
[22:47:35 INF] Updated tenant link 'admin' -> tenant 47997b25-a35b-4291-a7ca-2521e14ea6e4.
[22:47:35 INF] Updated tenant link 'qlks' -> tenant 32110ffc-3d5b-409b-8bbb-8fb3286d9cc7.
[22:47:35 INF] Updated tenant link 'admin' -> tenant 32110ffc-3d5b-409b-8bbb-8fb3286d9cc7.
[22:47:35 INF] Updated tenant link 'qltour' -> tenant dfb80807-d1db-43b0-a62f-9b744f1dde4f.
[22:47:35 INF] Updated tenant link 'admin' -> tenant dfb80807-d1db-43b0-a62f-9b744f1dde4f.
[22:47:35 INF] Tenants seed completed (NX001/VT001/VMM001/KS001/TOUR001).
[22:47:35 INF] Permissions seed completed.
[22:47:35 INF] Tenant system role seed completed.
[22:47:35 INF] Updated TenantUser link 'customer' -> tenant 16604939-0d6a-4a9d-b828-6e9797dd1ffd.
[22:47:35 INF] Updated TenantUser link 'scanner_nx' -> tenant 16604939-0d6a-4a9d-b828-6e9797dd1ffd.
[22:47:35 INF] TenantRoles seed completed for NX001.
[22:47:36 INF] BUS demo seed completed for tenant NX001.
[22:47:36 INF] TRAIN demo seed completed for tenant VT001.
[22:47:37 INF] Flight demo seed completed for tenant VMM001.
[22:47:37 INF] CmsDemoSeed completed for tenant NX001.
[22:47:37 INF] Hotel demo seed starting for 6 tenant(s). Days=14
[22:47:37 INF] Tenant KS001: Hotel HTL_KS001_DEMO_01 already exists. Skipping core hotel create.
[22:47:38 INF] Tenant KS001: Hotel seed OK (HTL_KS001_DEMO_01)
[22:47:38 INF] Tenant NX001: Hotel HTL_NX001_DEMO_01 already exists. Skipping core hotel create.
[22:47:38 INF] Tenant NX001: Hotel seed OK (HTL_NX001_DEMO_01)
[22:47:38 INF] Tenant TEST001: Hotel HTL_TEST001_DEMO_01 already exists. Skipping core hotel create.
[22:47:38 INF] Tenant TEST001: Hotel seed OK (HTL_TEST001_DEMO_01)
[22:47:38 INF] Tenant TOUR001: Hotel HTL_TOUR001_DEMO_01 already exists. Skipping core hotel create.
[22:47:38 INF] Tenant TOUR001: Hotel seed OK (HTL_TOUR001_DEMO_01)
[22:47:38 INF] Tenant VMM001: Hotel HTL_VMM001_DEMO_01 already exists. Skipping core hotel create.
[22:47:38 INF] Tenant VMM001: Hotel seed OK (HTL_VMM001_DEMO_01)
[22:47:38 INF] Tenant VT001: Hotel HTL_VT001_DEMO_01 already exists. Skipping core hotel create.
[22:47:39 INF] Tenant VT001: Hotel seed OK (HTL_VT001_DEMO_01)
[22:47:39 INF] Hotel demo seed finished.
[22:47:39 INF] Now listening on: http://localhost:5183
[22:47:39 INF] Application started. Press Ctrl+C to shut down.
[22:47:39 INF] Hosting environment: Development
[22:47:39 INF] Content root path: D:\FPT\TicketBooking.V3\TicketBooking.Api
[22:48:12 WRN] Failed to determine the https port for redirect.
[22:48:12 INF] Registered new customer: customer-1776527292450 (customer-1776527292450@example.com)
[22:48:12 INF] HTTP POST /api/v1/auth/register responded 201 in 237.7645 ms
[22:48:12 INF] HTTP POST /api/v1/auth/login responded 200 in 134.1485 ms
[22:48:12 INF] HTTP GET /api/v1/customer/account/preferences responded 200 in 59.9559 ms
[22:48:12 INF] HTTP PUT /api/v1/customer/account/preferences responded 200 in 43.1868 ms
[22:48:13 INF] HTTP POST /api/v1/customer/account/passengers responded 200 in 64.5263 ms
[22:48:13 INF] HTTP PUT /api/v1/customer/account/passengers/ada52749-16a7-430e-85f0-e3598db23bc0 responded 200 in 25.6234 ms
[22:48:13 INF] HTTP GET /api/v1/tours responded 200 in 321.4427 ms
[22:48:13 INF] HTTP GET /api/v1/tours/f5060fb1-d057-44ad-abdf-1a6465886c6c responded 200 in 106.4097 ms
[22:48:13 WRN] Compiling a query which loads related collections for more than one collection navigation, either via 'Include' or through projection, but no 'QuerySplittingBehavior' has been configured. By default, Entity Framework will use 'QuerySplittingBehavior.SingleQuery', which can potentially result in slow query performance. See https://go.microsoft.com/fwlink/?linkid=2134277 for more information. To identify the query that's triggering this warning call 'ConfigureWarnings(w => w.Throw(RelationalEventId.MultipleCollectionIncludeWarning))'.
[22:48:13 INF] HTTP POST /api/v1/tours/f5060fb1-d057-44ad-abdf-1a6465886c6c/quote responded 200 in 226.6033 ms
[22:48:13 INF] HTTP POST /api/v1/customer/account/wishlist responded 200 in 64.9666 ms
[22:48:14 WRN] Savepoints are disabled because Multiple Active Result Sets (MARS) is enabled. If 'SaveChanges' fails, then the transaction cannot be automatically rolled back to a known clean state. Instead, the transaction should be rolled back by the application before retrying 'SaveChanges'. See https://go.microsoft.com/fwlink/?linkid=2149338 for more information and examples. To identify the code which triggers this warning, call 'ConfigureWarnings(w => w.Throw(SqlServerEventId.SavepointsDisabledBecauseOfMARS))'.
[22:48:14 WRN] Savepoints are disabled because Multiple Active Result Sets (MARS) is enabled. If 'SaveChanges' fails, then the transaction cannot be automatically rolled back to a known clean state. Instead, the transaction should be rolled back by the application before retrying 'SaveChanges'. See https://go.microsoft.com/fwlink/?linkid=2149338 for more information and examples. To identify the code which triggers this warning, call 'ConfigureWarnings(w => w.Throw(SqlServerEventId.SavepointsDisabledBecauseOfMARS))'.
[22:48:14 WRN] Savepoints are disabled because Multiple Active Result Sets (MARS) is enabled. If 'SaveChanges' fails, then the transaction cannot be automatically rolled back to a known clean state. Instead, the transaction should be rolled back by the application before retrying 'SaveChanges'. See https://go.microsoft.com/fwlink/?linkid=2149338 for more information and examples. To identify the code which triggers this warning, call 'ConfigureWarnings(w => w.Throw(SqlServerEventId.SavepointsDisabledBecauseOfMARS))'.
[22:48:14 WRN] Savepoints are disabled because Multiple Active Result Sets (MARS) is enabled. If 'SaveChanges' fails, then the transaction cannot be automatically rolled back to a known clean state. Instead, the transaction should be rolled back by the application before retrying 'SaveChanges'. See https://go.microsoft.com/fwlink/?linkid=2149338 for more information and examples. To identify the code which triggers this warning, call 'ConfigureWarnings(w => w.Throw(SqlServerEventId.SavepointsDisabledBecauseOfMARS))'.
[22:48:14 WRN] Compiling a query which loads related collections for more than one collection navigation, either via 'Include' or through projection, but no 'QuerySplittingBehavior' has been configured. By default, Entity Framework will use 'QuerySplittingBehavior.SingleQuery', which can potentially result in slow query performance. See https://go.microsoft.com/fwlink/?linkid=2134277 for more information. To identify the query that's triggering this warning call 'ConfigureWarnings(w => w.Throw(RelationalEventId.MultipleCollectionIncludeWarning))'.
[22:48:14 WRN] Savepoints are disabled because Multiple Active Result Sets (MARS) is enabled. If 'SaveChanges' fails, then the transaction cannot be automatically rolled back to a known clean state. Instead, the transaction should be rolled back by the application before retrying 'SaveChanges'. See https://go.microsoft.com/fwlink/?linkid=2149338 for more information and examples. To identify the code which triggers this warning, call 'ConfigureWarnings(w => w.Throw(SqlServerEventId.SavepointsDisabledBecauseOfMARS))'.
[22:48:14 WRN] Savepoints are disabled because Multiple Active Result Sets (MARS) is enabled. If 'SaveChanges' fails, then the transaction cannot be automatically rolled back to a known clean state. Instead, the transaction should be rolled back by the application before retrying 'SaveChanges'. See https://go.microsoft.com/fwlink/?linkid=2149338 for more information and examples. To identify the code which triggers this warning, call 'ConfigureWarnings(w => w.Throw(SqlServerEventId.SavepointsDisabledBecauseOfMARS))'.
[22:48:15 INF] HTTP POST /api/v1/customer/orders responded 201 in 1281.7679 ms
[22:48:15 INF] HTTP POST /api/v1/customer/orders/ORD-20260418154813BFB677/payment-init responded 200 in 37.6503 ms
[22:48:15 WRN] Compiling a query which loads related collections for more than one collection navigation, either via 'Include' or through projection, but no 'QuerySplittingBehavior' has been configured. By default, Entity Framework will use 'QuerySplittingBehavior.SingleQuery', which can potentially result in slow query performance. See https://go.microsoft.com/fwlink/?linkid=2134277 for more information. To identify the query that's triggering this warning call 'ConfigureWarnings(w => w.Throw(RelationalEventId.MultipleCollectionIncludeWarning))'.
[22:48:15 WRN] Savepoints are disabled because Multiple Active Result Sets (MARS) is enabled. If 'SaveChanges' fails, then the transaction cannot be automatically rolled back to a known clean state. Instead, the transaction should be rolled back by the application before retrying 'SaveChanges'. See https://go.microsoft.com/fwlink/?linkid=2149338 for more information and examples. To identify the code which triggers this warning, call 'ConfigureWarnings(w => w.Throw(SqlServerEventId.SavepointsDisabledBecauseOfMARS))'.
[22:48:15 WRN] Savepoints are disabled because Multiple Active Result Sets (MARS) is enabled. If 'SaveChanges' fails, then the transaction cannot be automatically rolled back to a known clean state. Instead, the transaction should be rolled back by the application before retrying 'SaveChanges'. See https://go.microsoft.com/fwlink/?linkid=2149338 for more information and examples. To identify the code which triggers this warning, call 'ConfigureWarnings(w => w.Throw(SqlServerEventId.SavepointsDisabledBecauseOfMARS))'.
[22:48:15 INF] HTTP POST /api/v1/payments/sepay/webhook responded 200 in 402.8227 ms
[22:48:15 INF] HTTP GET /api/v1/customer/orders/ORD-20260418154813BFB677 responded 200 in 14.0336 ms
[22:48:15 INF] HTTP GET /api/v1/customer/orders/ORD-20260418154813BFB677/ticket responded 200 in 24.5455 ms
[22:48:15 INF] HTTP POST /api/v1/customer/account/vat-invoices responded 200 in 187.4337 ms
[22:48:15 WRN] Savepoints are disabled because Multiple Active Result Sets (MARS) is enabled. If 'SaveChanges' fails, then the transaction cannot be automatically rolled back to a known clean state. Instead, the transaction should be rolled back by the application before retrying 'SaveChanges'. See https://go.microsoft.com/fwlink/?linkid=2149338 for more information and examples. To identify the code which triggers this warning, call 'ConfigureWarnings(w => w.Throw(SqlServerEventId.SavepointsDisabledBecauseOfMARS))'.
[22:48:15 WRN] Savepoints are disabled because Multiple Active Result Sets (MARS) is enabled. If 'SaveChanges' fails, then the transaction cannot be automatically rolled back to a known clean state. Instead, the transaction should be rolled back by the application before retrying 'SaveChanges'. See https://go.microsoft.com/fwlink/?linkid=2149338 for more information and examples. To identify the code which triggers this warning, call 'ConfigureWarnings(w => w.Throw(SqlServerEventId.SavepointsDisabledBecauseOfMARS))'.
[22:48:15 INF] HTTP POST /api/v1/customer/orders responded 201 in 48.1513 ms
[22:48:15 INF] HTTP POST /api/v1/customer/orders/ORD-202604181548157478CE/payment-init responded 200 in 10.1568 ms
[22:48:15 WRN] Savepoints are disabled because Multiple Active Result Sets (MARS) is enabled. If 'SaveChanges' fails, then the transaction cannot be automatically rolled back to a known clean state. Instead, the transaction should be rolled back by the application before retrying 'SaveChanges'. See https://go.microsoft.com/fwlink/?linkid=2149338 for more information and examples. To identify the code which triggers this warning, call 'ConfigureWarnings(w => w.Throw(SqlServerEventId.SavepointsDisabledBecauseOfMARS))'.
[22:48:15 WRN] Savepoints are disabled because Multiple Active Result Sets (MARS) is enabled. If 'SaveChanges' fails, then the transaction cannot be automatically rolled back to a known clean state. Instead, the transaction should be rolled back by the application before retrying 'SaveChanges'. See https://go.microsoft.com/fwlink/?linkid=2149338 for more information and examples. To identify the code which triggers this warning, call 'ConfigureWarnings(w => w.Throw(SqlServerEventId.SavepointsDisabledBecauseOfMARS))'.
[22:48:15 INF] HTTP POST /api/v1/payments/sepay/webhook responded 200 in 48.0326 ms
[22:48:15 INF] HTTP GET /api/v1/customer/orders/ORD-202604181548157478CE responded 200 in 9.0359 ms
[22:48:15 INF] HTTP POST /api/v1/customer/orders/ORD-202604181548157478CE/refunds responded 200 in 62.8625 ms
[22:48:15 WRN] Savepoints are disabled because Multiple Active Result Sets (MARS) is enabled. If 'SaveChanges' fails, then the transaction cannot be automatically rolled back to a known clean state. Instead, the transaction should be rolled back by the application before retrying 'SaveChanges'. See https://go.microsoft.com/fwlink/?linkid=2149338 for more information and examples. To identify the code which triggers this warning, call 'ConfigureWarnings(w => w.Throw(SqlServerEventId.SavepointsDisabledBecauseOfMARS))'.
[22:48:15 WRN] Savepoints are disabled because Multiple Active Result Sets (MARS) is enabled. If 'SaveChanges' fails, then the transaction cannot be automatically rolled back to a known clean state. Instead, the transaction should be rolled back by the application before retrying 'SaveChanges'. See https://go.microsoft.com/fwlink/?linkid=2149338 for more information and examples. To identify the code which triggers this warning, call 'ConfigureWarnings(w => w.Throw(SqlServerEventId.SavepointsDisabledBecauseOfMARS))'.
[22:48:16 INF] HTTP POST /api/v1/customer/orders responded 201 in 48.0328 ms
[22:48:16 WRN] Savepoints are disabled because Multiple Active Result Sets (MARS) is enabled. If 'SaveChanges' fails, then the transaction cannot be automatically rolled back to a known clean state. Instead, the transaction should be rolled back by the application before retrying 'SaveChanges'. See https://go.microsoft.com/fwlink/?linkid=2149338 for more information and examples. To identify the code which triggers this warning, call 'ConfigureWarnings(w => w.Throw(SqlServerEventId.SavepointsDisabledBecauseOfMARS))'.
[22:48:16 INF] HTTP POST /api/v1/customer/orders/ORD-20260418154815475F05/cancel responded 200 in 57.8777 ms
[22:48:16 WRN] Savepoints are disabled because Multiple Active Result Sets (MARS) is enabled. If 'SaveChanges' fails, then the transaction cannot be automatically rolled back to a known clean state. Instead, the transaction should be rolled back by the application before retrying 'SaveChanges'. See https://go.microsoft.com/fwlink/?linkid=2149338 for more information and examples. To identify the code which triggers this warning, call 'ConfigureWarnings(w => w.Throw(SqlServerEventId.SavepointsDisabledBecauseOfMARS))'.
[22:48:16 WRN] Savepoints are disabled because Multiple Active Result Sets (MARS) is enabled. If 'SaveChanges' fails, then the transaction cannot be automatically rolled back to a known clean state. Instead, the transaction should be rolled back by the application before retrying 'SaveChanges'. See https://go.microsoft.com/fwlink/?linkid=2149338 for more information and examples. To identify the code which triggers this warning, call 'ConfigureWarnings(w => w.Throw(SqlServerEventId.SavepointsDisabledBecauseOfMARS))'.
[22:48:16 INF] HTTP POST /api/v1/customer/orders responded 201 in 47.1273 ms
[22:48:16 INF] HTTP GET /api/v1/customer/orders responded 200 in 31.8001 ms
[22:48:16 INF] HTTP GET /api/v1/customer/account/payments responded 200 in 33.1383 ms
[22:48:16 INF] HTTP GET /api/v1/customer/account/notifications responded 200 in 23.8393 ms
[22:48:16 INF] HTTP GET /api/v1/customer/account/vat-invoices responded 200 in 18.0326 ms
[22:48:16 INF] HTTP GET /api/v1/customer/account/wishlist responded 200 in 14.7185 ms
[22:48:16 INF] HTTP GET /api/v1/customer/account/passengers responded 200 in 15.2611 ms
[22:48:16 INF] HTTP GET /api/v1/customer/orders/payment-methods responded 200 in 8.6277 ms
[22:48:17 INF] HTTP GET /api/v1/customer/account/passengers responded 200 in 11.5957 ms
[22:48:17 INF] HTTP GET /api/v1/customer/account/preferences responded 200 in 12.2711 ms
[22:48:17 INF] HTTP GET /api/v1/tours/f5060fb1-d057-44ad-abdf-1a6465886c6c responded 200 in 20.7200 ms
[22:48:17 WRN] Compiling a query which loads related collections for more than one collection navigation, either via 'Include' or through projection, but no 'QuerySplittingBehavior' has been configured. By default, Entity Framework will use 'QuerySplittingBehavior.SingleQuery', which can potentially result in slow query performance. See https://go.microsoft.com/fwlink/?linkid=2134277 for more information. To identify the query that's triggering this warning call 'ConfigureWarnings(w => w.Throw(RelationalEventId.MultipleCollectionIncludeWarning))'.
[22:48:17 INF] HTTP POST /api/v1/tours/f5060fb1-d057-44ad-abdf-1a6465886c6c/quote responded 200 in 67.2233 ms
[22:48:18 INF] HTTP GET /api/v1/customer/account/preferences responded 200 in 5.6918 ms
[22:48:18 INF] HTTP GET /api/v1/customer/orders/ORD-20260418154813BFB677 responded 200 in 8.2472 ms
[22:48:19 INF] HTTP GET /api/v1/customer/account/preferences responded 200 in 6.4411 ms
[22:48:19 INF] HTTP GET /api/v1/customer/orders/ORD-20260418154813BFB677/ticket responded 200 in 6.3896 ms
[22:48:19 INF] HTTP GET /api/v1/customer/orders/ORD-20260418154813BFB677 responded 200 in 8.5577 ms
[22:48:21 INF] HTTP GET /api/v1/customer/account/preferences responded 200 in 4.6589 ms
[22:48:21 INF] HTTP GET /api/v1/customer/account/wishlist responded 200 in 5.3972 ms
[22:48:21 INF] HTTP GET /api/v1/customer/orders responded 200 in 9.9176 ms
[22:48:21 INF] HTTP GET /api/v1/auth/me responded 200 in 17.6430 ms
[22:48:22 INF] HTTP GET /api/v1/customer/account/preferences responded 200 in 5.2288 ms
[22:48:22 INF] HTTP GET /api/v1/customer/orders responded 200 in 8.5036 ms
[22:48:23 INF] HTTP GET /api/v1/customer/account/preferences responded 200 in 6.8844 ms
[22:48:23 INF] HTTP GET /api/v1/customer/orders/ORD-202604181548157478CE responded 200 in 9.9363 ms
[22:48:24 INF] HTTP GET /api/v1/customer/account/preferences responded 200 in 4.2713 ms
[22:48:24 INF] HTTP GET /api/v1/customer/orders/ORD-2026041815481656A8D0 responded 200 in 7.7057 ms
[22:48:25 INF] HTTP GET /api/v1/customer/account/preferences responded 200 in 4.7167 ms
[22:48:25 INF] HTTP GET /api/v1/customer/account/passengers responded 200 in 5.2136 ms
[22:48:26 INF] HTTP GET /api/v1/customer/account/preferences responded 200 in 5.1677 ms
[22:48:26 INF] HTTP GET /api/v1/customer/account/wishlist responded 200 in 7.0741 ms
[22:48:27 INF] HTTP GET /api/v1/customer/account/preferences responded 200 in 8.1832 ms
[22:48:27 INF] HTTP GET /api/v1/customer/account/notifications responded 200 in 8.3329 ms
[22:48:28 INF] HTTP GET /api/v1/customer/account/preferences responded 200 in 5.4966 ms
[22:48:28 INF] HTTP GET /api/v1/customer/orders/payment-methods responded 200 in 2.8493 ms
[22:48:28 INF] HTTP GET /api/v1/customer/account/payments responded 200 in 5.6670 ms
[22:48:29 INF] HTTP GET /api/v1/customer/account/preferences responded 200 in 4.2993 ms
[22:48:29 INF] HTTP GET /api/v1/customer/account/payments responded 200 in 4.5523 ms
[22:48:30 INF] HTTP GET /api/v1/customer/account/preferences responded 200 in 4.6845 ms
[22:48:30 INF] HTTP GET /api/v1/customer/account/vat-invoices responded 200 in 4.0280 ms
[22:48:30 INF] HTTP GET /api/v1/customer/orders responded 200 in 6.1293 ms
[22:48:32 INF] HTTP GET /api/v1/customer/account/preferences responded 200 in 4.3632 ms
[22:48:32 INF] HTTP GET /api/v1/customer/account/preferences responded 200 in 4.3857 ms
[22:48:33 INF] HTTP GET /api/v1/customer/account/preferences responded 200 in 3.8069 ms
[22:48:33 INF] HTTP GET /api/v1/auth/2fa/status responded 200 in 17.7264 ms
[22:48:33 INF] HTTP GET /api/v1/auth/sessions responded 200 in 23.6314 ms
[22:49:27 INF] HTTP POST /api/v1/auth/login responded 200 in 79.0284 ms
[22:49:27 WRN] Savepoints are disabled because Multiple Active Result Sets (MARS) is enabled. If 'SaveChanges' fails, then the transaction cannot be automatically rolled back to a known clean state. Instead, the transaction should be rolled back by the application before retrying 'SaveChanges'. See https://go.microsoft.com/fwlink/?linkid=2149338 for more information and examples. To identify the code which triggers this warning, call 'ConfigureWarnings(w => w.Throw(SqlServerEventId.SavepointsDisabledBecauseOfMARS))'.
[22:49:27 WRN] Savepoints are disabled because Multiple Active Result Sets (MARS) is enabled. If 'SaveChanges' fails, then the transaction cannot be automatically rolled back to a known clean state. Instead, the transaction should be rolled back by the application before retrying 'SaveChanges'. See https://go.microsoft.com/fwlink/?linkid=2149338 for more information and examples. To identify the code which triggers this warning, call 'ConfigureWarnings(w => w.Throw(SqlServerEventId.SavepointsDisabledBecauseOfMARS))'.
[22:49:27 INF] HTTP POST /api/v1/customer/orders responded 201 in 171.7787 ms
[22:49:27 INF] HTTP POST /api/v1/customer/orders/ORD-20260418154927A0CCD3/payment-init responded 200 in 12.9459 ms
[22:49:27 INF] HTTP POST /api/v1/payments/sepay/ipn responded 401 in 75.6247 ms
[22:49:27 WRN] Savepoints are disabled because Multiple Active Result Sets (MARS) is enabled. If 'SaveChanges' fails, then the transaction cannot be automatically rolled back to a known clean state. Instead, the transaction should be rolled back by the application before retrying 'SaveChanges'. See https://go.microsoft.com/fwlink/?linkid=2149338 for more information and examples. To identify the code which triggers this warning, call 'ConfigureWarnings(w => w.Throw(SqlServerEventId.SavepointsDisabledBecauseOfMARS))'.
[22:49:27 WRN] Savepoints are disabled because Multiple Active Result Sets (MARS) is enabled. If 'SaveChanges' fails, then the transaction cannot be automatically rolled back to a known clean state. Instead, the transaction should be rolled back by the application before retrying 'SaveChanges'. See https://go.microsoft.com/fwlink/?linkid=2149338 for more information and examples. To identify the code which triggers this warning, call 'ConfigureWarnings(w => w.Throw(SqlServerEventId.SavepointsDisabledBecauseOfMARS))'.
[22:49:27 INF] HTTP POST /api/v1/payments/sepay/ipn responded 200 in 195.0496 ms
[22:49:29 INF] HTTP GET /api/v1/customer/orders/ORD-20260418154927A0CCD3 responded 200 in 5.8501 ms
