Using launch settings from D:\FPT\TicketBooking.V3\TicketBooking.Api\Properties\launchSettings.json...
Building...
[19:56:50 WRN] The 'CustomerSettlementStatus' property 'SettlementStatus' on entity type 'CustomerOrder' is configured with a database-generated default, but has no configured sentinel value. The database-generated default will always be used for inserts when the property has the value '0', since this is the CLR default for the 'CustomerSettlementStatus' type. Consider using a nullable type, using a nullable backing field, or setting the sentinel value for the property to ensure the database default is used when, and only when, appropriate. See https://aka.ms/efcore-docs-default-values for more information.
[19:56:50 WRN] The 'CustomerSettlementBatchStatus' property 'Status' on entity type 'CustomerSettlementBatch' is configured with a database-generated default, but has no configured sentinel value. The database-generated default will always be used for inserts when the property has the value '0', since this is the CLR default for the 'CustomerSettlementBatchStatus' type. Consider using a nullable type, using a nullable backing field, or setting the sentinel value for the property to ensure the database default is used when, and only when, appropriate. See https://aka.ms/efcore-docs-default-values for more information.
[19:56:50 WRN] The 'CustomerSettlementStatus' property 'Status' on entity type 'CustomerSettlementBatchLine' is configured with a database-generated default, but has no configured sentinel value. The database-generated default will always be used for inserts when the property has the value '0', since this is the CLR default for the 'CustomerSettlementStatus' type. Consider using a nullable type, using a nullable backing field, or setting the sentinel value for the property to ensure the database default is used when, and only when, appropriate. See https://aka.ms/efcore-docs-default-values for more information.
[19:56:51 INF] Ensured user 'qlnx' with role 'QLNX'.
[19:56:51 INF] Ensured user 'qlks' with role 'QLKS'.
[19:56:51 INF] Ensured user 'qlvt' with role 'QLVT'.
[19:56:51 INF] Ensured user 'qlvmm' with role 'QLVMM'.
[19:56:51 INF] Ensured user 'qltour' with role 'QLTour'.
[19:56:51 INF] Ensured user 'scanner_nx' with role 'Customer'.
[19:56:51 INF] Ensured user 'customer' with role 'Customer'.
[19:56:51 INF] Identity seed completed.
[19:56:51 INF] Tenant NX001 already exists.
[19:56:51 INF] Tenant VT001 already exists.
[19:56:51 INF] Tenant VMM001 already exists.
[19:56:51 INF] Tenant KS001 already exists.
[19:56:51 INF] Tenant TOUR001 already exists.
[19:56:51 INF] Updated tenant link 'qlnx' -> tenant 16604939-0d6a-4a9d-b828-6e9797dd1ffd.
[19:56:51 INF] Updated tenant link 'admin' -> tenant 16604939-0d6a-4a9d-b828-6e9797dd1ffd.
[19:56:51 INF] Updated tenant link 'qlvt' -> tenant 8f759d36-942d-4666-bda8-195ccfc7939a.
[19:56:51 INF] Updated tenant link 'admin' -> tenant 8f759d36-942d-4666-bda8-195ccfc7939a.
[19:56:51 INF] Updated tenant link 'qlvmm' -> tenant 47997b25-a35b-4291-a7ca-2521e14ea6e4.
[19:56:51 INF] Updated tenant link 'admin' -> tenant 47997b25-a35b-4291-a7ca-2521e14ea6e4.
[19:56:51 INF] Updated tenant link 'qlks' -> tenant 32110ffc-3d5b-409b-8bbb-8fb3286d9cc7.
[19:56:51 INF] Updated tenant link 'admin' -> tenant 32110ffc-3d5b-409b-8bbb-8fb3286d9cc7.
[19:56:51 INF] Updated tenant link 'qltour' -> tenant dfb80807-d1db-43b0-a62f-9b744f1dde4f.
[19:56:51 INF] Updated tenant link 'admin' -> tenant dfb80807-d1db-43b0-a62f-9b744f1dde4f.
[19:56:51 INF] Tenants seed completed (NX001/VT001/VMM001/KS001/TOUR001).
[19:56:51 INF] Permissions seed completed.
[19:56:51 INF] Tenant system role seed completed.
[19:56:51 INF] Updated TenantUser link 'customer' -> tenant 16604939-0d6a-4a9d-b828-6e9797dd1ffd.
[19:56:51 INF] Updated TenantUser link 'scanner_nx' -> tenant 16604939-0d6a-4a9d-b828-6e9797dd1ffd.
[19:56:51 INF] TenantRoles seed completed for NX001.
[19:56:52 INF] BUS demo seed completed for tenant NX001.
[19:56:52 INF] TRAIN demo seed completed for tenant VT001.
[19:56:53 INF] Flight demo seed completed for tenant VMM001.
[19:56:53 INF] CmsDemoSeed completed for tenant NX001.
[19:56:53 INF] Hotel demo seed starting for 6 tenant(s). Days=14
[19:56:53 INF] Tenant KS001: Hotel HTL_KS001_DEMO_01 already exists. Skipping core hotel create.
[19:56:54 INF] Tenant KS001: Hotel seed OK (HTL_KS001_DEMO_01)
[19:56:54 INF] Tenant NX001: Hotel HTL_NX001_DEMO_01 already exists. Skipping core hotel create.
[19:56:54 INF] Tenant NX001: Hotel seed OK (HTL_NX001_DEMO_01)
[19:56:54 INF] Tenant TEST001: Hotel HTL_TEST001_DEMO_01 already exists. Skipping core hotel create.
[19:56:54 INF] Tenant TEST001: Hotel seed OK (HTL_TEST001_DEMO_01)
[19:56:54 INF] Tenant TOUR001: Hotel HTL_TOUR001_DEMO_01 already exists. Skipping core hotel create.
[19:56:54 INF] Tenant TOUR001: Hotel seed OK (HTL_TOUR001_DEMO_01)
[19:56:54 INF] Tenant VMM001: Hotel HTL_VMM001_DEMO_01 already exists. Skipping core hotel create.
[19:56:55 INF] Tenant VMM001: Hotel seed OK (HTL_VMM001_DEMO_01)
[19:56:55 INF] Tenant VT001: Hotel HTL_VT001_DEMO_01 already exists. Skipping core hotel create.
[19:56:55 INF] Tenant VT001: Hotel seed OK (HTL_VT001_DEMO_01)
[19:56:55 INF] Hotel demo seed finished.
[19:56:55 INF] Now listening on: http://localhost:5183
[19:56:55 INF] Application started. Press Ctrl+C to shut down.
[19:56:55 INF] Hosting environment: Development
[19:56:55 INF] Content root path: D:\FPT\TicketBooking.V3\TicketBooking.Api
[19:57:32 WRN] Failed to determine the https port for redirect.
[19:57:32 INF] HTTP POST /api/v1/auth/login responded 400 in 69.2270 ms
[19:57:32 INF] HTTP GET /api/v1/customer/orders responded 401 in 5.6779 ms
[19:57:32 INF] HTTP GET /api/v1/customer/orders//timeline responded 404 in 1.9685 ms
[19:57:32 INF] HTTP GET /api/v1/customer/account/personalized-suggestions responded 401 in 1.4826 ms
[19:57:32 INF] HTTP GET /api/v1/customer/account/notifications responded 401 in 1.7212 ms
[19:57:56 INF] HTTP POST /api/v1/auth/login responded 200 in 148.7267 ms
[19:57:57 INF] HTTP GET /api/v1/customer/orders responded 200 in 108.2765 ms
[19:57:57 INF] HTTP GET /api/v1/customer/orders/ORD-2026041713283039790E/timeline responded 200 in 126.3997 ms
[19:57:57 INF] HTTP GET /api/v1/customer/account/personalized-suggestions responded 200 in 48.8513 ms
[19:57:57 INF] HTTP GET /api/v1/customer/account/notifications responded 200 in 22.1203 ms
[19:58:15 INF] HTTP POST /api/v1/auth/login responded 200 in 64.4456 ms
[19:58:15 INF] HTTP GET /api/v1/customer/orders responded 200 in 14.7822 ms
[19:58:15 INF] HTTP GET /api/v1/customer/orders/ORD-2026041713283039790E/timeline responded 200 in 5.6950 ms
[19:58:15 INF] HTTP GET /api/v1/customer/account/personalized-suggestions responded 200 in 4.5123 ms
[19:58:15 INF] HTTP GET /api/v1/customer/account/notifications responded 200 in 3.0255 ms
[19:59:06 INF] HTTP GET /api/v1/hotels responded 200 in 26.7678 ms
[19:59:11 INF] HTTP GET /api/v1/hotels/8d1e2ea0-495f-41b8-af53-4ae953d833b0/availability responded 200 in 95.3751 ms
[19:59:18 INF] HTTP GET /api/v1/hotels responded 200 in 5.2058 ms
[19:59:18 INF] HTTP GET /api/v1/hotels/8d1e2ea0-495f-41b8-af53-4ae953d833b0/availability responded 200 in 5.3529 ms
[19:59:18 INF] HTTP GET /api/v1/hotels/052eaa5e-e666-4fa8-9ff1-53b759cbec82/availability responded 200 in 4.9489 ms
[19:59:18 INF] HTTP GET /api/v1/hotels/a1340955-a696-4b12-830b-2ae16de7946a/availability responded 200 in 5.8994 ms
[19:59:18 INF] HTTP GET /api/v1/hotels/9eea4812-bfad-43fb-a362-3225991c3400/availability responded 200 in 14.2519 ms
[19:59:18 INF] HTTP GET /api/v1/hotels/f6b8f7e2-a5c3-4625-8426-112d6de6ca35/availability responded 200 in 6.6766 ms
[19:59:18 INF] HTTP GET /api/v1/hotels/ec4600e5-000e-4035-914e-c2e877cc61e7/availability responded 200 in 6.4831 ms
[19:59:18 INF] HTTP GET /api/v1/hotels/29caaa6d-5d8c-4382-84b4-f622aea90168/availability responded 200 in 6.8292 ms
[19:59:18 INF] HTTP GET /api/v1/hotels/1ae1adf4-61bd-4172-acd1-968f019c681a/availability responded 200 in 6.8990 ms
[19:59:18 INF] HTTP GET /api/v1/hotels/f2509b62-93cb-4927-ae0f-ee171cd57525/availability responded 200 in 6.4451 ms
[19:59:26 INF] HTTP GET /api/v1/hotels/9eea4812-bfad-43fb-a362-3225991c3400/availability responded 200 in 5.7374 ms
[19:59:51 INF] HTTP POST /api/v1/auth/login responded 200 in 58.8537 ms
[19:59:51 WRN] Savepoints are disabled because Multiple Active Result Sets (MARS) is enabled. If 'SaveChanges' fails, then the transaction cannot be automatically rolled back to a known clean state. Instead, the transaction should be rolled back by the application before retrying 'SaveChanges'. See https://go.microsoft.com/fwlink/?linkid=2149338 for more information and examples. To identify the code which triggers this warning, call 'ConfigureWarnings(w => w.Throw(SqlServerEventId.SavepointsDisabledBecauseOfMARS))'.
[19:59:51 INF] HTTP POST /api/v1/customer/orders responded 201 in 232.4540 ms
[19:59:57 INF] HTTP POST /api/v1/payments/sepay/webhook responded 200 in 101.0945 ms
[20:00:12 INF] HTTP POST /api/v1/auth/login responded 200 in 56.8206 ms
[20:00:12 INF] HTTP GET /api/v1/customer/orders responded 200 in 4.8564 ms
[20:00:12 INF] HTTP GET /api/v1/customer/orders/ORD-2026042012595167BB39/timeline responded 200 in 5.5076 ms
[20:00:12 INF] HTTP GET /api/v1/customer/orders/ORD-2026042012595167BB39/refund-estimate responded 200 in 13.9354 ms
[20:00:12 INF] HTTP GET /api/v1/customer/account/personalized-suggestions responded 200 in 4.3341 ms
[20:00:12 INF] HTTP GET /api/v1/customer/account/notifications responded 200 in 2.6535 ms
[20:01:50 INF] HTTP POST /api/v1/auth/login responded 200 in 58.2333 ms
[20:01:53 INF] HTTP GET /api/v1/customer/orders responded 200 in 8.4789 ms
[20:01:53 INF] HTTP GET /api/v1/customer/account/preferences responded 200 in 19.3038 ms
[20:01:53 INF] HTTP GET /api/v1/auth/me responded 200 in 20.5885 ms
[20:01:53 INF] HTTP GET /api/v1/customer/account/wishlist responded 200 in 26.1734 ms
[20:01:53 INF] HTTP GET /api/v1/customer/orders responded 200 in 6.6458 ms
[20:01:53 INF] HTTP GET /api/v1/customer/account/recent-views responded 200 in 29.8473 ms
[20:01:53 INF] HTTP GET /api/v1/customer/account/checkout-drafts responded 200 in 32.0807 ms
[20:01:53 INF] HTTP GET /api/v1/customer/account/personalized-suggestions responded 200 in 11.6393 ms
[20:01:53 INF] HTTP GET /api/v1/customer/account/preferences responded 200 in 4.0079 ms
[20:01:53 INF] HTTP GET /api/v1/customer/account/recent-searches responded 200 in 20.4996 ms
[20:01:53 INF] HTTP GET /api/v1/auth/me responded 200 in 4.5056 ms
[20:01:53 INF] HTTP GET /api/v1/customer/account/wishlist responded 200 in 3.7079 ms
[20:01:53 INF] HTTP GET /api/v1/customer/account/checkout-drafts responded 200 in 4.2715 ms
[20:01:53 INF] HTTP GET /api/v1/customer/account/recent-views responded 200 in 4.4834 ms
[20:01:53 INF] HTTP GET /api/v1/customer/account/recent-searches responded 200 in 3.8508 ms
[20:01:53 INF] HTTP GET /api/v1/customer/account/personalized-suggestions responded 200 in 5.6493 ms
[20:01:55 INF] HTTP GET /api/v1/customer/account/preferences responded 200 in 4.6159 ms
[20:01:55 INF] HTTP GET /api/v1/customer/account/preferences responded 200 in 2.7266 ms
[20:01:55 INF] HTTP GET /api/v1/customer/orders/ORD-2026042012595167BB39/timeline responded 200 in 5.6498 ms
[20:01:55 INF] HTTP GET /api/v1/customer/orders/ORD-2026042012595167BB39 responded 200 in 13.9131 ms
[20:01:55 INF] HTTP GET /api/v1/customer/orders/ORD-2026042012595167BB39/timeline responded 200 in 4.6180 ms
[20:01:55 INF] HTTP GET /api/v1/customer/orders/ORD-2026042012595167BB39 responded 200 in 6.2935 ms
[20:01:56 INF] HTTP GET /api/v1/customer/account/preferences responded 200 in 3.3375 ms
[20:01:56 INF] HTTP GET /api/v1/customer/account/preferences responded 200 in 2.7837 ms
[20:01:56 INF] HTTP GET /api/v1/customer/orders/ORD-2026042012595167BB39 responded 200 in 7.1636 ms
[20:01:56 INF] HTTP GET /api/v1/customer/orders/ORD-2026042012595167BB39 responded 200 in 6.7929 ms
[20:01:56 INF] HTTP GET /api/v1/customer/orders/ORD-2026042012595167BB39/refund-estimate responded 200 in 3.6312 ms
[20:01:57 INF] HTTP GET /api/v1/customer/orders/ORD-2026042012595167BB39/refund-estimate responded 200 in 3.7445 ms
[20:01:58 INF] HTTP GET /api/v1/customer/account/preferences responded 200 in 3.2158 ms
[20:01:58 INF] HTTP GET /api/v1/customer/account/preferences responded 200 in 2.8662 ms
[20:01:58 INF] HTTP GET /api/v1/customer/orders/ORD-2026042012595167BB39 responded 200 in 4.9515 ms
[20:01:58 INF] HTTP GET /api/v1/customer/orders/ORD-2026042012595167BB39/ticket responded 200 in 9.2777 ms
[20:01:58 INF] HTTP GET /api/v1/customer/orders/ORD-2026042012595167BB39 responded 200 in 6.8604 ms
[20:01:58 INF] HTTP GET /api/v1/customer/orders/ORD-2026042012595167BB39/ticket responded 200 in 4.8402 ms
[20:02:00 INF] HTTP GET /api/v1/customer/account/preferences responded 200 in 3.4008 ms
[20:02:00 INF] HTTP GET /api/v1/customer/account/notifications responded 200 in 3.5653 ms
[20:02:00 INF] HTTP GET /api/v1/customer/account/preferences responded 200 in 2.3988 ms
[20:02:00 INF] HTTP GET /api/v1/customer/account/notifications responded 200 in 2.6953 ms
[20:02:24 INF] HTTP POST /api/v1/auth/login responded 200 in 57.3477 ms
[20:02:24 INF] HTTP GET /api/v1/customer/account/preferences responded 200 in 3.4101 ms
[20:02:24 INF] HTTP GET /api/v1/customer/account/wishlist responded 200 in 15.1373 ms
[20:02:24 INF] HTTP GET /api/v1/customer/account/recent-searches responded 200 in 13.5340 ms
[20:02:24 INF] HTTP GET /api/v1/customer/account/recent-views responded 200 in 15.2904 ms
[20:02:24 INF] HTTP GET /api/v1/auth/me responded 200 in 22.8409 ms
[20:02:24 INF] HTTP GET /api/v1/customer/orders responded 200 in 26.2805 ms
[20:02:25 INF] HTTP GET /api/v1/customer/account/wishlist responded 200 in 3.9865 ms
[20:02:25 INF] HTTP GET /api/v1/customer/account/recent-views responded 200 in 3.8487 ms
[20:02:25 INF] HTTP GET /api/v1/customer/account/preferences responded 200 in 4.2355 ms
[20:02:25 INF] HTTP GET /api/v1/customer/account/checkout-drafts responded 200 in 27.5065 ms
[20:02:25 INF] HTTP GET /api/v1/customer/account/personalized-suggestions responded 200 in 8.4479 ms
[20:02:25 INF] HTTP GET /api/v1/customer/account/recent-searches responded 200 in 5.3657 ms
[20:02:25 INF] HTTP GET /api/v1/auth/me responded 200 in 3.6691 ms
[20:02:25 INF] HTTP GET /api/v1/customer/account/checkout-drafts responded 200 in 3.0580 ms
[20:02:25 INF] HTTP GET /api/v1/customer/orders responded 200 in 5.5242 ms
[20:02:25 INF] HTTP GET /api/v1/customer/account/personalized-suggestions responded 200 in 5.7196 ms
[20:02:37 INF] HTTP POST /api/v1/auth/login responded 200 in 55.7894 ms
[20:02:38 INF] HTTP GET /api/v1/customer/account/preferences responded 200 in 3.1036 ms
[20:02:38 INF] HTTP GET /api/v1/auth/me responded 200 in 4.1479 ms
[20:02:38 INF] HTTP GET /api/v1/customer/account/wishlist responded 200 in 2.9526 ms
[20:02:38 INF] HTTP GET /api/v1/customer/account/recent-views responded 200 in 2.8575 ms
[20:02:38 INF] HTTP GET /api/v1/customer/account/checkout-drafts responded 200 in 3.0194 ms
[20:02:38 INF] HTTP GET /api/v1/customer/account/recent-searches responded 200 in 2.5635 ms
[20:02:38 INF] HTTP GET /api/v1/customer/orders responded 200 in 5.4848 ms
[20:02:38 INF] HTTP GET /api/v1/customer/account/preferences responded 200 in 2.3497 ms
[20:02:38 INF] HTTP GET /api/v1/customer/account/personalized-suggestions responded 200 in 5.1648 ms
[20:02:38 INF] HTTP GET /api/v1/auth/me responded 200 in 3.3114 ms
[20:02:38 INF] HTTP GET /api/v1/customer/account/recent-searches responded 200 in 1.8375 ms
[20:02:38 INF] HTTP GET /api/v1/customer/account/wishlist responded 200 in 2.1692 ms
[20:02:38 INF] HTTP GET /api/v1/customer/account/checkout-drafts responded 200 in 2.2204 ms
[20:02:38 INF] HTTP GET /api/v1/customer/account/recent-views responded 200 in 1.9084 ms
[20:02:38 INF] HTTP GET /api/v1/customer/orders responded 200 in 4.0263 ms
[20:02:38 INF] HTTP GET /api/v1/customer/account/personalized-suggestions responded 200 in 4.7786 ms
[20:02:59 INF] HTTP POST /api/v1/auth/login responded 200 in 56.9393 ms
[20:03:00 INF] HTTP GET /api/v1/customer/account/preferences responded 200 in 3.0621 ms
[20:03:00 INF] HTTP GET /api/v1/auth/me responded 200 in 4.4942 ms
[20:03:00 INF] HTTP GET /api/v1/customer/orders responded 200 in 4.9550 ms
[20:03:00 INF] HTTP GET /api/v1/customer/account/wishlist responded 200 in 4.2654 ms
[20:03:00 INF] HTTP GET /api/v1/customer/account/recent-views responded 200 in 3.2719 ms
[20:03:00 INF] HTTP GET /api/v1/customer/account/checkout-drafts responded 200 in 3.5945 ms
[20:03:00 INF] HTTP GET /api/v1/customer/account/recent-searches responded 200 in 3.3981 ms
[20:03:00 INF] HTTP GET /api/v1/customer/account/preferences responded 200 in 5.8887 ms
[20:03:00 INF] HTTP GET /api/v1/auth/me responded 200 in 3.4835 ms
[20:03:00 INF] HTTP GET /api/v1/customer/account/checkout-drafts responded 200 in 2.6232 ms
[20:03:00 INF] HTTP GET /api/v1/customer/account/personalized-suggestions responded 200 in 9.7374 ms
[20:03:00 INF] HTTP GET /api/v1/customer/account/wishlist responded 200 in 4.0551 ms
[20:03:00 INF] HTTP GET /api/v1/customer/orders responded 200 in 4.4833 ms
[20:03:00 INF] HTTP GET /api/v1/customer/account/recent-searches responded 200 in 2.9886 ms
[20:03:00 INF] HTTP GET /api/v1/customer/account/recent-views responded 200 in 2.9885 ms
[20:03:00 INF] HTTP GET /api/v1/customer/account/personalized-suggestions responded 200 in 4.2001 ms
[20:03:02 INF] HTTP GET /api/v1/customer/account/preferences responded 200 in 2.6545 ms
[20:03:02 INF] HTTP GET /api/v1/customer/orders/ORD-2026042012595167BB39/timeline responded 200 in 5.5533 ms
[20:03:02 INF] HTTP GET /api/v1/customer/account/preferences responded 200 in 2.1942 ms
[20:03:02 INF] HTTP GET /api/v1/customer/orders/ORD-2026042012595167BB39 responded 200 in 6.2302 ms
[20:03:02 INF] HTTP GET /api/v1/customer/orders/ORD-2026042012595167BB39/timeline responded 200 in 4.5020 ms
[20:03:02 INF] HTTP GET /api/v1/customer/orders/ORD-2026042012595167BB39 responded 200 in 4.9740 ms
[20:03:03 INF] HTTP GET /api/v1/customer/account/preferences responded 200 in 2.6217 ms
[20:03:03 INF] HTTP GET /api/v1/customer/account/preferences responded 200 in 2.0241 ms
[20:03:03 INF] HTTP GET /api/v1/customer/orders/ORD-2026042012595167BB39 responded 200 in 5.8956 ms
[20:03:03 INF] HTTP GET /api/v1/customer/orders/ORD-2026042012595167BB39 responded 200 in 5.8668 ms
[20:03:03 INF] HTTP GET /api/v1/customer/orders/ORD-2026042012595167BB39/refund-estimate responded 200 in 3.0813 ms
[20:03:03 INF] HTTP GET /api/v1/customer/orders/ORD-2026042012595167BB39/refund-estimate responded 200 in 3.1978 ms
[20:03:05 INF] HTTP GET /api/v1/customer/account/preferences responded 200 in 2.9999 ms
[20:03:05 INF] HTTP GET /api/v1/customer/orders/ORD-2026042012595167BB39/ticket responded 200 in 4.3791 ms
[20:03:05 INF] HTTP GET /api/v1/customer/orders/ORD-2026042012595167BB39 responded 200 in 6.3305 ms
[20:03:05 INF] HTTP GET /api/v1/customer/account/preferences responded 200 in 2.4217 ms
[20:03:05 INF] HTTP GET /api/v1/customer/orders/ORD-2026042012595167BB39/ticket responded 200 in 3.4300 ms
[20:03:05 INF] HTTP GET /api/v1/customer/orders/ORD-2026042012595167BB39 responded 200 in 4.3147 ms
[20:03:07 INF] HTTP GET /api/v1/customer/account/preferences responded 200 in 3.1003 ms
[20:03:07 INF] HTTP GET /api/v1/customer/account/notifications responded 200 in 3.9485 ms
[20:03:07 INF] HTTP GET /api/v1/customer/account/preferences responded 200 in 2.5052 ms
[20:03:08 INF] HTTP GET /api/v1/customer/account/notifications responded 200 in 2.7866 ms
