Using launch settings from D:\FPT\TicketBooking.V3\TicketBooking.Api\Properties\launchSettings.json...
Building...
[23:33:45 WRN] The 'CustomerSettlementStatus' property 'SettlementStatus' on entity type 'CustomerOrder' is configured with a database-generated default, but has no configured sentinel value. The database-generated default will always be used for inserts when the property has the value '0', since this is the CLR default for the 'CustomerSettlementStatus' type. Consider using a nullable type, using a nullable backing field, or setting the sentinel value for the property to ensure the database default is used when, and only when, appropriate. See https://aka.ms/efcore-docs-default-values for more information.
[23:33:45 WRN] The 'CustomerSettlementBatchStatus' property 'Status' on entity type 'CustomerSettlementBatch' is configured with a database-generated default, but has no configured sentinel value. The database-generated default will always be used for inserts when the property has the value '0', since this is the CLR default for the 'CustomerSettlementBatchStatus' type. Consider using a nullable type, using a nullable backing field, or setting the sentinel value for the property to ensure the database default is used when, and only when, appropriate. See https://aka.ms/efcore-docs-default-values for more information.
[23:33:45 WRN] The 'CustomerSettlementStatus' property 'Status' on entity type 'CustomerSettlementBatchLine' is configured with a database-generated default, but has no configured sentinel value. The database-generated default will always be used for inserts when the property has the value '0', since this is the CLR default for the 'CustomerSettlementStatus' type. Consider using a nullable type, using a nullable backing field, or setting the sentinel value for the property to ensure the database default is used when, and only when, appropriate. See https://aka.ms/efcore-docs-default-values for more information.
[23:33:46 INF] Ensured user 'qlnx' with role 'QLNX'.
[23:33:46 INF] Ensured user 'qlks' with role 'QLKS'.
[23:33:46 INF] Ensured user 'qlvt' with role 'QLVT'.
[23:33:46 INF] Ensured user 'qlvmm' with role 'QLVMM'.
[23:33:46 INF] Ensured user 'qltour' with role 'QLTour'.
[23:33:46 INF] Ensured user 'scanner_nx' with role 'Customer'.
[23:33:46 INF] Ensured user 'customer' with role 'Customer'.
[23:33:46 INF] Identity seed completed.
[23:33:46 INF] Tenant NX001 already exists.
[23:33:46 INF] Tenant VT001 already exists.
[23:33:46 INF] Tenant VMM001 already exists.
[23:33:46 INF] Tenant KS001 already exists.
[23:33:46 INF] Tenant TOUR001 already exists.
[23:33:46 INF] Updated tenant link 'qlnx' -> tenant 16604939-0d6a-4a9d-b828-6e9797dd1ffd.
[23:33:46 INF] Updated tenant link 'admin' -> tenant 16604939-0d6a-4a9d-b828-6e9797dd1ffd.
[23:33:46 INF] Updated tenant link 'qlvt' -> tenant 8f759d36-942d-4666-bda8-195ccfc7939a.
[23:33:46 INF] Updated tenant link 'admin' -> tenant 8f759d36-942d-4666-bda8-195ccfc7939a.
[23:33:46 INF] Updated tenant link 'qlvmm' -> tenant 47997b25-a35b-4291-a7ca-2521e14ea6e4.
[23:33:46 INF] Updated tenant link 'admin' -> tenant 47997b25-a35b-4291-a7ca-2521e14ea6e4.
[23:33:46 INF] Updated tenant link 'qlks' -> tenant 32110ffc-3d5b-409b-8bbb-8fb3286d9cc7.
[23:33:46 INF] Updated tenant link 'admin' -> tenant 32110ffc-3d5b-409b-8bbb-8fb3286d9cc7.
[23:33:46 INF] Updated tenant link 'qltour' -> tenant dfb80807-d1db-43b0-a62f-9b744f1dde4f.
[23:33:46 INF] Updated tenant link 'admin' -> tenant dfb80807-d1db-43b0-a62f-9b744f1dde4f.
[23:33:46 INF] Tenants seed completed (NX001/VT001/VMM001/KS001/TOUR001).
[23:33:46 INF] Permissions seed completed.
[23:33:47 INF] Tenant system role seed completed.
[23:33:47 INF] Updated TenantUser link 'customer' -> tenant 16604939-0d6a-4a9d-b828-6e9797dd1ffd.
[23:33:47 INF] Updated TenantUser link 'scanner_nx' -> tenant 16604939-0d6a-4a9d-b828-6e9797dd1ffd.
[23:33:47 INF] TenantRoles seed completed for NX001.
[23:33:47 INF] BUS demo seed completed for tenant NX001.
[23:33:48 INF] TRAIN demo seed completed for tenant VT001.
[23:33:48 INF] Flight demo seed completed for tenant VMM001.
[23:33:48 INF] CmsDemoSeed completed for tenant NX001.
[23:33:49 INF] Hotel demo seed starting for 6 tenant(s). Days=14
[23:33:49 INF] Tenant KS001: Hotel HTL_KS001_DEMO_01 already exists. Skipping core hotel create.
[23:33:50 INF] Tenant KS001: Hotel seed OK (HTL_KS001_DEMO_01)
[23:33:50 INF] Tenant NX001: Hotel HTL_NX001_DEMO_01 already exists. Skipping core hotel create.
[23:33:50 INF] Tenant NX001: Hotel seed OK (HTL_NX001_DEMO_01)
[23:33:50 INF] Tenant TEST001: Hotel HTL_TEST001_DEMO_01 already exists. Skipping core hotel create.
[23:33:50 INF] Tenant TEST001: Hotel seed OK (HTL_TEST001_DEMO_01)
[23:33:50 INF] Tenant TOUR001: Hotel HTL_TOUR001_DEMO_01 already exists. Skipping core hotel create.
[23:33:50 INF] Tenant TOUR001: Hotel seed OK (HTL_TOUR001_DEMO_01)
[23:33:50 INF] Tenant VMM001: Hotel HTL_VMM001_DEMO_01 already exists. Skipping core hotel create.
[23:33:50 INF] Tenant VMM001: Hotel seed OK (HTL_VMM001_DEMO_01)
[23:33:50 INF] Tenant VT001: Hotel HTL_VT001_DEMO_01 already exists. Skipping core hotel create.
[23:33:50 INF] Tenant VT001: Hotel seed OK (HTL_VT001_DEMO_01)
[23:33:50 INF] Hotel demo seed finished.
[23:33:50 INF] Now listening on: http://127.0.0.1:5183
[23:33:50 INF] Application started. Press Ctrl+C to shut down.
[23:33:50 INF] Hosting environment: Development
[23:33:50 INF] Content root path: D:\FPT\TicketBooking.V3\TicketBooking.Api
[23:34:49 WRN] Failed to determine the https port for redirect.
[23:34:49 INF] HTTP POST /api/v1/auth/login responded 200 in 247.8912 ms
[23:34:49 INF] HTTP PUT /api/v1/customer/account/checkout-drafts responded 200 in 151.3378 ms
[23:34:49 INF] HTTP POST /api/v1/customer/account/checkout-drafts/820b6039-0d1b-41e4-aa7d-7509c5ed6ae1/resume responded 200 in 26.3472 ms
[23:34:49 INF] HTTP GET /api/v1/customer/account/checkout-drafts responded 200 in 27.8232 ms
[23:34:49 INF] HTTP POST /api/v1/customer/account/recent-searches responded 200 in 62.2239 ms
[23:34:49 INF] HTTP GET /api/v1/customer/account/recent-searches responded 200 in 16.2378 ms
[23:34:50 INF] HTTP GET /api/v1/hotels/public responded 404 in 0.9375 ms
[23:34:50 INF] HTTP POST /api/v1/customer/account/recent-views responded 400 in 32.8528 ms
[23:34:50 INF] HTTP GET /api/v1/customer/account/recent-views responded 200 in 18.1455 ms
[23:35:27 INF] HTTP POST /api/v1/auth/login responded 200 in 85.9706 ms
[23:35:27 INF] HTTP PUT /api/v1/customer/account/checkout-drafts responded 200 in 17.5953 ms
[23:35:27 INF] HTTP POST /api/v1/customer/account/checkout-drafts/820b6039-0d1b-41e4-aa7d-7509c5ed6ae1/resume responded 200 in 8.6030 ms
[23:35:27 INF] HTTP GET /api/v1/customer/account/checkout-drafts responded 200 in 6.2777 ms
[23:35:27 INF] HTTP POST /api/v1/customer/account/recent-searches responded 200 in 15.8273 ms
[23:35:27 INF] HTTP GET /api/v1/customer/account/recent-searches responded 200 in 5.1499 ms
[23:35:28 INF] HTTP GET /api/v1/hotels responded 200 in 39.4182 ms
[23:35:28 INF] HTTP POST /api/v1/customer/account/recent-views responded 200 in 72.5297 ms
[23:35:28 INF] HTTP GET /api/v1/customer/account/recent-views responded 200 in 5.7389 ms
[23:36:03 INF] HTTP POST /api/v1/auth/login responded 200 in 69.2973 ms
[23:36:03 INF] HTTP PUT /api/v1/customer/account/checkout-drafts responded 200 in 6.5362 ms
[23:36:03 INF] HTTP POST /api/v1/customer/account/checkout-drafts/820b6039-0d1b-41e4-aa7d-7509c5ed6ae1/resume responded 200 in 4.6011 ms
[23:36:03 INF] HTTP GET /api/v1/customer/account/checkout-drafts responded 200 in 3.9741 ms
[23:36:03 INF] HTTP POST /api/v1/customer/account/recent-searches responded 200 in 5.6487 ms
[23:36:03 INF] HTTP GET /api/v1/customer/account/recent-searches responded 200 in 3.1684 ms
[23:36:03 INF] HTTP GET /api/v1/hotels responded 200 in 2.6297 ms
[23:36:03 INF] HTTP POST /api/v1/customer/account/recent-views responded 200 in 16.3696 ms
[23:36:03 INF] HTTP GET /api/v1/customer/account/recent-views responded 200 in 3.6639 ms
[23:38:53 INF] HTTP POST /api/v1/auth/login responded 200 in 122.0573 ms
[23:39:45 INF] HTTP POST /api/v1/auth/login responded 200 in 98.1341 ms
[23:40:42 INF] HTTP POST /api/v1/auth/login responded 200 in 98.6669 ms
[23:40:45 INF] HTTP GET /api/v1/customer/account/recent-views responded 200 in 14.0799 ms
[23:40:45 INF] HTTP GET /api/v1/customer/account/checkout-drafts responded 200 in 22.9664 ms
[23:40:45 INF] HTTP GET /api/v1/customer/account/preferences responded 200 in 46.5612 ms
[23:40:45 INF] HTTP GET /api/v1/auth/me responded 200 in 34.4377 ms
[23:40:45 INF] HTTP GET /api/v1/customer/account/recent-searches responded 200 in 9.3989 ms
[23:40:45 INF] HTTP GET /api/v1/customer/account/preferences responded 200 in 3.0017 ms
[23:40:45 INF] HTTP GET /api/v1/auth/me responded 200 in 2.6494 ms
[23:40:45 INF] HTTP GET /api/v1/customer/account/checkout-drafts responded 200 in 4.4293 ms
[23:40:45 INF] HTTP GET /api/v1/customer/account/wishlist responded 200 in 42.5828 ms
[23:40:45 INF] HTTP GET /api/v1/customer/account/recent-views responded 200 in 8.5049 ms
[23:40:45 INF] HTTP GET /api/v1/customer/account/recent-searches responded 200 in 4.1525 ms
[23:40:45 INF] HTTP GET /api/v1/customer/account/wishlist responded 200 in 3.6594 ms
[23:40:45 INF] HTTP GET /api/v1/customer/orders responded 200 in 124.9881 ms
[23:40:45 INF] HTTP GET /api/v1/customer/orders responded 200 in 14.3011 ms
[23:41:51 INF] HTTP POST /api/v1/auth/login responded 200 in 92.8869 ms
[23:41:52 INF] HTTP GET /api/v1/customer/account/preferences responded 200 in 16.8678 ms
[23:41:52 INF] HTTP GET /api/v1/auth/me responded 200 in 10.6798 ms
[23:41:52 INF] HTTP GET /api/v1/customer/account/wishlist responded 200 in 10.7711 ms
[23:41:52 INF] HTTP GET /api/v1/customer/account/checkout-drafts responded 200 in 10.7975 ms
[23:41:52 INF] HTTP GET /api/v1/customer/account/recent-searches responded 200 in 16.7848 ms
[23:41:52 INF] HTTP GET /api/v1/customer/account/recent-views responded 200 in 20.9052 ms
[23:41:52 INF] HTTP GET /api/v1/customer/account/preferences responded 200 in 4.1717 ms
[23:41:52 INF] HTTP GET /api/v1/auth/me responded 200 in 3.7429 ms
[23:41:52 INF] HTTP GET /api/v1/customer/account/wishlist responded 200 in 3.3696 ms
[23:41:52 INF] HTTP GET /api/v1/customer/account/checkout-drafts responded 200 in 4.2349 ms
[23:41:52 INF] HTTP GET /api/v1/customer/account/recent-searches responded 200 in 4.4825 ms
[23:41:52 INF] HTTP GET /api/v1/customer/account/recent-views responded 200 in 4.1122 ms
[23:41:52 INF] HTTP GET /api/v1/customer/orders responded 200 in 39.4242 ms
[23:41:52 INF] HTTP GET /api/v1/customer/orders responded 200 in 6.6258 ms
[23:41:54 INF] HTTP GET /api/v1/customer/account/checkout-drafts responded 200 in 12.2942 ms
[23:41:54 INF] HTTP GET /api/v1/customer/account/checkout-drafts responded 200 in 3.9552 ms
[23:41:54 INF] HTTP GET /api/v1/customer/account/passengers responded 200 in 27.7261 ms
[23:41:54 INF] HTTP GET /api/v1/customer/account/passengers responded 200 in 2.5850 ms
[23:42:21 INF] HTTP POST /api/v1/auth/login responded 200 in 88.6820 ms
[23:42:21 INF] HTTP PUT /api/v1/customer/account/checkout-drafts responded 200 in 10.7009 ms
[23:42:28 INF] HTTP POST /api/v1/auth/login responded 200 in 80.2771 ms
[23:42:29 INF] HTTP GET /api/v1/customer/account/preferences responded 200 in 4.1406 ms
[23:42:29 INF] HTTP GET /api/v1/auth/me responded 200 in 3.4756 ms
[23:42:29 INF] HTTP GET /api/v1/customer/account/wishlist responded 200 in 3.0106 ms
[23:42:29 INF] HTTP GET /api/v1/customer/account/recent-views responded 200 in 2.7166 ms
[23:42:29 INF] HTTP GET /api/v1/customer/account/checkout-drafts responded 200 in 2.8661 ms
[23:42:29 INF] HTTP GET /api/v1/customer/orders responded 200 in 5.1721 ms
[23:42:29 INF] HTTP GET /api/v1/customer/account/recent-searches responded 200 in 3.1378 ms
[23:42:29 INF] HTTP GET /api/v1/customer/account/preferences responded 200 in 5.8720 ms
[23:42:29 INF] HTTP GET /api/v1/auth/me responded 200 in 4.0373 ms
[23:42:29 INF] HTTP GET /api/v1/customer/account/recent-views responded 200 in 2.5074 ms
[23:42:29 INF] HTTP GET /api/v1/customer/account/wishlist responded 200 in 2.5742 ms
[23:42:29 INF] HTTP GET /api/v1/customer/account/checkout-drafts responded 200 in 2.7055 ms
[23:42:29 INF] HTTP GET /api/v1/customer/orders responded 200 in 4.5820 ms
[23:42:29 INF] HTTP GET /api/v1/customer/account/recent-searches responded 200 in 2.4678 ms
[23:42:54 INF] HTTP POST /api/v1/auth/login responded 200 in 101.6711 ms
[23:42:55 INF] HTTP GET /api/v1/customer/account/preferences responded 200 in 10.8157 ms
[23:42:55 INF] HTTP GET /api/v1/auth/me responded 200 in 12.8883 ms
[23:42:55 INF] HTTP GET /api/v1/customer/account/recent-searches responded 200 in 9.7644 ms
[23:42:55 INF] HTTP GET /api/v1/customer/account/wishlist responded 200 in 14.1444 ms
[23:42:55 INF] HTTP GET /api/v1/customer/account/checkout-drafts responded 200 in 15.3499 ms
[23:42:55 INF] HTTP GET /api/v1/customer/account/recent-views responded 200 in 15.9036 ms
[23:42:55 INF] HTTP GET /api/v1/customer/orders responded 200 in 20.7694 ms
[23:42:55 INF] HTTP GET /api/v1/customer/account/preferences responded 200 in 7.2916 ms
[23:42:55 INF] HTTP GET /api/v1/auth/me responded 200 in 6.9334 ms
[23:42:55 INF] HTTP GET /api/v1/customer/account/wishlist responded 200 in 3.0001 ms
[23:42:55 INF] HTTP GET /api/v1/customer/account/recent-views responded 200 in 2.4002 ms
[23:42:55 INF] HTTP GET /api/v1/customer/account/recent-searches responded 200 in 3.0095 ms
[23:42:55 INF] HTTP GET /api/v1/customer/account/checkout-drafts responded 200 in 3.0145 ms
[23:42:55 INF] HTTP GET /api/v1/customer/orders responded 200 in 4.6321 ms
[23:42:57 INF] HTTP GET /api/v1/customer/account/passengers responded 200 in 10.8334 ms
[23:42:57 INF] HTTP GET /api/v1/customer/account/checkout-drafts responded 200 in 14.8294 ms
[23:42:57 INF] HTTP GET /api/v1/customer/account/passengers responded 200 in 3.7947 ms
[23:42:57 INF] HTTP GET /api/v1/customer/account/checkout-drafts responded 200 in 3.9464 ms
[23:42:57 INF] HTTP POST /api/v1/customer/account/checkout-drafts/60a9d5e1-4fe7-4696-84c5-ba6460b9acd7/resume responded 200 in 8.6154 ms
[23:43:11 INF] HTTP POST /api/v1/auth/login responded 200 in 78.0112 ms
[23:43:11 INF] HTTP GET /api/v1/customer/account/checkout-drafts responded 200 in 8.7160 ms
[23:43:36 INF] HTTP POST /api/v1/auth/login responded 200 in 79.8048 ms
[23:43:39 INF] HTTP GET /api/v1/customer/account/preferences responded 200 in 6.1912 ms
[23:43:39 INF] HTTP GET /api/v1/customer/account/checkout-drafts responded 200 in 3.3139 ms
[23:43:39 INF] HTTP GET /api/v1/customer/account/passengers responded 200 in 4.9373 ms
[23:43:39 INF] HTTP GET /api/v1/customer/account/preferences responded 200 in 5.1051 ms
[23:43:39 INF] HTTP GET /api/v1/customer/account/passengers responded 200 in 3.6588 ms
[23:43:39 INF] HTTP GET /api/v1/customer/account/checkout-drafts responded 200 in 3.7152 ms
[23:43:39 INF] HTTP POST /api/v1/customer/account/checkout-drafts/60a9d5e1-4fe7-4696-84c5-ba6460b9acd7/resume responded 200 in 9.2823 ms
[23:43:40 INF] HTTP PUT /api/v1/customer/account/checkout-drafts responded 200 in 12.5355 ms
[23:44:05 INF] HTTP POST /api/v1/auth/login responded 200 in 131.2670 ms
[23:44:06 INF] HTTP GET /api/v1/customer/account/preferences responded 200 in 11.3028 ms
[23:44:06 INF] HTTP GET /api/v1/auth/me responded 200 in 2.8814 ms
[23:44:06 INF] HTTP GET /api/v1/customer/account/checkout-drafts responded 200 in 8.4600 ms
[23:44:06 INF] HTTP GET /api/v1/customer/account/recent-views responded 200 in 8.4669 ms
[23:44:06 INF] HTTP GET /api/v1/customer/account/recent-searches responded 200 in 8.0266 ms
[23:44:06 INF] HTTP GET /api/v1/customer/account/wishlist responded 200 in 11.0513 ms
[23:44:06 INF] HTTP GET /api/v1/customer/account/preferences responded 200 in 3.4974 ms
[23:44:06 INF] HTTP GET /api/v1/customer/orders responded 200 in 15.4473 ms
[23:44:06 INF] HTTP GET /api/v1/customer/account/wishlist responded 200 in 2.2497 ms
[23:44:06 INF] HTTP GET /api/v1/auth/me responded 200 in 2.6006 ms
[23:44:06 INF] HTTP GET /api/v1/customer/account/recent-views responded 200 in 2.8061 ms
[23:44:06 INF] HTTP GET /api/v1/customer/account/checkout-drafts responded 200 in 2.7850 ms
[23:44:06 INF] HTTP GET /api/v1/customer/account/recent-searches responded 200 in 2.5847 ms
[23:44:06 INF] HTTP GET /api/v1/customer/orders responded 200 in 4.5011 ms
[23:44:08 INF] HTTP GET /api/v1/customer/account/preferences responded 200 in 3.0817 ms
[23:44:08 INF] HTTP GET /api/v1/customer/account/preferences responded 200 in 1.5698 ms
[23:44:08 INF] HTTP GET /api/v1/customer/account/passengers responded 200 in 2.9111 ms
[23:44:08 INF] HTTP GET /api/v1/customer/account/checkout-drafts responded 200 in 5.1160 ms
[23:44:08 INF] HTTP GET /api/v1/customer/account/passengers responded 200 in 2.9132 ms
[23:44:08 INF] HTTP GET /api/v1/customer/account/checkout-drafts responded 200 in 2.9444 ms
[23:44:08 INF] HTTP POST /api/v1/customer/account/checkout-drafts/60a9d5e1-4fe7-4696-84c5-ba6460b9acd7/resume responded 200 in 9.1800 ms
[23:44:09 INF] HTTP PUT /api/v1/customer/account/checkout-drafts responded 200 in 11.6430 ms
